<?xml version="1.0" encoding="UTF-8"?>
<testsuite xmlns:xsi="http://www.w3.org/2001/XMLSchema-instance" xsi:noNamespaceSchemaLocation="https://maven.apache.org/surefire/maven-surefire-plugin/xsd/surefire-test-report.xsd" name="TestSuite" time="27.513" tests="5" errors="0" skipped="2" failures="3">
  <properties>
    <property name="sun.desktop" value="windows"/>
    <property name="awt.toolkit" value="sun.awt.windows.WToolkit"/>
    <property name="file.encoding.pkg" value="sun.io"/>
    <property name="java.specification.version" value="1.8"/>
    <property name="sun.cpu.isalist" value="amd64"/>
    <property name="sun.jnu.encoding" value="Cp1252"/>
    <property name="java.class.path" value="F:\Selenium\New folder\project\target\test-classes;F:\Selenium\New folder\project\target\classes;C:\Users\satya.SATYAM\.m2\repository\junit\junit\3.8.1\junit-3.8.1.jar;C:\Users\satya.SATYAM\.m2\repository\org\apache\maven\plugins\maven-compiler-plugin\3.8.0\maven-compiler-plugin-3.8.0.jar;C:\Users\satya.SATYAM\.m2\repository\org\apache\maven\maven-plugin-api\3.0\maven-plugin-api-3.0.jar;C:\Users\satya.SATYAM\.m2\repository\org\apache\maven\maven-model\3.0\maven-model-3.0.jar;C:\Users\satya.SATYAM\.m2\repository\org\sonatype\sisu\sisu-inject-plexus\1.4.2\sisu-inject-plexus-1.4.2.jar;C:\Users\satya.SATYAM\.m2\repository\org\sonatype\sisu\sisu-inject-bean\1.4.2\sisu-inject-bean-1.4.2.jar;C:\Users\satya.SATYAM\.m2\repository\org\sonatype\sisu\sisu-guice\2.1.7\sisu-guice-2.1.7-noaop.jar;C:\Users\satya.SATYAM\.m2\repository\org\apache\maven\maven-artifact\3.0\maven-artifact-3.0.jar;C:\Users\satya.SATYAM\.m2\repository\org\codehaus\plexus\plexus-utils\2.0.4\plexus-utils-2.0.4.jar;C:\Users\satya.SATYAM\.m2\repository\org\apache\maven\maven-core\3.0\maven-core-3.0.jar;C:\Users\satya.SATYAM\.m2\repository\org\apache\maven\maven-settings\3.0\maven-settings-3.0.jar;C:\Users\satya.SATYAM\.m2\repository\org\apache\maven\maven-settings-builder\3.0\maven-settings-builder-3.0.jar;C:\Users\satya.SATYAM\.m2\repository\org\apache\maven\maven-repository-metadata\3.0\maven-repository-metadata-3.0.jar;C:\Users\satya.SATYAM\.m2\repository\org\apache\maven\maven-model-builder\3.0\maven-model-builder-3.0.jar;C:\Users\satya.SATYAM\.m2\repository\org\apache\maven\maven-aether-provider\3.0\maven-aether-provider-3.0.jar;C:\Users\satya.SATYAM\.m2\repository\org\sonatype\aether\aether-impl\1.7\aether-impl-1.7.jar;C:\Users\satya.SATYAM\.m2\repository\org\sonatype\aether\aether-spi\1.7\aether-spi-1.7.jar;C:\Users\satya.SATYAM\.m2\repository\org\sonatype\aether\aether-api\1.7\aether-api-1.7.jar;C:\Users\satya.SATYAM\.m2\repository\org\sonatype\aether\aether-util\1.7\aether-util-1.7.jar;C:\Users\satya.SATYAM\.m2\repository\org\codehaus\plexus\plexus-interpolation\1.14\plexus-interpolation-1.14.jar;C:\Users\satya.SATYAM\.m2\repository\org\codehaus\plexus\plexus-classworlds\2.2.3\plexus-classworlds-2.2.3.jar;C:\Users\satya.SATYAM\.m2\repository\org\codehaus\plexus\plexus-component-annotations\1.5.5\plexus-component-annotations-1.5.5.jar;C:\Users\satya.SATYAM\.m2\repository\org\sonatype\plexus\plexus-sec-dispatcher\1.3\plexus-sec-dispatcher-1.3.jar;C:\Users\satya.SATYAM\.m2\repository\org\sonatype\plexus\plexus-cipher\1.4\plexus-cipher-1.4.jar;C:\Users\satya.SATYAM\.m2\repository\org\apache\maven\shared\maven-shared-utils\3.2.1\maven-shared-utils-3.2.1.jar;C:\Users\satya.SATYAM\.m2\repository\commons-io\commons-io\2.5\commons-io-2.5.jar;C:\Users\satya.SATYAM\.m2\repository\org\apache\maven\shared\maven-shared-incremental\1.1\maven-shared-incremental-1.1.jar;C:\Users\satya.SATYAM\.m2\repository\org\codehaus\plexus\plexus-java\0.9.10\plexus-java-0.9.10.jar;C:\Users\satya.SATYAM\.m2\repository\org\ow2\asm\asm\6.2\asm-6.2.jar;C:\Users\satya.SATYAM\.m2\repository\com\thoughtworks\qdox\qdox\2.0-M8\qdox-2.0-M8.jar;C:\Users\satya.SATYAM\.m2\repository\org\codehaus\plexus\plexus-compiler-api\2.8.4\plexus-compiler-api-2.8.4.jar;C:\Users\satya.SATYAM\.m2\repository\org\codehaus\plexus\plexus-compiler-manager\2.8.4\plexus-compiler-manager-2.8.4.jar;C:\Users\satya.SATYAM\.m2\repository\org\codehaus\plexus\plexus-compiler-javac\2.8.4\plexus-compiler-javac-2.8.4.jar;C:\Users\satya.SATYAM\.m2\repository\org\apache\maven\plugins\maven-surefire-plugin\2.22.0\maven-surefire-plugin-2.22.0.jar;C:\Users\satya.SATYAM\.m2\repository\org\apache\maven\surefire\maven-surefire-common\2.22.0\maven-surefire-common-2.22.0.jar;C:\Users\satya.SATYAM\.m2\repository\org\apache\maven\plugin-tools\maven-plugin-annotations\3.5\maven-plugin-annotations-3.5.jar;C:\Users\satya.SATYAM\.m2\repository\org\apache\maven\surefire\surefire-api\2.22.0\surefire-api-2.22.0.jar;C:\Users\satya.SATYAM\.m2\repository\org\apache\maven\surefire\surefire-logger-api\2.22.0\surefire-logger-api-2.22.0.jar;C:\Users\satya.SATYAM\.m2\repository\org\apache\maven\surefire\surefire-booter\2.22.0\surefire-booter-2.22.0.jar;C:\Users\satya.SATYAM\.m2\repository\org\apache\maven\maven-plugin-descriptor\2.2.1\maven-plugin-descriptor-2.2.1.jar;C:\Users\satya.SATYAM\.m2\repository\org\codehaus\plexus\plexus-container-default\1.0-alpha-9-stable-1\plexus-container-default-1.0-alpha-9-stable-1.jar;C:\Users\satya.SATYAM\.m2\repository\classworlds\classworlds\1.1-alpha-2\classworlds-1.1-alpha-2.jar;C:\Users\satya.SATYAM\.m2\repository\org\apache\maven\maven-project\2.2.1\maven-project-2.2.1.jar;C:\Users\satya.SATYAM\.m2\repository\org\apache\maven\maven-profile\2.2.1\maven-profile-2.2.1.jar;C:\Users\satya.SATYAM\.m2\repository\org\apache\maven\maven-artifact-manager\2.2.1\maven-artifact-manager-2.2.1.jar;C:\Users\satya.SATYAM\.m2\repository\org\apache\maven\wagon\wagon-provider-api\1.0-beta-6\wagon-provider-api-1.0-beta-6.jar;C:\Users\satya.SATYAM\.m2\repository\backport-util-concurrent\backport-util-concurrent\3.1\backport-util-concurrent-3.1.jar;C:\Users\satya.SATYAM\.m2\repository\org\apache\maven\maven-plugin-registry\2.2.1\maven-plugin-registry-2.2.1.jar;C:\Users\satya.SATYAM\.m2\repository\org\apache\maven\maven-toolchain\2.2.1\maven-toolchain-2.2.1.jar;C:\Users\satya.SATYAM\.m2\repository\org\testng\testng\6.8\testng-6.8.jar;C:\Users\satya.SATYAM\.m2\repository\org\beanshell\bsh\2.0b4\bsh-2.0b4.jar;C:\Users\satya.SATYAM\.m2\repository\com\beust\jcommander\1.27\jcommander-1.27.jar;C:\Users\satya.SATYAM\.m2\repository\org\yaml\snakeyaml\1.6\snakeyaml-1.6.jar;C:\Users\satya.SATYAM\.m2\repository\org\seleniumhq\selenium\selenium-java\2.53.0\selenium-java-2.53.0.jar;C:\Users\satya.SATYAM\.m2\repository\org\seleniumhq\selenium\selenium-chrome-driver\2.53.0\selenium-chrome-driver-2.53.0.jar;C:\Users\satya.SATYAM\.m2\repository\org\seleniumhq\selenium\selenium-remote-driver\2.53.0\selenium-remote-driver-2.53.0.jar;C:\Users\satya.SATYAM\.m2\repository\cglib\cglib-nodep\2.1_3\cglib-nodep-2.1_3.jar;C:\Users\satya.SATYAM\.m2\repository\com\google\code\gson\gson\2.3.1\gson-2.3.1.jar;C:\Users\satya.SATYAM\.m2\repository\org\seleniumhq\selenium\selenium-api\2.53.0\selenium-api-2.53.0.jar;C:\Users\satya.SATYAM\.m2\repository\org\apache\httpcomponents\httpclient\4.5.1\httpclient-4.5.1.jar;C:\Users\satya.SATYAM\.m2\repository\org\apache\httpcomponents\httpcore\4.4.3\httpcore-4.4.3.jar;C:\Users\satya.SATYAM\.m2\repository\commons-logging\commons-logging\1.2\commons-logging-1.2.jar;C:\Users\satya.SATYAM\.m2\repository\commons-codec\commons-codec\1.9\commons-codec-1.9.jar;C:\Users\satya.SATYAM\.m2\repository\com\google\guava\guava\19.0\guava-19.0.jar;C:\Users\satya.SATYAM\.m2\repository\org\seleniumhq\selenium\selenium-edge-driver\2.53.0\selenium-edge-driver-2.53.0.jar;C:\Users\satya.SATYAM\.m2\repository\org\apache\commons\commons-exec\1.3\commons-exec-1.3.jar;C:\Users\satya.SATYAM\.m2\repository\org\seleniumhq\selenium\selenium-firefox-driver\2.53.0\selenium-firefox-driver-2.53.0.jar;C:\Users\satya.SATYAM\.m2\repository\org\seleniumhq\selenium\selenium-ie-driver\2.53.0\selenium-ie-driver-2.53.0.jar;C:\Users\satya.SATYAM\.m2\repository\net\java\dev\jna\jna\4.1.0\jna-4.1.0.jar;C:\Users\satya.SATYAM\.m2\repository\net\java\dev\jna\jna-platform\4.1.0\jna-platform-4.1.0.jar;C:\Users\satya.SATYAM\.m2\repository\org\seleniumhq\selenium\selenium-safari-driver\2.53.0\selenium-safari-driver-2.53.0.jar;C:\Users\satya.SATYAM\.m2\repository\io\netty\netty\3.5.7.Final\netty-3.5.7.Final.jar;C:\Users\satya.SATYAM\.m2\repository\org\seleniumhq\selenium\selenium-support\2.53.0\selenium-support-2.53.0.jar;C:\Users\satya.SATYAM\.m2\repository\org\seleniumhq\selenium\selenium-leg-rc\2.53.0\selenium-leg-rc-2.53.0.jar;C:\Users\satya.SATYAM\.m2\repository\com\relevantcodes\extentreports\2.41.2\extentreports-2.41.2.jar;C:\Users\satya.SATYAM\.m2\repository\org\jsoup\jsoup\1.8.3\jsoup-1.8.3.jar;C:\Users\satya.SATYAM\.m2\repository\org\xerial\sqlite-jdbc\3.8.11.1\sqlite-jdbc-3.8.11.1.jar;C:\Users\satya.SATYAM\.m2\repository\org\freemarker\freemarker\2.3.23\freemarker-2.3.23.jar;C:\Users\satya.SATYAM\.m2\repository\org\mongodb\mongodb-driver\3.0.4\mongodb-driver-3.0.4.jar;C:\Users\satya.SATYAM\.m2\repository\org\mongodb\bson\3.0.4\bson-3.0.4.jar;C:\Users\satya.SATYAM\.m2\repository\org\mongodb\mongodb-driver-core\3.0.4\mongodb-driver-core-3.0.4.jar;C:\Users\satya.SATYAM\.m2\repository\log4j\log4j\1.2.17\log4j-1.2.17.jar;C:\Users\satya.SATYAM\.m2\repository\org\apache\maven\surefire\surefire-testng-utils\2.22.0\surefire-testng-utils-2.22.0.jar;C:\Users\satya.SATYAM\.m2\repository\org\apache\maven\surefire\surefire-grouper\2.22.0\surefire-grouper-2.22.0.jar;"/>
    <property name="java.vm.vendor" value="Oracle Corporation"/>
    <property name="sun.arch.data.model" value="64"/>
    <property name="user.variant" value=""/>
    <property name="java.vendor.url" value="http://java.oracle.com/"/>
    <property name="user.timezone" value="Asia/Calcutta"/>
    <property name="java.vm.specification.version" value="1.8"/>
    <property name="os.name" value="Windows 10"/>
    <property name="user.country" value="IN"/>
    <property name="sun.java.launcher" value="SUN_STANDARD"/>
    <property name="sun.boot.library.path" value="C:\Program Files\Java\jdk1.8.0_131\jre\bin"/>
    <property name="sun.java.command" value="C:\Users\SATYA~1.SAT\AppData\Local\Temp\surefire7746226820232852058\surefirebooter8281429712118795122.jar C:\Users\satya.SATYAM\AppData\Local\Temp\surefire7746226820232852058 2018-08-15T18-17-25_087-jvmRun1 surefire6664747553418931090tmp surefire_06952498764308522877tmp"/>
    <property name="surefire.test.class.path" value="F:\Selenium\New folder\project\target\test-classes;F:\Selenium\New folder\project\target\classes;C:\Users\satya.SATYAM\.m2\repository\junit\junit\3.8.1\junit-3.8.1.jar;C:\Users\satya.SATYAM\.m2\repository\org\apache\maven\plugins\maven-compiler-plugin\3.8.0\maven-compiler-plugin-3.8.0.jar;C:\Users\satya.SATYAM\.m2\repository\org\apache\maven\maven-plugin-api\3.0\maven-plugin-api-3.0.jar;C:\Users\satya.SATYAM\.m2\repository\org\apache\maven\maven-model\3.0\maven-model-3.0.jar;C:\Users\satya.SATYAM\.m2\repository\org\sonatype\sisu\sisu-inject-plexus\1.4.2\sisu-inject-plexus-1.4.2.jar;C:\Users\satya.SATYAM\.m2\repository\org\sonatype\sisu\sisu-inject-bean\1.4.2\sisu-inject-bean-1.4.2.jar;C:\Users\satya.SATYAM\.m2\repository\org\sonatype\sisu\sisu-guice\2.1.7\sisu-guice-2.1.7-noaop.jar;C:\Users\satya.SATYAM\.m2\repository\org\apache\maven\maven-artifact\3.0\maven-artifact-3.0.jar;C:\Users\satya.SATYAM\.m2\repository\org\codehaus\plexus\plexus-utils\2.0.4\plexus-utils-2.0.4.jar;C:\Users\satya.SATYAM\.m2\repository\org\apache\maven\maven-core\3.0\maven-core-3.0.jar;C:\Users\satya.SATYAM\.m2\repository\org\apache\maven\maven-settings\3.0\maven-settings-3.0.jar;C:\Users\satya.SATYAM\.m2\repository\org\apache\maven\maven-settings-builder\3.0\maven-settings-builder-3.0.jar;C:\Users\satya.SATYAM\.m2\repository\org\apache\maven\maven-repository-metadata\3.0\maven-repository-metadata-3.0.jar;C:\Users\satya.SATYAM\.m2\repository\org\apache\maven\maven-model-builder\3.0\maven-model-builder-3.0.jar;C:\Users\satya.SATYAM\.m2\repository\org\apache\maven\maven-aether-provider\3.0\maven-aether-provider-3.0.jar;C:\Users\satya.SATYAM\.m2\repository\org\sonatype\aether\aether-impl\1.7\aether-impl-1.7.jar;C:\Users\satya.SATYAM\.m2\repository\org\sonatype\aether\aether-spi\1.7\aether-spi-1.7.jar;C:\Users\satya.SATYAM\.m2\repository\org\sonatype\aether\aether-api\1.7\aether-api-1.7.jar;C:\Users\satya.SATYAM\.m2\repository\org\sonatype\aether\aether-util\1.7\aether-util-1.7.jar;C:\Users\satya.SATYAM\.m2\repository\org\codehaus\plexus\plexus-interpolation\1.14\plexus-interpolation-1.14.jar;C:\Users\satya.SATYAM\.m2\repository\org\codehaus\plexus\plexus-classworlds\2.2.3\plexus-classworlds-2.2.3.jar;C:\Users\satya.SATYAM\.m2\repository\org\codehaus\plexus\plexus-component-annotations\1.5.5\plexus-component-annotations-1.5.5.jar;C:\Users\satya.SATYAM\.m2\repository\org\sonatype\plexus\plexus-sec-dispatcher\1.3\plexus-sec-dispatcher-1.3.jar;C:\Users\satya.SATYAM\.m2\repository\org\sonatype\plexus\plexus-cipher\1.4\plexus-cipher-1.4.jar;C:\Users\satya.SATYAM\.m2\repository\org\apache\maven\shared\maven-shared-utils\3.2.1\maven-shared-utils-3.2.1.jar;C:\Users\satya.SATYAM\.m2\repository\commons-io\commons-io\2.5\commons-io-2.5.jar;C:\Users\satya.SATYAM\.m2\repository\org\apache\maven\shared\maven-shared-incremental\1.1\maven-shared-incremental-1.1.jar;C:\Users\satya.SATYAM\.m2\repository\org\codehaus\plexus\plexus-java\0.9.10\plexus-java-0.9.10.jar;C:\Users\satya.SATYAM\.m2\repository\org\ow2\asm\asm\6.2\asm-6.2.jar;C:\Users\satya.SATYAM\.m2\repository\com\thoughtworks\qdox\qdox\2.0-M8\qdox-2.0-M8.jar;C:\Users\satya.SATYAM\.m2\repository\org\codehaus\plexus\plexus-compiler-api\2.8.4\plexus-compiler-api-2.8.4.jar;C:\Users\satya.SATYAM\.m2\repository\org\codehaus\plexus\plexus-compiler-manager\2.8.4\plexus-compiler-manager-2.8.4.jar;C:\Users\satya.SATYAM\.m2\repository\org\codehaus\plexus\plexus-compiler-javac\2.8.4\plexus-compiler-javac-2.8.4.jar;C:\Users\satya.SATYAM\.m2\repository\org\apache\maven\plugins\maven-surefire-plugin\2.22.0\maven-surefire-plugin-2.22.0.jar;C:\Users\satya.SATYAM\.m2\repository\org\apache\maven\surefire\maven-surefire-common\2.22.0\maven-surefire-common-2.22.0.jar;C:\Users\satya.SATYAM\.m2\repository\org\apache\maven\plugin-tools\maven-plugin-annotations\3.5\maven-plugin-annotations-3.5.jar;C:\Users\satya.SATYAM\.m2\repository\org\apache\maven\surefire\surefire-api\2.22.0\surefire-api-2.22.0.jar;C:\Users\satya.SATYAM\.m2\repository\org\apache\maven\surefire\surefire-logger-api\2.22.0\surefire-logger-api-2.22.0.jar;C:\Users\satya.SATYAM\.m2\repository\org\apache\maven\surefire\surefire-booter\2.22.0\surefire-booter-2.22.0.jar;C:\Users\satya.SATYAM\.m2\repository\org\apache\maven\maven-plugin-descriptor\2.2.1\maven-plugin-descriptor-2.2.1.jar;C:\Users\satya.SATYAM\.m2\repository\org\codehaus\plexus\plexus-container-default\1.0-alpha-9-stable-1\plexus-container-default-1.0-alpha-9-stable-1.jar;C:\Users\satya.SATYAM\.m2\repository\classworlds\classworlds\1.1-alpha-2\classworlds-1.1-alpha-2.jar;C:\Users\satya.SATYAM\.m2\repository\org\apache\maven\maven-project\2.2.1\maven-project-2.2.1.jar;C:\Users\satya.SATYAM\.m2\repository\org\apache\maven\maven-profile\2.2.1\maven-profile-2.2.1.jar;C:\Users\satya.SATYAM\.m2\repository\org\apache\maven\maven-artifact-manager\2.2.1\maven-artifact-manager-2.2.1.jar;C:\Users\satya.SATYAM\.m2\repository\org\apache\maven\wagon\wagon-provider-api\1.0-beta-6\wagon-provider-api-1.0-beta-6.jar;C:\Users\satya.SATYAM\.m2\repository\backport-util-concurrent\backport-util-concurrent\3.1\backport-util-concurrent-3.1.jar;C:\Users\satya.SATYAM\.m2\repository\org\apache\maven\maven-plugin-registry\2.2.1\maven-plugin-registry-2.2.1.jar;C:\Users\satya.SATYAM\.m2\repository\org\apache\maven\maven-toolchain\2.2.1\maven-toolchain-2.2.1.jar;C:\Users\satya.SATYAM\.m2\repository\org\testng\testng\6.8\testng-6.8.jar;C:\Users\satya.SATYAM\.m2\repository\org\beanshell\bsh\2.0b4\bsh-2.0b4.jar;C:\Users\satya.SATYAM\.m2\repository\com\beust\jcommander\1.27\jcommander-1.27.jar;C:\Users\satya.SATYAM\.m2\repository\org\yaml\snakeyaml\1.6\snakeyaml-1.6.jar;C:\Users\satya.SATYAM\.m2\repository\org\seleniumhq\selenium\selenium-java\2.53.0\selenium-java-2.53.0.jar;C:\Users\satya.SATYAM\.m2\repository\org\seleniumhq\selenium\selenium-chrome-driver\2.53.0\selenium-chrome-driver-2.53.0.jar;C:\Users\satya.SATYAM\.m2\repository\org\seleniumhq\selenium\selenium-remote-driver\2.53.0\selenium-remote-driver-2.53.0.jar;C:\Users\satya.SATYAM\.m2\repository\cglib\cglib-nodep\2.1_3\cglib-nodep-2.1_3.jar;C:\Users\satya.SATYAM\.m2\repository\com\google\code\gson\gson\2.3.1\gson-2.3.1.jar;C:\Users\satya.SATYAM\.m2\repository\org\seleniumhq\selenium\selenium-api\2.53.0\selenium-api-2.53.0.jar;C:\Users\satya.SATYAM\.m2\repository\org\apache\httpcomponents\httpclient\4.5.1\httpclient-4.5.1.jar;C:\Users\satya.SATYAM\.m2\repository\org\apache\httpcomponents\httpcore\4.4.3\httpcore-4.4.3.jar;C:\Users\satya.SATYAM\.m2\repository\commons-logging\commons-logging\1.2\commons-logging-1.2.jar;C:\Users\satya.SATYAM\.m2\repository\commons-codec\commons-codec\1.9\commons-codec-1.9.jar;C:\Users\satya.SATYAM\.m2\repository\com\google\guava\guava\19.0\guava-19.0.jar;C:\Users\satya.SATYAM\.m2\repository\org\seleniumhq\selenium\selenium-edge-driver\2.53.0\selenium-edge-driver-2.53.0.jar;C:\Users\satya.SATYAM\.m2\repository\org\apache\commons\commons-exec\1.3\commons-exec-1.3.jar;C:\Users\satya.SATYAM\.m2\repository\org\seleniumhq\selenium\selenium-firefox-driver\2.53.0\selenium-firefox-driver-2.53.0.jar;C:\Users\satya.SATYAM\.m2\repository\org\seleniumhq\selenium\selenium-ie-driver\2.53.0\selenium-ie-driver-2.53.0.jar;C:\Users\satya.SATYAM\.m2\repository\net\java\dev\jna\jna\4.1.0\jna-4.1.0.jar;C:\Users\satya.SATYAM\.m2\repository\net\java\dev\jna\jna-platform\4.1.0\jna-platform-4.1.0.jar;C:\Users\satya.SATYAM\.m2\repository\org\seleniumhq\selenium\selenium-safari-driver\2.53.0\selenium-safari-driver-2.53.0.jar;C:\Users\satya.SATYAM\.m2\repository\io\netty\netty\3.5.7.Final\netty-3.5.7.Final.jar;C:\Users\satya.SATYAM\.m2\repository\org\seleniumhq\selenium\selenium-support\2.53.0\selenium-support-2.53.0.jar;C:\Users\satya.SATYAM\.m2\repository\org\seleniumhq\selenium\selenium-leg-rc\2.53.0\selenium-leg-rc-2.53.0.jar;C:\Users\satya.SATYAM\.m2\repository\com\relevantcodes\extentreports\2.41.2\extentreports-2.41.2.jar;C:\Users\satya.SATYAM\.m2\repository\org\jsoup\jsoup\1.8.3\jsoup-1.8.3.jar;C:\Users\satya.SATYAM\.m2\repository\org\xerial\sqlite-jdbc\3.8.11.1\sqlite-jdbc-3.8.11.1.jar;C:\Users\satya.SATYAM\.m2\repository\org\freemarker\freemarker\2.3.23\freemarker-2.3.23.jar;C:\Users\satya.SATYAM\.m2\repository\org\mongodb\mongodb-driver\3.0.4\mongodb-driver-3.0.4.jar;C:\Users\satya.SATYAM\.m2\repository\org\mongodb\bson\3.0.4\bson-3.0.4.jar;C:\Users\satya.SATYAM\.m2\repository\org\mongodb\mongodb-driver-core\3.0.4\mongodb-driver-core-3.0.4.jar;C:\Users\satya.SATYAM\.m2\repository\log4j\log4j\1.2.17\log4j-1.2.17.jar;C:\Users\satya.SATYAM\.m2\repository\org\apache\maven\surefire\surefire-testng-utils\2.22.0\surefire-testng-utils-2.22.0.jar;C:\Users\satya.SATYAM\.m2\repository\org\apache\maven\surefire\surefire-grouper\2.22.0\surefire-grouper-2.22.0.jar;"/>
    <property name="sun.cpu.endian" value="little"/>
    <property name="user.home" value="C:\Users\satya.SATYAM"/>
    <property name="user.language" value="en"/>
    <property name="java.specification.vendor" value="Oracle Corporation"/>
    <property name="java.home" value="C:\Program Files\Java\jdk1.8.0_131\jre"/>
    <property name="basedir" value="F:\Selenium\New folder\project"/>
    <property name="file.separator" value="\"/>
    <property name="line.separator" value="&#10;"/>
    <property name="java.vm.specification.vendor" value="Oracle Corporation"/>
    <property name="java.specification.name" value="Java Platform API Specification"/>
    <property name="java.awt.graphicsenv" value="sun.awt.Win32GraphicsEnvironment"/>
    <property name="surefire.real.class.path" value="C:\Users\SATYA~1.SAT\AppData\Local\Temp\surefire7746226820232852058\surefirebooter8281429712118795122.jar"/>
    <property name="sun.boot.class.path" value="C:\Program Files\Java\jdk1.8.0_131\jre\lib\resources.jar;C:\Program Files\Java\jdk1.8.0_131\jre\lib\rt.jar;C:\Program Files\Java\jdk1.8.0_131\jre\lib\sunrsasign.jar;C:\Program Files\Java\jdk1.8.0_131\jre\lib\jsse.jar;C:\Program Files\Java\jdk1.8.0_131\jre\lib\jce.jar;C:\Program Files\Java\jdk1.8.0_131\jre\lib\charsets.jar;C:\Program Files\Java\jdk1.8.0_131\jre\lib\jfr.jar;C:\Program Files\Java\jdk1.8.0_131\jre\classes"/>
    <property name="user.script" value=""/>
    <property name="sun.management.compiler" value="HotSpot 64-Bit Tiered Compilers"/>
    <property name="java.runtime.version" value="1.8.0_131-b11"/>
    <property name="user.name" value="satya"/>
    <property name="path.separator" value=";"/>
    <property name="os.version" value="10.0"/>
    <property name="java.endorsed.dirs" value="C:\Program Files\Java\jdk1.8.0_131\jre\lib\endorsed"/>
    <property name="java.runtime.name" value="Java(TM) SE Runtime Environment"/>
    <property name="file.encoding" value="Cp1252"/>
    <property name="java.vm.name" value="Java HotSpot(TM) 64-Bit Server VM"/>
    <property name="localRepository" value="C:\Users\satya.SATYAM\.m2\repository"/>
    <property name="java.vendor.url.bug" value="http://bugreport.sun.com/bugreport/"/>
    <property name="java.io.tmpdir" value="C:\Users\SATYA~1.SAT\AppData\Local\Temp\"/>
    <property name="java.version" value="1.8.0_131"/>
    <property name="user.dir" value="F:\Selenium\New folder\project"/>
    <property name="os.arch" value="amd64"/>
    <property name="java.vm.specification.name" value="Java Virtual Machine Specification"/>
    <property name="java.awt.printerjob" value="sun.awt.windows.WPrinterJob"/>
    <property name="sun.os.patch.level" value=""/>
    <property name="java.library.path" value="C:\Program Files\Java\jdk1.8.0_131\jre\bin;C:\WINDOWS\Sun\Java\bin;C:\WINDOWS\system32;C:\WINDOWS;C:/Program Files/Java/jre1.8.0_171/bin/server;C:/Program Files/Java/jre1.8.0_171/bin;C:/Program Files/Java/jre1.8.0_171/lib/amd64;C:\Program Files (x86)\Common Files\Oracle\Java\javapath;C:\ProgramData\Oracle\Java\javapath;C:\Program Files (x86)\Intel\iCLS Client\;C:\Program Files\Intel\iCLS Client\;C:\windows\system32;C:\windows;C:\windows\System32\Wbem;C:\windows\System32\WindowsPowerShell\v1.0\;C:\Program Files (x86)\NVIDIA Corporation\PhysX\Common;C:\WINDOWS\system32;C:\WINDOWS;C:\WINDOWS\System32\Wbem;C:\WINDOWS\System32\WindowsPowerShell\v1.0\;C:\Program Files (x86)\Intel\Intel(R) Management Engine Components\DAL;C:\Program Files\Intel\Intel(R) Management Engine Components\DAL;C:\Program Files (x86)\Intel\Intel(R) Management Engine Components\IPT;C:\Program Files\Intel\Intel(R) Management Engine Components\IPT;C:\Program Files (x86)\Microsoft SQL Server\Client SDK\ODBC\130\Tools\Binn\;C:\Program Files (x86)\Microsoft SQL Server\140\Tools\Binn\;C:\Program Files (x86)\Microsoft SQL Server\140\DTS\Binn\;C:\Program Files (x86)\Microsoft SQL Server\140\Tools\Binn\ManagementStudio\;C:\Program Files\Microsoft SQL Server\Client SDK\ODBC\130\Tools\Binn\;C:\Program Files\Microsoft SQL Server\140\Tools\Binn\;C:\Program Files\Microsoft SQL Server\140\DTS\Binn\;C:\WINDOWS\System32\OpenSSH\;F:\Selenium related Application\apache-maven-3.5.4-bin\apache-maven-3.5.4\bin;C:\Program Files\Java\jdk1.8.0_131\bin;C:\Program Files\Git\cmd;C:\Users\satya.SATYAM\AppData\Local\Microsoft\WindowsApps;;F:\Selenium related Application\eclipse-jee-mars-R-win32-x86_64\eclipse;;."/>
    <property name="java.vm.info" value="mixed mode"/>
    <property name="java.vendor" value="Oracle Corporation"/>
    <property name="java.vm.version" value="25.131-b11"/>
    <property name="java.ext.dirs" value="C:\Program Files\Java\jdk1.8.0_131\jre\lib\ext;C:\WINDOWS\Sun\Java\lib\ext"/>
    <property name="sun.io.unicode.encoding" value="UnicodeLittle"/>
    <property name="java.class.version" value="52.0"/>
  </properties>
  <testcase name="setup" classname="project.HomePageTest" time="3.905">
    <failure message="stale element reference: element is not attached to the page document&#10;  (Session info: chrome=68.0.3440.106)&#10;  (Driver info: chromedriver=2.41.578737 (49da6702b16031c40d63e5618de03a32ff6c197e),platform=Windows NT 10.0.17134 x86_64) (WARNING: The server did not provide any stacktrace information)&#10;Command duration or timeout: 2.86 seconds&#10;For documentation on this error, please visit: http://seleniumhq.org/exceptions/stale_element_reference.html&#10;Build info: version: &apos;2.53.0&apos;, revision: &apos;35ae25b1534ae328c771e0856c93e187490ca824&apos;, time: &apos;2016-03-15 10:43:46&apos;&#10;System info: host: &apos;Satyam&apos;, ip: &apos;192.168.0.103&apos;, os.name: &apos;Windows 10&apos;, os.arch: &apos;amd64&apos;, os.version: &apos;10.0&apos;, java.version: &apos;1.8.0_131&apos;&#10;Driver info: org.openqa.selenium.chrome.ChromeDriver&#10;Capabilities [{mobileEmulationEnabled=false, hasTouchScreen=false, platform=XP, acceptSslCerts=false, goog:chromeOptions={debuggerAddress=localhost:51278}, acceptInsecureCerts=false, webStorageEnabled=true, browserName=chrome, takesScreenshot=true, javascriptEnabled=true, setWindowRect=true, unexpectedAlertBehaviour=, applicationCacheEnabled=false, rotatable=false, networkConnectionEnabled=false, chrome={chromedriverVersion=2.41.578737 (49da6702b16031c40d63e5618de03a32ff6c197e), userDataDir=C:\Users\SATYA~1.SAT\AppData\Local\Temp\scoped_dir21856_6493}, takesHeapSnapshot=true, pageLoadStrategy=normal, databaseEnabled=false, handlesAlerts=true, version=68.0.3440.106, browserConnectionEnabled=false, nativeEvents=true, locationContextEnabled=true, cssSelectorsEnabled=true}]&#10;Session ID: 157f7deaf4458e539c1c340fc0975aa2" type="org.openqa.selenium.StaleElementReferenceException">org.openqa.selenium.StaleElementReferenceException: 
stale element reference: element is not attached to the page document
  (Session info: chrome=68.0.3440.106)
  (Driver info: chromedriver=2.41.578737 (49da6702b16031c40d63e5618de03a32ff6c197e),platform=Windows NT 10.0.17134 x86_64) (WARNING: The server did not provide any stacktrace information)
Command duration or timeout: 2.86 seconds
For documentation on this error, please visit: http://seleniumhq.org/exceptions/stale_element_reference.html
Build info: version: '2.53.0', revision: '35ae25b1534ae328c771e0856c93e187490ca824', time: '2016-03-15 10:43:46'
System info: host: 'Satyam', ip: '192.168.0.103', os.name: 'Windows 10', os.arch: 'amd64', os.version: '10.0', java.version: '1.8.0_131'
Driver info: org.openqa.selenium.chrome.ChromeDriver
Capabilities [{mobileEmulationEnabled=false, hasTouchScreen=false, platform=XP, acceptSslCerts=false, goog:chromeOptions={debuggerAddress=localhost:51278}, acceptInsecureCerts=false, webStorageEnabled=true, browserName=chrome, takesScreenshot=true, javascriptEnabled=true, setWindowRect=true, unexpectedAlertBehaviour=, applicationCacheEnabled=false, rotatable=false, networkConnectionEnabled=false, chrome={chromedriverVersion=2.41.578737 (49da6702b16031c40d63e5618de03a32ff6c197e), userDataDir=C:\Users\SATYA~1.SAT\AppData\Local\Temp\scoped_dir21856_6493}, takesHeapSnapshot=true, pageLoadStrategy=normal, databaseEnabled=false, handlesAlerts=true, version=68.0.3440.106, browserConnectionEnabled=false, nativeEvents=true, locationContextEnabled=true, cssSelectorsEnabled=true}]
Session ID: 157f7deaf4458e539c1c340fc0975aa2
	at project.HomePageTest.setup(HomePageTest.java:25)
</failure>
    <system-out><![CDATA[08-15-2018 18:17:28 RequestAddCookies.java DEBUG [Forwarding newSession on session null to remote] protocol.RequestAddCookies 122 - CookieSpec selected: default
08-15-2018 18:17:28 RequestAddCookies.java DEBUG [Forwarding newSession on session null to remote] protocol.RequestAddCookies 122 - CookieSpec selected: default
08-15-2018 18:17:29 RequestAuthCache.java DEBUG [Forwarding newSession on session null to remote] protocol.RequestAuthCache 76 - Auth cache not set in the context
08-15-2018 18:17:29 RequestAuthCache.java DEBUG [Forwarding newSession on session null to remote] protocol.RequestAuthCache 76 - Auth cache not set in the context
08-15-2018 18:17:29 PoolingHttpClientConnectionManager.java DEBUG [Forwarding newSession on session null to remote] conn.PoolingHttpClientConnectionManager 249 - Connection request: [route: {}->http://localhost:27930][total kept alive: 0; route allocated: 0 of 2000; total allocated: 0 of 2000]
08-15-2018 18:17:29 PoolingHttpClientConnectionManager.java DEBUG [Forwarding newSession on session null to remote] conn.PoolingHttpClientConnectionManager 249 - Connection request: [route: {}->http://localhost:7334][total kept alive: 0; route allocated: 0 of 2000; total allocated: 0 of 2000]
08-15-2018 18:17:29 PoolingHttpClientConnectionManager.java DEBUG [Forwarding newSession on session null to remote] conn.PoolingHttpClientConnectionManager 282 - Connection leased: [id: 0][route: {}->http://localhost:27930][total kept alive: 0; route allocated: 1 of 2000; total allocated: 2 of 2000]
08-15-2018 18:17:29 PoolingHttpClientConnectionManager.java DEBUG [Forwarding newSession on session null to remote] conn.PoolingHttpClientConnectionManager 282 - Connection leased: [id: 1][route: {}->http://localhost:7334][total kept alive: 0; route allocated: 1 of 2000; total allocated: 2 of 2000]
08-15-2018 18:17:29 MainClientExec.java DEBUG [Forwarding newSession on session null to remote] execchain.MainClientExec 234 - Opening connection {}->http://localhost:7334
08-15-2018 18:17:29 MainClientExec.java DEBUG [Forwarding newSession on session null to remote] execchain.MainClientExec 234 - Opening connection {}->http://localhost:27930
08-15-2018 18:17:29 DefaultHttpClientConnectionOperator.java DEBUG [Forwarding newSession on session null to remote] conn.DefaultHttpClientConnectionOperator 131 - Connecting to localhost/127.0.0.1:27930
08-15-2018 18:17:29 DefaultHttpClientConnectionOperator.java DEBUG [Forwarding newSession on session null to remote] conn.DefaultHttpClientConnectionOperator 131 - Connecting to localhost/127.0.0.1:7334
08-15-2018 18:17:29 DefaultHttpClientConnectionOperator.java DEBUG [Forwarding newSession on session null to remote] conn.DefaultHttpClientConnectionOperator 138 - Connection established 127.0.0.1:51273<->127.0.0.1:27930
08-15-2018 18:17:29 LoggingManagedHttpClientConnection.java DEBUG [Forwarding newSession on session null to remote] conn.DefaultManagedHttpClientConnection 90 - http-outgoing-0: set socket timeout to 10800000
08-15-2018 18:17:29 DefaultHttpClientConnectionOperator.java DEBUG [Forwarding newSession on session null to remote] conn.DefaultHttpClientConnectionOperator 138 - Connection established 127.0.0.1:51274<->127.0.0.1:7334
08-15-2018 18:17:29 MainClientExec.java DEBUG [Forwarding newSession on session null to remote] execchain.MainClientExec 255 - Executing request POST /session HTTP/1.1
08-15-2018 18:17:29 LoggingManagedHttpClientConnection.java DEBUG [Forwarding newSession on session null to remote] conn.DefaultManagedHttpClientConnection 90 - http-outgoing-1: set socket timeout to 10800000
08-15-2018 18:17:29 MainClientExec.java DEBUG [Forwarding newSession on session null to remote] execchain.MainClientExec 260 - Target auth state: UNCHALLENGED
08-15-2018 18:17:29 MainClientExec.java DEBUG [Forwarding newSession on session null to remote] execchain.MainClientExec 255 - Executing request POST /session HTTP/1.1
08-15-2018 18:17:29 MainClientExec.java DEBUG [Forwarding newSession on session null to remote] execchain.MainClientExec 260 - Target auth state: UNCHALLENGED
08-15-2018 18:17:29 MainClientExec.java DEBUG [Forwarding newSession on session null to remote] execchain.MainClientExec 266 - Proxy auth state: UNCHALLENGED
08-15-2018 18:17:29 MainClientExec.java DEBUG [Forwarding newSession on session null to remote] execchain.MainClientExec 266 - Proxy auth state: UNCHALLENGED
08-15-2018 18:17:29 LoggingManagedHttpClientConnection.java DEBUG [Forwarding newSession on session null to remote] http.headers 135 - http-outgoing-1 >> POST /session HTTP/1.1
08-15-2018 18:17:29 LoggingManagedHttpClientConnection.java DEBUG [Forwarding newSession on session null to remote] http.headers 138 - http-outgoing-1 >> Content-Type: application/json; charset=utf-8
08-15-2018 18:17:29 LoggingManagedHttpClientConnection.java DEBUG [Forwarding newSession on session null to remote] http.headers 138 - http-outgoing-1 >> Content-Length: 122
08-15-2018 18:17:29 LoggingManagedHttpClientConnection.java DEBUG [Forwarding newSession on session null to remote] http.headers 138 - http-outgoing-1 >> Host: localhost:7334
08-15-2018 18:17:29 LoggingManagedHttpClientConnection.java DEBUG [Forwarding newSession on session null to remote] http.headers 138 - http-outgoing-1 >> Connection: Keep-Alive
08-15-2018 18:17:29 LoggingManagedHttpClientConnection.java DEBUG [Forwarding newSession on session null to remote] http.headers 138 - http-outgoing-1 >> User-Agent: Apache-HttpClient/4.5.1 (Java/1.8.0_131)
08-15-2018 18:17:29 LoggingManagedHttpClientConnection.java DEBUG [Forwarding newSession on session null to remote] http.headers 138 - http-outgoing-1 >> Accept-Encoding: gzip,deflate
08-15-2018 18:17:29 Wire.java DEBUG [Forwarding newSession on session null to remote] http.wire 72 - http-outgoing-1 >> "POST /session HTTP/1.1[\r][\n]"
08-15-2018 18:17:29 Wire.java DEBUG [Forwarding newSession on session null to remote] http.wire 72 - http-outgoing-1 >> "Content-Type: application/json; charset=utf-8[\r][\n]"
08-15-2018 18:17:29 Wire.java DEBUG [Forwarding newSession on session null to remote] http.wire 72 - http-outgoing-1 >> "Content-Length: 122[\r][\n]"
08-15-2018 18:17:29 Wire.java DEBUG [Forwarding newSession on session null to remote] http.wire 72 - http-outgoing-1 >> "Host: localhost:7334[\r][\n]"
08-15-2018 18:17:29 LoggingManagedHttpClientConnection.java DEBUG [Forwarding newSession on session null to remote] http.headers 135 - http-outgoing-0 >> POST /session HTTP/1.1
08-15-2018 18:17:29 LoggingManagedHttpClientConnection.java DEBUG [Forwarding newSession on session null to remote] http.headers 138 - http-outgoing-0 >> Content-Type: application/json; charset=utf-8
08-15-2018 18:17:29 LoggingManagedHttpClientConnection.java DEBUG [Forwarding newSession on session null to remote] http.headers 138 - http-outgoing-0 >> Content-Length: 122
08-15-2018 18:17:29 Wire.java DEBUG [Forwarding newSession on session null to remote] http.wire 72 - http-outgoing-1 >> "Connection: Keep-Alive[\r][\n]"
08-15-2018 18:17:29 Wire.java DEBUG [Forwarding newSession on session null to remote] http.wire 72 - http-outgoing-1 >> "User-Agent: Apache-HttpClient/4.5.1 (Java/1.8.0_131)[\r][\n]"
08-15-2018 18:17:29 LoggingManagedHttpClientConnection.java DEBUG [Forwarding newSession on session null to remote] http.headers 138 - http-outgoing-0 >> Host: localhost:27930
08-15-2018 18:17:29 Wire.java DEBUG [Forwarding newSession on session null to remote] http.wire 72 - http-outgoing-1 >> "Accept-Encoding: gzip,deflate[\r][\n]"
08-15-2018 18:17:29 LoggingManagedHttpClientConnection.java DEBUG [Forwarding newSession on session null to remote] http.headers 138 - http-outgoing-0 >> Connection: Keep-Alive
08-15-2018 18:17:29 LoggingManagedHttpClientConnection.java DEBUG [Forwarding newSession on session null to remote] http.headers 138 - http-outgoing-0 >> User-Agent: Apache-HttpClient/4.5.1 (Java/1.8.0_131)
08-15-2018 18:17:29 LoggingManagedHttpClientConnection.java DEBUG [Forwarding newSession on session null to remote] http.headers 138 - http-outgoing-0 >> Accept-Encoding: gzip,deflate
08-15-2018 18:17:29 Wire.java DEBUG [Forwarding newSession on session null to remote] http.wire 72 - http-outgoing-0 >> "POST /session HTTP/1.1[\r][\n]"
08-15-2018 18:17:29 Wire.java DEBUG [Forwarding newSession on session null to remote] http.wire 72 - http-outgoing-0 >> "Content-Type: application/json; charset=utf-8[\r][\n]"
08-15-2018 18:17:29 Wire.java DEBUG [Forwarding newSession on session null to remote] http.wire 72 - http-outgoing-0 >> "Content-Length: 122[\r][\n]"
08-15-2018 18:17:29 Wire.java DEBUG [Forwarding newSession on session null to remote] http.wire 72 - http-outgoing-0 >> "Host: localhost:27930[\r][\n]"
08-15-2018 18:17:29 Wire.java DEBUG [Forwarding newSession on session null to remote] http.wire 72 - http-outgoing-0 >> "Connection: Keep-Alive[\r][\n]"
08-15-2018 18:17:29 Wire.java DEBUG [Forwarding newSession on session null to remote] http.wire 72 - http-outgoing-0 >> "User-Agent: Apache-HttpClient/4.5.1 (Java/1.8.0_131)[\r][\n]"
08-15-2018 18:17:29 Wire.java DEBUG [Forwarding newSession on session null to remote] http.wire 72 - http-outgoing-0 >> "Accept-Encoding: gzip,deflate[\r][\n]"
08-15-2018 18:17:29 Wire.java DEBUG [Forwarding newSession on session null to remote] http.wire 72 - http-outgoing-0 >> "[\r][\n]"
08-15-2018 18:17:29 Wire.java DEBUG [Forwarding newSession on session null to remote] http.wire 86 - http-outgoing-0 >> "{"desiredCapabilities":{"browserName":"chrome","chromeOptions":{"args":[],"extensions":[]},"version":"","platform":"ANY"}}"
08-15-2018 18:17:29 Wire.java DEBUG [Forwarding newSession on session null to remote] http.wire 72 - http-outgoing-1 >> "[\r][\n]"
08-15-2018 18:17:29 Wire.java DEBUG [Forwarding newSession on session null to remote] http.wire 86 - http-outgoing-1 >> "{"desiredCapabilities":{"browserName":"chrome","chromeOptions":{"args":[],"extensions":[]},"version":"","platform":"ANY"}}"
08-15-2018 18:17:31 Wire.java DEBUG [Forwarding newSession on session null to remote] http.wire 72 - http-outgoing-0 << "HTTP/1.1 200 OK[\r][\n]"
08-15-2018 18:17:31 Wire.java DEBUG [Forwarding newSession on session null to remote] http.wire 72 - http-outgoing-0 << "Content-Length:895[\r][\n]"
08-15-2018 18:17:31 Wire.java DEBUG [Forwarding newSession on session null to remote] http.wire 72 - http-outgoing-0 << "Content-Type:application/json; charset=utf-8[\r][\n]"
08-15-2018 18:17:31 Wire.java DEBUG [Forwarding newSession on session null to remote] http.wire 72 - http-outgoing-0 << "[\r][\n]"
08-15-2018 18:17:31 Wire.java DEBUG [Forwarding newSession on session null to remote] http.wire 86 - http-outgoing-0 << "{"sessionId":"857549b83e0569a044e9cadfe4f70723","status":0,"value":{"acceptInsecureCerts":false,"acceptSslCerts":false,"applicationCacheEnabled":false,"browserConnectionEnabled":false,"browserName":"chrome","chrome":{"chromedriverVersion":"2.41.578737 (49da6702b16031c40d63e5618de03a32ff6c197e)","userDataDir":"C:\\Users\\SATYA~1.SAT\\AppData\\Local\\Temp\\scoped_dir23464_28074"},"cssSelectorsEnabled":true,"databaseEnabled":false,"goog:chromeOptions":{"debuggerAddress":"localhost:51277"},"handlesAlerts":true,"hasTouchScreen":false,"javascriptEnabled":true,"locationContextEnabled":true,"mobileEmulationEnabled":false,"nativeEvents":true,"networkConnectionEnabled":false,"pageLoadStrategy":"normal","platform":"Windows NT","rotatable":false,"setWindowRect":true,"takesHeapSnapshot":true,"takesScreenshot":true,"unexpectedAlertBehaviour":"","version":"68.0.3440.106","webStorageEnabled":true}}"
08-15-2018 18:17:31 LoggingManagedHttpClientConnection.java DEBUG [Forwarding newSession on session null to remote] http.headers 124 - http-outgoing-0 << HTTP/1.1 200 OK
08-15-2018 18:17:31 LoggingManagedHttpClientConnection.java DEBUG [Forwarding newSession on session null to remote] http.headers 127 - http-outgoing-0 << Content-Length:895
08-15-2018 18:17:31 LoggingManagedHttpClientConnection.java DEBUG [Forwarding newSession on session null to remote] http.headers 127 - http-outgoing-0 << Content-Type:application/json; charset=utf-8
08-15-2018 18:17:31 MainClientExec.java DEBUG [Forwarding newSession on session null to remote] execchain.MainClientExec 284 - Connection can be kept alive indefinitely
08-15-2018 18:17:31 PoolingHttpClientConnectionManager.java DEBUG [Forwarding newSession on session null to remote] conn.PoolingHttpClientConnectionManager 314 - Connection [id: 0][route: {}->http://localhost:27930] can be kept alive indefinitely
08-15-2018 18:17:31 PoolingHttpClientConnectionManager.java DEBUG [Forwarding newSession on session null to remote] conn.PoolingHttpClientConnectionManager 320 - Connection released: [id: 0][route: {}->http://localhost:27930][total kept alive: 1; route allocated: 1 of 2000; total allocated: 2 of 2000]
08-15-2018 18:17:31 RequestAddCookies.java DEBUG [Forwarding get on session 857549b83e0569a044e9cadfe4f70723 to remote] protocol.RequestAddCookies 122 - CookieSpec selected: default
08-15-2018 18:17:31 RequestAuthCache.java DEBUG [Forwarding get on session 857549b83e0569a044e9cadfe4f70723 to remote] protocol.RequestAuthCache 76 - Auth cache not set in the context
08-15-2018 18:17:31 PoolingHttpClientConnectionManager.java DEBUG [Forwarding get on session 857549b83e0569a044e9cadfe4f70723 to remote] conn.PoolingHttpClientConnectionManager 249 - Connection request: [route: {}->http://localhost:27930][total kept alive: 1; route allocated: 1 of 2000; total allocated: 2 of 2000]
08-15-2018 18:17:31 PoolingHttpClientConnectionManager.java DEBUG [Forwarding get on session 857549b83e0569a044e9cadfe4f70723 to remote] conn.PoolingHttpClientConnectionManager 282 - Connection leased: [id: 0][route: {}->http://localhost:27930][total kept alive: 0; route allocated: 1 of 2000; total allocated: 2 of 2000]
08-15-2018 18:17:31 MainClientExec.java DEBUG [Forwarding get on session 857549b83e0569a044e9cadfe4f70723 to remote] execchain.MainClientExec 207 - Stale connection check
08-15-2018 18:17:31 Wire.java DEBUG [Forwarding get on session 857549b83e0569a044e9cadfe4f70723 to remote] http.wire 86 - http-outgoing-0 << "[read] I/O error: Read timed out"
08-15-2018 18:17:31 LoggingManagedHttpClientConnection.java DEBUG [Forwarding get on session 857549b83e0569a044e9cadfe4f70723 to remote] conn.DefaultManagedHttpClientConnection 90 - http-outgoing-0: set socket timeout to 10800000
08-15-2018 18:17:31 MainClientExec.java DEBUG [Forwarding get on session 857549b83e0569a044e9cadfe4f70723 to remote] execchain.MainClientExec 255 - Executing request POST /session/857549b83e0569a044e9cadfe4f70723/url HTTP/1.1
08-15-2018 18:17:31 MainClientExec.java DEBUG [Forwarding get on session 857549b83e0569a044e9cadfe4f70723 to remote] execchain.MainClientExec 260 - Target auth state: UNCHALLENGED
08-15-2018 18:17:31 MainClientExec.java DEBUG [Forwarding get on session 857549b83e0569a044e9cadfe4f70723 to remote] execchain.MainClientExec 266 - Proxy auth state: UNCHALLENGED
08-15-2018 18:17:31 LoggingManagedHttpClientConnection.java DEBUG [Forwarding get on session 857549b83e0569a044e9cadfe4f70723 to remote] http.headers 135 - http-outgoing-0 >> POST /session/857549b83e0569a044e9cadfe4f70723/url HTTP/1.1
08-15-2018 18:17:31 LoggingManagedHttpClientConnection.java DEBUG [Forwarding get on session 857549b83e0569a044e9cadfe4f70723 to remote] http.headers 138 - http-outgoing-0 >> Content-Type: application/json; charset=utf-8
08-15-2018 18:17:31 LoggingManagedHttpClientConnection.java DEBUG [Forwarding get on session 857549b83e0569a044e9cadfe4f70723 to remote] http.headers 138 - http-outgoing-0 >> Content-Length: 33
08-15-2018 18:17:31 LoggingManagedHttpClientConnection.java DEBUG [Forwarding get on session 857549b83e0569a044e9cadfe4f70723 to remote] http.headers 138 - http-outgoing-0 >> Host: localhost:27930
08-15-2018 18:17:31 LoggingManagedHttpClientConnection.java DEBUG [Forwarding get on session 857549b83e0569a044e9cadfe4f70723 to remote] http.headers 138 - http-outgoing-0 >> Connection: Keep-Alive
08-15-2018 18:17:31 LoggingManagedHttpClientConnection.java DEBUG [Forwarding get on session 857549b83e0569a044e9cadfe4f70723 to remote] http.headers 138 - http-outgoing-0 >> User-Agent: Apache-HttpClient/4.5.1 (Java/1.8.0_131)
08-15-2018 18:17:31 LoggingManagedHttpClientConnection.java DEBUG [Forwarding get on session 857549b83e0569a044e9cadfe4f70723 to remote] http.headers 138 - http-outgoing-0 >> Accept-Encoding: gzip,deflate
08-15-2018 18:17:31 Wire.java DEBUG [Forwarding get on session 857549b83e0569a044e9cadfe4f70723 to remote] http.wire 72 - http-outgoing-0 >> "POST /session/857549b83e0569a044e9cadfe4f70723/url HTTP/1.1[\r][\n]"
08-15-2018 18:17:31 Wire.java DEBUG [Forwarding get on session 857549b83e0569a044e9cadfe4f70723 to remote] http.wire 72 - http-outgoing-0 >> "Content-Type: application/json; charset=utf-8[\r][\n]"
08-15-2018 18:17:31 Wire.java DEBUG [Forwarding get on session 857549b83e0569a044e9cadfe4f70723 to remote] http.wire 72 - http-outgoing-0 >> "Content-Length: 33[\r][\n]"
08-15-2018 18:17:31 Wire.java DEBUG [Forwarding get on session 857549b83e0569a044e9cadfe4f70723 to remote] http.wire 72 - http-outgoing-0 >> "Host: localhost:27930[\r][\n]"
08-15-2018 18:17:31 Wire.java DEBUG [Forwarding get on session 857549b83e0569a044e9cadfe4f70723 to remote] http.wire 72 - http-outgoing-0 >> "Connection: Keep-Alive[\r][\n]"
08-15-2018 18:17:31 Wire.java DEBUG [Forwarding get on session 857549b83e0569a044e9cadfe4f70723 to remote] http.wire 72 - http-outgoing-0 >> "User-Agent: Apache-HttpClient/4.5.1 (Java/1.8.0_131)[\r][\n]"
08-15-2018 18:17:31 Wire.java DEBUG [Forwarding get on session 857549b83e0569a044e9cadfe4f70723 to remote] http.wire 72 - http-outgoing-0 >> "Accept-Encoding: gzip,deflate[\r][\n]"
08-15-2018 18:17:31 Wire.java DEBUG [Forwarding get on session 857549b83e0569a044e9cadfe4f70723 to remote] http.wire 72 - http-outgoing-0 >> "[\r][\n]"
08-15-2018 18:17:31 Wire.java DEBUG [Forwarding get on session 857549b83e0569a044e9cadfe4f70723 to remote] http.wire 86 - http-outgoing-0 >> "{"url":"https://www.freecrm.com"}"
08-15-2018 18:17:31 Wire.java DEBUG [Forwarding newSession on session null to remote] http.wire 72 - http-outgoing-1 << "HTTP/1.1 200 OK[\r][\n]"
08-15-2018 18:17:31 Wire.java DEBUG [Forwarding newSession on session null to remote] http.wire 72 - http-outgoing-1 << "Content-Length:894[\r][\n]"
08-15-2018 18:17:31 Wire.java DEBUG [Forwarding newSession on session null to remote] http.wire 72 - http-outgoing-1 << "Content-Type:application/json; charset=utf-8[\r][\n]"
08-15-2018 18:17:31 Wire.java DEBUG [Forwarding newSession on session null to remote] http.wire 72 - http-outgoing-1 << "[\r][\n]"
08-15-2018 18:17:31 Wire.java DEBUG [Forwarding newSession on session null to remote] http.wire 86 - http-outgoing-1 << "{"sessionId":"157f7deaf4458e539c1c340fc0975aa2","status":0,"value":{"acceptInsecureCerts":false,"acceptSslCerts":false,"applicationCacheEnabled":false,"browserConnectionEnabled":false,"browserName":"chrome","chrome":{"chromedriverVersion":"2.41.578737 (49da6702b16031c40d63e5618de03a32ff6c197e)","userDataDir":"C:\\Users\\SATYA~1.SAT\\AppData\\Local\\Temp\\scoped_dir21856_6493"},"cssSelectorsEnabled":true,"databaseEnabled":false,"goog:chromeOptions":{"debuggerAddress":"localhost:51278"},"handlesAlerts":true,"hasTouchScreen":false,"javascriptEnabled":true,"locationContextEnabled":true,"mobileEmulationEnabled":false,"nativeEvents":true,"networkConnectionEnabled":false,"pageLoadStrategy":"normal","platform":"Windows NT","rotatable":false,"setWindowRect":true,"takesHeapSnapshot":true,"takesScreenshot":true,"unexpectedAlertBehaviour":"","version":"68.0.3440.106","webStorageEnabled":true}}"
08-15-2018 18:17:31 LoggingManagedHttpClientConnection.java DEBUG [Forwarding newSession on session null to remote] http.headers 124 - http-outgoing-1 << HTTP/1.1 200 OK
08-15-2018 18:17:31 LoggingManagedHttpClientConnection.java DEBUG [Forwarding newSession on session null to remote] http.headers 127 - http-outgoing-1 << Content-Length:894
08-15-2018 18:17:31 LoggingManagedHttpClientConnection.java DEBUG [Forwarding newSession on session null to remote] http.headers 127 - http-outgoing-1 << Content-Type:application/json; charset=utf-8
08-15-2018 18:17:31 MainClientExec.java DEBUG [Forwarding newSession on session null to remote] execchain.MainClientExec 284 - Connection can be kept alive indefinitely
08-15-2018 18:17:31 PoolingHttpClientConnectionManager.java DEBUG [Forwarding newSession on session null to remote] conn.PoolingHttpClientConnectionManager 314 - Connection [id: 1][route: {}->http://localhost:7334] can be kept alive indefinitely
08-15-2018 18:17:31 PoolingHttpClientConnectionManager.java DEBUG [Forwarding newSession on session null to remote] conn.PoolingHttpClientConnectionManager 320 - Connection released: [id: 1][route: {}->http://localhost:7334][total kept alive: 1; route allocated: 1 of 2000; total allocated: 2 of 2000]
08-15-2018 18:17:31 RequestAddCookies.java DEBUG [Forwarding get on session 157f7deaf4458e539c1c340fc0975aa2 to remote] protocol.RequestAddCookies 122 - CookieSpec selected: default
08-15-2018 18:17:31 RequestAuthCache.java DEBUG [Forwarding get on session 157f7deaf4458e539c1c340fc0975aa2 to remote] protocol.RequestAuthCache 76 - Auth cache not set in the context
08-15-2018 18:17:31 PoolingHttpClientConnectionManager.java DEBUG [Forwarding get on session 157f7deaf4458e539c1c340fc0975aa2 to remote] conn.PoolingHttpClientConnectionManager 249 - Connection request: [route: {}->http://localhost:7334][total kept alive: 1; route allocated: 1 of 2000; total allocated: 2 of 2000]
08-15-2018 18:17:31 PoolingHttpClientConnectionManager.java DEBUG [Forwarding get on session 157f7deaf4458e539c1c340fc0975aa2 to remote] conn.PoolingHttpClientConnectionManager 282 - Connection leased: [id: 1][route: {}->http://localhost:7334][total kept alive: 0; route allocated: 1 of 2000; total allocated: 2 of 2000]
08-15-2018 18:17:31 MainClientExec.java DEBUG [Forwarding get on session 157f7deaf4458e539c1c340fc0975aa2 to remote] execchain.MainClientExec 207 - Stale connection check
08-15-2018 18:17:31 Wire.java DEBUG [Forwarding get on session 157f7deaf4458e539c1c340fc0975aa2 to remote] http.wire 86 - http-outgoing-1 << "[read] I/O error: Read timed out"
08-15-2018 18:17:31 LoggingManagedHttpClientConnection.java DEBUG [Forwarding get on session 157f7deaf4458e539c1c340fc0975aa2 to remote] conn.DefaultManagedHttpClientConnection 90 - http-outgoing-1: set socket timeout to 10800000
08-15-2018 18:17:31 MainClientExec.java DEBUG [Forwarding get on session 157f7deaf4458e539c1c340fc0975aa2 to remote] execchain.MainClientExec 255 - Executing request POST /session/157f7deaf4458e539c1c340fc0975aa2/url HTTP/1.1
08-15-2018 18:17:31 MainClientExec.java DEBUG [Forwarding get on session 157f7deaf4458e539c1c340fc0975aa2 to remote] execchain.MainClientExec 260 - Target auth state: UNCHALLENGED
08-15-2018 18:17:31 MainClientExec.java DEBUG [Forwarding get on session 157f7deaf4458e539c1c340fc0975aa2 to remote] execchain.MainClientExec 266 - Proxy auth state: UNCHALLENGED
08-15-2018 18:17:31 LoggingManagedHttpClientConnection.java DEBUG [Forwarding get on session 157f7deaf4458e539c1c340fc0975aa2 to remote] http.headers 135 - http-outgoing-1 >> POST /session/157f7deaf4458e539c1c340fc0975aa2/url HTTP/1.1
08-15-2018 18:17:31 LoggingManagedHttpClientConnection.java DEBUG [Forwarding get on session 157f7deaf4458e539c1c340fc0975aa2 to remote] http.headers 138 - http-outgoing-1 >> Content-Type: application/json; charset=utf-8
08-15-2018 18:17:31 LoggingManagedHttpClientConnection.java DEBUG [Forwarding get on session 157f7deaf4458e539c1c340fc0975aa2 to remote] http.headers 138 - http-outgoing-1 >> Content-Length: 33
08-15-2018 18:17:31 LoggingManagedHttpClientConnection.java DEBUG [Forwarding get on session 157f7deaf4458e539c1c340fc0975aa2 to remote] http.headers 138 - http-outgoing-1 >> Host: localhost:7334
08-15-2018 18:17:31 LoggingManagedHttpClientConnection.java DEBUG [Forwarding get on session 157f7deaf4458e539c1c340fc0975aa2 to remote] http.headers 138 - http-outgoing-1 >> Connection: Keep-Alive
08-15-2018 18:17:31 LoggingManagedHttpClientConnection.java DEBUG [Forwarding get on session 157f7deaf4458e539c1c340fc0975aa2 to remote] http.headers 138 - http-outgoing-1 >> User-Agent: Apache-HttpClient/4.5.1 (Java/1.8.0_131)
08-15-2018 18:17:31 LoggingManagedHttpClientConnection.java DEBUG [Forwarding get on session 157f7deaf4458e539c1c340fc0975aa2 to remote] http.headers 138 - http-outgoing-1 >> Accept-Encoding: gzip,deflate
08-15-2018 18:17:31 Wire.java DEBUG [Forwarding get on session 157f7deaf4458e539c1c340fc0975aa2 to remote] http.wire 72 - http-outgoing-1 >> "POST /session/157f7deaf4458e539c1c340fc0975aa2/url HTTP/1.1[\r][\n]"
08-15-2018 18:17:31 Wire.java DEBUG [Forwarding get on session 157f7deaf4458e539c1c340fc0975aa2 to remote] http.wire 72 - http-outgoing-1 >> "Content-Type: application/json; charset=utf-8[\r][\n]"
08-15-2018 18:17:31 Wire.java DEBUG [Forwarding get on session 157f7deaf4458e539c1c340fc0975aa2 to remote] http.wire 72 - http-outgoing-1 >> "Content-Length: 33[\r][\n]"
08-15-2018 18:17:31 Wire.java DEBUG [Forwarding get on session 157f7deaf4458e539c1c340fc0975aa2 to remote] http.wire 72 - http-outgoing-1 >> "Host: localhost:7334[\r][\n]"
08-15-2018 18:17:31 Wire.java DEBUG [Forwarding get on session 157f7deaf4458e539c1c340fc0975aa2 to remote] http.wire 72 - http-outgoing-1 >> "Connection: Keep-Alive[\r][\n]"
08-15-2018 18:17:31 Wire.java DEBUG [Forwarding get on session 157f7deaf4458e539c1c340fc0975aa2 to remote] http.wire 72 - http-outgoing-1 >> "User-Agent: Apache-HttpClient/4.5.1 (Java/1.8.0_131)[\r][\n]"
08-15-2018 18:17:31 Wire.java DEBUG [Forwarding get on session 157f7deaf4458e539c1c340fc0975aa2 to remote] http.wire 72 - http-outgoing-1 >> "Accept-Encoding: gzip,deflate[\r][\n]"
08-15-2018 18:17:31 Wire.java DEBUG [Forwarding get on session 157f7deaf4458e539c1c340fc0975aa2 to remote] http.wire 72 - http-outgoing-1 >> "[\r][\n]"
08-15-2018 18:17:31 Wire.java DEBUG [Forwarding get on session 157f7deaf4458e539c1c340fc0975aa2 to remote] http.wire 86 - http-outgoing-1 >> "{"url":"https://www.freecrm.com"}"
08-15-2018 18:17:37 Wire.java DEBUG [Forwarding get on session 157f7deaf4458e539c1c340fc0975aa2 to remote] http.wire 72 - http-outgoing-1 << "HTTP/1.1 200 OK[\r][\n]"
08-15-2018 18:17:37 Wire.java DEBUG [Forwarding get on session 157f7deaf4458e539c1c340fc0975aa2 to remote] http.wire 72 - http-outgoing-1 << "Content-Length:72[\r][\n]"
08-15-2018 18:17:37 Wire.java DEBUG [Forwarding get on session 157f7deaf4458e539c1c340fc0975aa2 to remote] http.wire 72 - http-outgoing-1 << "Content-Type:application/json; charset=utf-8[\r][\n]"
08-15-2018 18:17:37 Wire.java DEBUG [Forwarding get on session 157f7deaf4458e539c1c340fc0975aa2 to remote] http.wire 72 - http-outgoing-1 << "[\r][\n]"
08-15-2018 18:17:37 Wire.java DEBUG [Forwarding get on session 157f7deaf4458e539c1c340fc0975aa2 to remote] http.wire 86 - http-outgoing-1 << "{"sessionId":"157f7deaf4458e539c1c340fc0975aa2","status":0,"value":null}"
08-15-2018 18:17:37 LoggingManagedHttpClientConnection.java DEBUG [Forwarding get on session 157f7deaf4458e539c1c340fc0975aa2 to remote] http.headers 124 - http-outgoing-1 << HTTP/1.1 200 OK
08-15-2018 18:17:37 LoggingManagedHttpClientConnection.java DEBUG [Forwarding get on session 157f7deaf4458e539c1c340fc0975aa2 to remote] http.headers 127 - http-outgoing-1 << Content-Length:72
08-15-2018 18:17:37 LoggingManagedHttpClientConnection.java DEBUG [Forwarding get on session 157f7deaf4458e539c1c340fc0975aa2 to remote] http.headers 127 - http-outgoing-1 << Content-Type:application/json; charset=utf-8
08-15-2018 18:17:37 MainClientExec.java DEBUG [Forwarding get on session 157f7deaf4458e539c1c340fc0975aa2 to remote] execchain.MainClientExec 284 - Connection can be kept alive indefinitely
08-15-2018 18:17:37 PoolingHttpClientConnectionManager.java DEBUG [Forwarding get on session 157f7deaf4458e539c1c340fc0975aa2 to remote] conn.PoolingHttpClientConnectionManager 314 - Connection [id: 1][route: {}->http://localhost:7334] can be kept alive indefinitely
08-15-2018 18:17:37 PoolingHttpClientConnectionManager.java DEBUG [Forwarding get on session 157f7deaf4458e539c1c340fc0975aa2 to remote] conn.PoolingHttpClientConnectionManager 320 - Connection released: [id: 1][route: {}->http://localhost:7334][total kept alive: 1; route allocated: 1 of 2000; total allocated: 2 of 2000]
08-15-2018 18:17:38 RequestAddCookies.java DEBUG [Forwarding maximizeWindow on session 157f7deaf4458e539c1c340fc0975aa2 to remote] protocol.RequestAddCookies 122 - CookieSpec selected: default
08-15-2018 18:17:38 RequestAuthCache.java DEBUG [Forwarding maximizeWindow on session 157f7deaf4458e539c1c340fc0975aa2 to remote] protocol.RequestAuthCache 76 - Auth cache not set in the context
08-15-2018 18:17:38 PoolingHttpClientConnectionManager.java DEBUG [Forwarding maximizeWindow on session 157f7deaf4458e539c1c340fc0975aa2 to remote] conn.PoolingHttpClientConnectionManager 249 - Connection request: [route: {}->http://localhost:7334][total kept alive: 1; route allocated: 1 of 2000; total allocated: 2 of 2000]
08-15-2018 18:17:38 PoolingHttpClientConnectionManager.java DEBUG [Forwarding maximizeWindow on session 157f7deaf4458e539c1c340fc0975aa2 to remote] conn.PoolingHttpClientConnectionManager 282 - Connection leased: [id: 1][route: {}->http://localhost:7334][total kept alive: 0; route allocated: 1 of 2000; total allocated: 2 of 2000]
08-15-2018 18:17:38 MainClientExec.java DEBUG [Forwarding maximizeWindow on session 157f7deaf4458e539c1c340fc0975aa2 to remote] execchain.MainClientExec 207 - Stale connection check
08-15-2018 18:17:38 Wire.java DEBUG [Forwarding maximizeWindow on session 157f7deaf4458e539c1c340fc0975aa2 to remote] http.wire 86 - http-outgoing-1 << "[read] I/O error: Read timed out"
08-15-2018 18:17:38 LoggingManagedHttpClientConnection.java DEBUG [Forwarding maximizeWindow on session 157f7deaf4458e539c1c340fc0975aa2 to remote] conn.DefaultManagedHttpClientConnection 90 - http-outgoing-1: set socket timeout to 10800000
08-15-2018 18:17:38 MainClientExec.java DEBUG [Forwarding maximizeWindow on session 157f7deaf4458e539c1c340fc0975aa2 to remote] execchain.MainClientExec 255 - Executing request POST /session/157f7deaf4458e539c1c340fc0975aa2/window/current/maximize HTTP/1.1
08-15-2018 18:17:38 MainClientExec.java DEBUG [Forwarding maximizeWindow on session 157f7deaf4458e539c1c340fc0975aa2 to remote] execchain.MainClientExec 260 - Target auth state: UNCHALLENGED
08-15-2018 18:17:38 MainClientExec.java DEBUG [Forwarding maximizeWindow on session 157f7deaf4458e539c1c340fc0975aa2 to remote] execchain.MainClientExec 266 - Proxy auth state: UNCHALLENGED
08-15-2018 18:17:38 LoggingManagedHttpClientConnection.java DEBUG [Forwarding maximizeWindow on session 157f7deaf4458e539c1c340fc0975aa2 to remote] http.headers 135 - http-outgoing-1 >> POST /session/157f7deaf4458e539c1c340fc0975aa2/window/current/maximize HTTP/1.1
08-15-2018 18:17:38 LoggingManagedHttpClientConnection.java DEBUG [Forwarding maximizeWindow on session 157f7deaf4458e539c1c340fc0975aa2 to remote] http.headers 138 - http-outgoing-1 >> Content-Type: application/json; charset=utf-8
08-15-2018 18:17:38 LoggingManagedHttpClientConnection.java DEBUG [Forwarding maximizeWindow on session 157f7deaf4458e539c1c340fc0975aa2 to remote] http.headers 138 - http-outgoing-1 >> Content-Length: 26
08-15-2018 18:17:38 LoggingManagedHttpClientConnection.java DEBUG [Forwarding maximizeWindow on session 157f7deaf4458e539c1c340fc0975aa2 to remote] http.headers 138 - http-outgoing-1 >> Host: localhost:7334
08-15-2018 18:17:38 LoggingManagedHttpClientConnection.java DEBUG [Forwarding maximizeWindow on session 157f7deaf4458e539c1c340fc0975aa2 to remote] http.headers 138 - http-outgoing-1 >> Connection: Keep-Alive
08-15-2018 18:17:38 LoggingManagedHttpClientConnection.java DEBUG [Forwarding maximizeWindow on session 157f7deaf4458e539c1c340fc0975aa2 to remote] http.headers 138 - http-outgoing-1 >> User-Agent: Apache-HttpClient/4.5.1 (Java/1.8.0_131)
08-15-2018 18:17:38 LoggingManagedHttpClientConnection.java DEBUG [Forwarding maximizeWindow on session 157f7deaf4458e539c1c340fc0975aa2 to remote] http.headers 138 - http-outgoing-1 >> Accept-Encoding: gzip,deflate
08-15-2018 18:17:38 Wire.java DEBUG [Forwarding maximizeWindow on session 157f7deaf4458e539c1c340fc0975aa2 to remote] http.wire 72 - http-outgoing-1 >> "POST /session/157f7deaf4458e539c1c340fc0975aa2/window/current/maximize HTTP/1.1[\r][\n]"
08-15-2018 18:17:38 Wire.java DEBUG [Forwarding maximizeWindow on session 157f7deaf4458e539c1c340fc0975aa2 to remote] http.wire 72 - http-outgoing-1 >> "Content-Type: application/json; charset=utf-8[\r][\n]"
08-15-2018 18:17:38 Wire.java DEBUG [Forwarding maximizeWindow on session 157f7deaf4458e539c1c340fc0975aa2 to remote] http.wire 72 - http-outgoing-1 >> "Content-Length: 26[\r][\n]"
08-15-2018 18:17:38 Wire.java DEBUG [Forwarding maximizeWindow on session 157f7deaf4458e539c1c340fc0975aa2 to remote] http.wire 72 - http-outgoing-1 >> "Host: localhost:7334[\r][\n]"
08-15-2018 18:17:38 Wire.java DEBUG [Forwarding maximizeWindow on session 157f7deaf4458e539c1c340fc0975aa2 to remote] http.wire 72 - http-outgoing-1 >> "Connection: Keep-Alive[\r][\n]"
08-15-2018 18:17:38 Wire.java DEBUG [Forwarding maximizeWindow on session 157f7deaf4458e539c1c340fc0975aa2 to remote] http.wire 72 - http-outgoing-1 >> "User-Agent: Apache-HttpClient/4.5.1 (Java/1.8.0_131)[\r][\n]"
08-15-2018 18:17:38 Wire.java DEBUG [Forwarding maximizeWindow on session 157f7deaf4458e539c1c340fc0975aa2 to remote] http.wire 72 - http-outgoing-1 >> "Accept-Encoding: gzip,deflate[\r][\n]"
08-15-2018 18:17:38 Wire.java DEBUG [Forwarding maximizeWindow on session 157f7deaf4458e539c1c340fc0975aa2 to remote] http.wire 72 - http-outgoing-1 >> "[\r][\n]"
08-15-2018 18:17:38 Wire.java DEBUG [Forwarding maximizeWindow on session 157f7deaf4458e539c1c340fc0975aa2 to remote] http.wire 86 - http-outgoing-1 >> "{"windowHandle":"current"}"
08-15-2018 18:17:38 Wire.java DEBUG [Forwarding get on session 857549b83e0569a044e9cadfe4f70723 to remote] http.wire 72 - http-outgoing-0 << "HTTP/1.1 200 OK[\r][\n]"
08-15-2018 18:17:38 Wire.java DEBUG [Forwarding get on session 857549b83e0569a044e9cadfe4f70723 to remote] http.wire 72 - http-outgoing-0 << "Content-Length:72[\r][\n]"
08-15-2018 18:17:38 Wire.java DEBUG [Forwarding get on session 857549b83e0569a044e9cadfe4f70723 to remote] http.wire 72 - http-outgoing-0 << "Content-Type:application/json; charset=utf-8[\r][\n]"
08-15-2018 18:17:38 Wire.java DEBUG [Forwarding get on session 857549b83e0569a044e9cadfe4f70723 to remote] http.wire 72 - http-outgoing-0 << "[\r][\n]"
08-15-2018 18:17:38 Wire.java DEBUG [Forwarding get on session 857549b83e0569a044e9cadfe4f70723 to remote] http.wire 86 - http-outgoing-0 << "{"sessionId":"857549b83e0569a044e9cadfe4f70723","status":0,"value":null}"
08-15-2018 18:17:38 LoggingManagedHttpClientConnection.java DEBUG [Forwarding get on session 857549b83e0569a044e9cadfe4f70723 to remote] http.headers 124 - http-outgoing-0 << HTTP/1.1 200 OK
08-15-2018 18:17:38 LoggingManagedHttpClientConnection.java DEBUG [Forwarding get on session 857549b83e0569a044e9cadfe4f70723 to remote] http.headers 127 - http-outgoing-0 << Content-Length:72
08-15-2018 18:17:38 LoggingManagedHttpClientConnection.java DEBUG [Forwarding get on session 857549b83e0569a044e9cadfe4f70723 to remote] http.headers 127 - http-outgoing-0 << Content-Type:application/json; charset=utf-8
08-15-2018 18:17:38 MainClientExec.java DEBUG [Forwarding get on session 857549b83e0569a044e9cadfe4f70723 to remote] execchain.MainClientExec 284 - Connection can be kept alive indefinitely
08-15-2018 18:17:38 PoolingHttpClientConnectionManager.java DEBUG [Forwarding get on session 857549b83e0569a044e9cadfe4f70723 to remote] conn.PoolingHttpClientConnectionManager 314 - Connection [id: 0][route: {}->http://localhost:27930] can be kept alive indefinitely
08-15-2018 18:17:38 PoolingHttpClientConnectionManager.java DEBUG [Forwarding get on session 857549b83e0569a044e9cadfe4f70723 to remote] conn.PoolingHttpClientConnectionManager 320 - Connection released: [id: 0][route: {}->http://localhost:27930][total kept alive: 1; route allocated: 1 of 2000; total allocated: 2 of 2000]
08-15-2018 18:17:38 RequestAddCookies.java DEBUG [Forwarding maximizeWindow on session 157f7deaf4458e539c1c340fc0975aa2 to remote] protocol.RequestAddCookies 122 - CookieSpec selected: default
08-15-2018 18:17:38 RequestAuthCache.java DEBUG [Forwarding maximizeWindow on session 157f7deaf4458e539c1c340fc0975aa2 to remote] protocol.RequestAuthCache 76 - Auth cache not set in the context
08-15-2018 18:17:38 PoolingHttpClientConnectionManager.java DEBUG [Forwarding maximizeWindow on session 157f7deaf4458e539c1c340fc0975aa2 to remote] conn.PoolingHttpClientConnectionManager 249 - Connection request: [route: {}->http://localhost:7334][total kept alive: 1; route allocated: 1 of 2000; total allocated: 2 of 2000]
08-15-2018 18:17:38 PoolingHttpClientConnectionManager.java DEBUG [Forwarding maximizeWindow on session 157f7deaf4458e539c1c340fc0975aa2 to remote] conn.PoolingHttpClientConnectionManager 282 - Connection leased: [id: 2][route: {}->http://localhost:7334][total kept alive: 1; route allocated: 2 of 2000; total allocated: 3 of 2000]
08-15-2018 18:17:38 MainClientExec.java DEBUG [Forwarding maximizeWindow on session 157f7deaf4458e539c1c340fc0975aa2 to remote] execchain.MainClientExec 234 - Opening connection {}->http://localhost:7334
08-15-2018 18:17:38 DefaultHttpClientConnectionOperator.java DEBUG [Forwarding maximizeWindow on session 157f7deaf4458e539c1c340fc0975aa2 to remote] conn.DefaultHttpClientConnectionOperator 131 - Connecting to localhost/127.0.0.1:7334
08-15-2018 18:17:38 DefaultHttpClientConnectionOperator.java DEBUG [Forwarding maximizeWindow on session 157f7deaf4458e539c1c340fc0975aa2 to remote] conn.DefaultHttpClientConnectionOperator 138 - Connection established 127.0.0.1:51339<->127.0.0.1:7334
08-15-2018 18:17:38 LoggingManagedHttpClientConnection.java DEBUG [Forwarding maximizeWindow on session 157f7deaf4458e539c1c340fc0975aa2 to remote] conn.DefaultManagedHttpClientConnection 90 - http-outgoing-2: set socket timeout to 10800000
08-15-2018 18:17:38 MainClientExec.java DEBUG [Forwarding maximizeWindow on session 157f7deaf4458e539c1c340fc0975aa2 to remote] execchain.MainClientExec 255 - Executing request POST /session/157f7deaf4458e539c1c340fc0975aa2/window/current/maximize HTTP/1.1
08-15-2018 18:17:38 MainClientExec.java DEBUG [Forwarding maximizeWindow on session 157f7deaf4458e539c1c340fc0975aa2 to remote] execchain.MainClientExec 260 - Target auth state: UNCHALLENGED
08-15-2018 18:17:38 MainClientExec.java DEBUG [Forwarding maximizeWindow on session 157f7deaf4458e539c1c340fc0975aa2 to remote] execchain.MainClientExec 266 - Proxy auth state: UNCHALLENGED
08-15-2018 18:17:38 LoggingManagedHttpClientConnection.java DEBUG [Forwarding maximizeWindow on session 157f7deaf4458e539c1c340fc0975aa2 to remote] http.headers 135 - http-outgoing-2 >> POST /session/157f7deaf4458e539c1c340fc0975aa2/window/current/maximize HTTP/1.1
08-15-2018 18:17:38 LoggingManagedHttpClientConnection.java DEBUG [Forwarding maximizeWindow on session 157f7deaf4458e539c1c340fc0975aa2 to remote] http.headers 138 - http-outgoing-2 >> Content-Type: application/json; charset=utf-8
08-15-2018 18:17:38 LoggingManagedHttpClientConnection.java DEBUG [Forwarding maximizeWindow on session 157f7deaf4458e539c1c340fc0975aa2 to remote] http.headers 138 - http-outgoing-2 >> Content-Length: 26
08-15-2018 18:17:38 LoggingManagedHttpClientConnection.java DEBUG [Forwarding maximizeWindow on session 157f7deaf4458e539c1c340fc0975aa2 to remote] http.headers 138 - http-outgoing-2 >> Host: localhost:7334
08-15-2018 18:17:38 LoggingManagedHttpClientConnection.java DEBUG [Forwarding maximizeWindow on session 157f7deaf4458e539c1c340fc0975aa2 to remote] http.headers 138 - http-outgoing-2 >> Connection: Keep-Alive
08-15-2018 18:17:38 LoggingManagedHttpClientConnection.java DEBUG [Forwarding maximizeWindow on session 157f7deaf4458e539c1c340fc0975aa2 to remote] http.headers 138 - http-outgoing-2 >> User-Agent: Apache-HttpClient/4.5.1 (Java/1.8.0_131)
08-15-2018 18:17:38 LoggingManagedHttpClientConnection.java DEBUG [Forwarding maximizeWindow on session 157f7deaf4458e539c1c340fc0975aa2 to remote] http.headers 138 - http-outgoing-2 >> Accept-Encoding: gzip,deflate
08-15-2018 18:17:38 Wire.java DEBUG [Forwarding maximizeWindow on session 157f7deaf4458e539c1c340fc0975aa2 to remote] http.wire 72 - http-outgoing-2 >> "POST /session/157f7deaf4458e539c1c340fc0975aa2/window/current/maximize HTTP/1.1[\r][\n]"
08-15-2018 18:17:38 Wire.java DEBUG [Forwarding maximizeWindow on session 157f7deaf4458e539c1c340fc0975aa2 to remote] http.wire 72 - http-outgoing-2 >> "Content-Type: application/json; charset=utf-8[\r][\n]"
08-15-2018 18:17:38 Wire.java DEBUG [Forwarding maximizeWindow on session 157f7deaf4458e539c1c340fc0975aa2 to remote] http.wire 72 - http-outgoing-2 >> "Content-Length: 26[\r][\n]"
08-15-2018 18:17:38 Wire.java DEBUG [Forwarding maximizeWindow on session 157f7deaf4458e539c1c340fc0975aa2 to remote] http.wire 72 - http-outgoing-2 >> "Host: localhost:7334[\r][\n]"
08-15-2018 18:17:38 Wire.java DEBUG [Forwarding maximizeWindow on session 157f7deaf4458e539c1c340fc0975aa2 to remote] http.wire 72 - http-outgoing-2 >> "Connection: Keep-Alive[\r][\n]"
08-15-2018 18:17:38 Wire.java DEBUG [Forwarding maximizeWindow on session 157f7deaf4458e539c1c340fc0975aa2 to remote] http.wire 72 - http-outgoing-2 >> "User-Agent: Apache-HttpClient/4.5.1 (Java/1.8.0_131)[\r][\n]"
08-15-2018 18:17:38 Wire.java DEBUG [Forwarding maximizeWindow on session 157f7deaf4458e539c1c340fc0975aa2 to remote] http.wire 72 - http-outgoing-2 >> "Accept-Encoding: gzip,deflate[\r][\n]"
08-15-2018 18:17:38 Wire.java DEBUG [Forwarding maximizeWindow on session 157f7deaf4458e539c1c340fc0975aa2 to remote] http.wire 72 - http-outgoing-2 >> "[\r][\n]"
08-15-2018 18:17:38 Wire.java DEBUG [Forwarding maximizeWindow on session 157f7deaf4458e539c1c340fc0975aa2 to remote] http.wire 86 - http-outgoing-2 >> "{"windowHandle":"current"}"
08-15-2018 18:17:39 Wire.java DEBUG [Forwarding maximizeWindow on session 157f7deaf4458e539c1c340fc0975aa2 to remote] http.wire 72 - http-outgoing-1 << "HTTP/1.1 200 OK[\r][\n]"
08-15-2018 18:17:39 Wire.java DEBUG [Forwarding maximizeWindow on session 157f7deaf4458e539c1c340fc0975aa2 to remote] http.wire 72 - http-outgoing-2 << "HTTP/1.1 200 OK[\r][\n]"
08-15-2018 18:17:39 Wire.java DEBUG [Forwarding maximizeWindow on session 157f7deaf4458e539c1c340fc0975aa2 to remote] http.wire 72 - http-outgoing-1 << "Content-Length:72[\r][\n]"
08-15-2018 18:17:39 Wire.java DEBUG [Forwarding maximizeWindow on session 157f7deaf4458e539c1c340fc0975aa2 to remote] http.wire 72 - http-outgoing-2 << "Content-Length:72[\r][\n]"
08-15-2018 18:17:39 Wire.java DEBUG [Forwarding maximizeWindow on session 157f7deaf4458e539c1c340fc0975aa2 to remote] http.wire 72 - http-outgoing-2 << "Content-Type:application/json; charset=utf-8[\r][\n]"
08-15-2018 18:17:39 Wire.java DEBUG [Forwarding maximizeWindow on session 157f7deaf4458e539c1c340fc0975aa2 to remote] http.wire 72 - http-outgoing-1 << "Content-Type:application/json; charset=utf-8[\r][\n]"
08-15-2018 18:17:39 Wire.java DEBUG [Forwarding maximizeWindow on session 157f7deaf4458e539c1c340fc0975aa2 to remote] http.wire 72 - http-outgoing-2 << "[\r][\n]"
08-15-2018 18:17:39 Wire.java DEBUG [Forwarding maximizeWindow on session 157f7deaf4458e539c1c340fc0975aa2 to remote] http.wire 72 - http-outgoing-1 << "[\r][\n]"
08-15-2018 18:17:39 Wire.java DEBUG [Forwarding maximizeWindow on session 157f7deaf4458e539c1c340fc0975aa2 to remote] http.wire 86 - http-outgoing-1 << "{"sessionId":"157f7deaf4458e539c1c340fc0975aa2","status":0,"value":null}"
08-15-2018 18:17:39 LoggingManagedHttpClientConnection.java DEBUG [Forwarding maximizeWindow on session 157f7deaf4458e539c1c340fc0975aa2 to remote] http.headers 124 - http-outgoing-1 << HTTP/1.1 200 OK
08-15-2018 18:17:39 Wire.java DEBUG [Forwarding maximizeWindow on session 157f7deaf4458e539c1c340fc0975aa2 to remote] http.wire 86 - http-outgoing-2 << "{"sessionId":"157f7deaf4458e539c1c340fc0975aa2","status":0,"value":null}"
08-15-2018 18:17:39 LoggingManagedHttpClientConnection.java DEBUG [Forwarding maximizeWindow on session 157f7deaf4458e539c1c340fc0975aa2 to remote] http.headers 127 - http-outgoing-1 << Content-Length:72
08-15-2018 18:17:39 LoggingManagedHttpClientConnection.java DEBUG [Forwarding maximizeWindow on session 157f7deaf4458e539c1c340fc0975aa2 to remote] http.headers 127 - http-outgoing-1 << Content-Type:application/json; charset=utf-8
08-15-2018 18:17:39 LoggingManagedHttpClientConnection.java DEBUG [Forwarding maximizeWindow on session 157f7deaf4458e539c1c340fc0975aa2 to remote] http.headers 124 - http-outgoing-2 << HTTP/1.1 200 OK
08-15-2018 18:17:39 MainClientExec.java DEBUG [Forwarding maximizeWindow on session 157f7deaf4458e539c1c340fc0975aa2 to remote] execchain.MainClientExec 284 - Connection can be kept alive indefinitely
08-15-2018 18:17:39 PoolingHttpClientConnectionManager.java DEBUG [Forwarding maximizeWindow on session 157f7deaf4458e539c1c340fc0975aa2 to remote] conn.PoolingHttpClientConnectionManager 314 - Connection [id: 1][route: {}->http://localhost:7334] can be kept alive indefinitely
08-15-2018 18:17:39 PoolingHttpClientConnectionManager.java DEBUG [Forwarding maximizeWindow on session 157f7deaf4458e539c1c340fc0975aa2 to remote] conn.PoolingHttpClientConnectionManager 320 - Connection released: [id: 1][route: {}->http://localhost:7334][total kept alive: 2; route allocated: 2 of 2000; total allocated: 3 of 2000]
08-15-2018 18:17:39 LoggingManagedHttpClientConnection.java DEBUG [Forwarding maximizeWindow on session 157f7deaf4458e539c1c340fc0975aa2 to remote] http.headers 127 - http-outgoing-2 << Content-Length:72
08-15-2018 18:17:39 LoggingManagedHttpClientConnection.java DEBUG [Forwarding maximizeWindow on session 157f7deaf4458e539c1c340fc0975aa2 to remote] http.headers 127 - http-outgoing-2 << Content-Type:application/json; charset=utf-8
08-15-2018 18:17:39 MainClientExec.java DEBUG [Forwarding maximizeWindow on session 157f7deaf4458e539c1c340fc0975aa2 to remote] execchain.MainClientExec 284 - Connection can be kept alive indefinitely
08-15-2018 18:17:39 PoolingHttpClientConnectionManager.java DEBUG [Forwarding maximizeWindow on session 157f7deaf4458e539c1c340fc0975aa2 to remote] conn.PoolingHttpClientConnectionManager 314 - Connection [id: 2][route: {}->http://localhost:7334] can be kept alive indefinitely
08-15-2018 18:17:39 PoolingHttpClientConnectionManager.java DEBUG [Forwarding maximizeWindow on session 157f7deaf4458e539c1c340fc0975aa2 to remote] conn.PoolingHttpClientConnectionManager 320 - Connection released: [id: 2][route: {}->http://localhost:7334][total kept alive: 3; route allocated: 2 of 2000; total allocated: 3 of 2000]
08-15-2018 18:17:39 RequestAddCookies.java DEBUG [Forwarding setTimeout on session 157f7deaf4458e539c1c340fc0975aa2 to remote] protocol.RequestAddCookies 122 - CookieSpec selected: default
08-15-2018 18:17:39 RequestAddCookies.java DEBUG [Forwarding setTimeout on session 157f7deaf4458e539c1c340fc0975aa2 to remote] protocol.RequestAddCookies 122 - CookieSpec selected: default
08-15-2018 18:17:39 RequestAuthCache.java DEBUG [Forwarding setTimeout on session 157f7deaf4458e539c1c340fc0975aa2 to remote] protocol.RequestAuthCache 76 - Auth cache not set in the context
08-15-2018 18:17:39 RequestAuthCache.java DEBUG [Forwarding setTimeout on session 157f7deaf4458e539c1c340fc0975aa2 to remote] protocol.RequestAuthCache 76 - Auth cache not set in the context
08-15-2018 18:17:39 PoolingHttpClientConnectionManager.java DEBUG [Forwarding setTimeout on session 157f7deaf4458e539c1c340fc0975aa2 to remote] conn.PoolingHttpClientConnectionManager 249 - Connection request: [route: {}->http://localhost:7334][total kept alive: 3; route allocated: 2 of 2000; total allocated: 3 of 2000]
08-15-2018 18:17:39 PoolingHttpClientConnectionManager.java DEBUG [Forwarding setTimeout on session 157f7deaf4458e539c1c340fc0975aa2 to remote] conn.PoolingHttpClientConnectionManager 249 - Connection request: [route: {}->http://localhost:7334][total kept alive: 3; route allocated: 2 of 2000; total allocated: 3 of 2000]
08-15-2018 18:17:39 PoolingHttpClientConnectionManager.java DEBUG [Forwarding setTimeout on session 157f7deaf4458e539c1c340fc0975aa2 to remote] conn.PoolingHttpClientConnectionManager 282 - Connection leased: [id: 2][route: {}->http://localhost:7334][total kept alive: 2; route allocated: 2 of 2000; total allocated: 3 of 2000]
08-15-2018 18:17:39 PoolingHttpClientConnectionManager.java DEBUG [Forwarding setTimeout on session 157f7deaf4458e539c1c340fc0975aa2 to remote] conn.PoolingHttpClientConnectionManager 282 - Connection leased: [id: 1][route: {}->http://localhost:7334][total kept alive: 1; route allocated: 2 of 2000; total allocated: 3 of 2000]
08-15-2018 18:17:39 MainClientExec.java DEBUG [Forwarding setTimeout on session 157f7deaf4458e539c1c340fc0975aa2 to remote] execchain.MainClientExec 207 - Stale connection check
08-15-2018 18:17:39 MainClientExec.java DEBUG [Forwarding setTimeout on session 157f7deaf4458e539c1c340fc0975aa2 to remote] execchain.MainClientExec 207 - Stale connection check
08-15-2018 18:17:39 Wire.java DEBUG [Forwarding setTimeout on session 157f7deaf4458e539c1c340fc0975aa2 to remote] http.wire 86 - http-outgoing-2 << "[read] I/O error: Read timed out"
08-15-2018 18:17:39 LoggingManagedHttpClientConnection.java DEBUG [Forwarding setTimeout on session 157f7deaf4458e539c1c340fc0975aa2 to remote] conn.DefaultManagedHttpClientConnection 90 - http-outgoing-2: set socket timeout to 10800000
08-15-2018 18:17:39 MainClientExec.java DEBUG [Forwarding setTimeout on session 157f7deaf4458e539c1c340fc0975aa2 to remote] execchain.MainClientExec 255 - Executing request POST /session/157f7deaf4458e539c1c340fc0975aa2/timeouts HTTP/1.1
08-15-2018 18:17:39 MainClientExec.java DEBUG [Forwarding setTimeout on session 157f7deaf4458e539c1c340fc0975aa2 to remote] execchain.MainClientExec 260 - Target auth state: UNCHALLENGED
08-15-2018 18:17:39 MainClientExec.java DEBUG [Forwarding setTimeout on session 157f7deaf4458e539c1c340fc0975aa2 to remote] execchain.MainClientExec 266 - Proxy auth state: UNCHALLENGED
08-15-2018 18:17:39 LoggingManagedHttpClientConnection.java DEBUG [Forwarding setTimeout on session 157f7deaf4458e539c1c340fc0975aa2 to remote] http.headers 135 - http-outgoing-2 >> POST /session/157f7deaf4458e539c1c340fc0975aa2/timeouts HTTP/1.1
08-15-2018 18:17:39 LoggingManagedHttpClientConnection.java DEBUG [Forwarding setTimeout on session 157f7deaf4458e539c1c340fc0975aa2 to remote] http.headers 138 - http-outgoing-2 >> Content-Type: application/json; charset=utf-8
08-15-2018 18:17:39 LoggingManagedHttpClientConnection.java DEBUG [Forwarding setTimeout on session 157f7deaf4458e539c1c340fc0975aa2 to remote] http.headers 138 - http-outgoing-2 >> Content-Length: 30
08-15-2018 18:17:39 LoggingManagedHttpClientConnection.java DEBUG [Forwarding setTimeout on session 157f7deaf4458e539c1c340fc0975aa2 to remote] http.headers 138 - http-outgoing-2 >> Host: localhost:7334
08-15-2018 18:17:39 LoggingManagedHttpClientConnection.java DEBUG [Forwarding setTimeout on session 157f7deaf4458e539c1c340fc0975aa2 to remote] http.headers 138 - http-outgoing-2 >> Connection: Keep-Alive
08-15-2018 18:17:39 LoggingManagedHttpClientConnection.java DEBUG [Forwarding setTimeout on session 157f7deaf4458e539c1c340fc0975aa2 to remote] http.headers 138 - http-outgoing-2 >> User-Agent: Apache-HttpClient/4.5.1 (Java/1.8.0_131)
08-15-2018 18:17:39 LoggingManagedHttpClientConnection.java DEBUG [Forwarding setTimeout on session 157f7deaf4458e539c1c340fc0975aa2 to remote] http.headers 138 - http-outgoing-2 >> Accept-Encoding: gzip,deflate
08-15-2018 18:17:39 Wire.java DEBUG [Forwarding setTimeout on session 157f7deaf4458e539c1c340fc0975aa2 to remote] http.wire 72 - http-outgoing-2 >> "POST /session/157f7deaf4458e539c1c340fc0975aa2/timeouts HTTP/1.1[\r][\n]"
08-15-2018 18:17:39 Wire.java DEBUG [Forwarding setTimeout on session 157f7deaf4458e539c1c340fc0975aa2 to remote] http.wire 72 - http-outgoing-2 >> "Content-Type: application/json; charset=utf-8[\r][\n]"
08-15-2018 18:17:39 Wire.java DEBUG [Forwarding setTimeout on session 157f7deaf4458e539c1c340fc0975aa2 to remote] http.wire 72 - http-outgoing-2 >> "Content-Length: 30[\r][\n]"
08-15-2018 18:17:39 Wire.java DEBUG [Forwarding setTimeout on session 157f7deaf4458e539c1c340fc0975aa2 to remote] http.wire 72 - http-outgoing-2 >> "Host: localhost:7334[\r][\n]"
08-15-2018 18:17:39 Wire.java DEBUG [Forwarding setTimeout on session 157f7deaf4458e539c1c340fc0975aa2 to remote] http.wire 72 - http-outgoing-2 >> "Connection: Keep-Alive[\r][\n]"
08-15-2018 18:17:39 Wire.java DEBUG [Forwarding setTimeout on session 157f7deaf4458e539c1c340fc0975aa2 to remote] http.wire 86 - http-outgoing-1 << "[read] I/O error: Read timed out"
08-15-2018 18:17:39 LoggingManagedHttpClientConnection.java DEBUG [Forwarding setTimeout on session 157f7deaf4458e539c1c340fc0975aa2 to remote] conn.DefaultManagedHttpClientConnection 90 - http-outgoing-1: set socket timeout to 10800000
08-15-2018 18:17:39 MainClientExec.java DEBUG [Forwarding setTimeout on session 157f7deaf4458e539c1c340fc0975aa2 to remote] execchain.MainClientExec 255 - Executing request POST /session/157f7deaf4458e539c1c340fc0975aa2/timeouts HTTP/1.1
08-15-2018 18:17:39 MainClientExec.java DEBUG [Forwarding setTimeout on session 157f7deaf4458e539c1c340fc0975aa2 to remote] execchain.MainClientExec 260 - Target auth state: UNCHALLENGED
08-15-2018 18:17:39 MainClientExec.java DEBUG [Forwarding setTimeout on session 157f7deaf4458e539c1c340fc0975aa2 to remote] execchain.MainClientExec 266 - Proxy auth state: UNCHALLENGED
08-15-2018 18:17:39 Wire.java DEBUG [Forwarding setTimeout on session 157f7deaf4458e539c1c340fc0975aa2 to remote] http.wire 72 - http-outgoing-2 >> "User-Agent: Apache-HttpClient/4.5.1 (Java/1.8.0_131)[\r][\n]"
08-15-2018 18:17:39 LoggingManagedHttpClientConnection.java DEBUG [Forwarding setTimeout on session 157f7deaf4458e539c1c340fc0975aa2 to remote] http.headers 135 - http-outgoing-1 >> POST /session/157f7deaf4458e539c1c340fc0975aa2/timeouts HTTP/1.1
08-15-2018 18:17:39 Wire.java DEBUG [Forwarding setTimeout on session 157f7deaf4458e539c1c340fc0975aa2 to remote] http.wire 72 - http-outgoing-2 >> "Accept-Encoding: gzip,deflate[\r][\n]"
08-15-2018 18:17:39 LoggingManagedHttpClientConnection.java DEBUG [Forwarding setTimeout on session 157f7deaf4458e539c1c340fc0975aa2 to remote] http.headers 138 - http-outgoing-1 >> Content-Type: application/json; charset=utf-8
08-15-2018 18:17:39 LoggingManagedHttpClientConnection.java DEBUG [Forwarding setTimeout on session 157f7deaf4458e539c1c340fc0975aa2 to remote] http.headers 138 - http-outgoing-1 >> Content-Length: 30
08-15-2018 18:17:39 Wire.java DEBUG [Forwarding setTimeout on session 157f7deaf4458e539c1c340fc0975aa2 to remote] http.wire 72 - http-outgoing-2 >> "[\r][\n]"
08-15-2018 18:17:39 LoggingManagedHttpClientConnection.java DEBUG [Forwarding setTimeout on session 157f7deaf4458e539c1c340fc0975aa2 to remote] http.headers 138 - http-outgoing-1 >> Host: localhost:7334
08-15-2018 18:17:39 Wire.java DEBUG [Forwarding setTimeout on session 157f7deaf4458e539c1c340fc0975aa2 to remote] http.wire 86 - http-outgoing-2 >> "{"type":"implicit","ms":10000}"
08-15-2018 18:17:39 LoggingManagedHttpClientConnection.java DEBUG [Forwarding setTimeout on session 157f7deaf4458e539c1c340fc0975aa2 to remote] http.headers 138 - http-outgoing-1 >> Connection: Keep-Alive
08-15-2018 18:17:39 LoggingManagedHttpClientConnection.java DEBUG [Forwarding setTimeout on session 157f7deaf4458e539c1c340fc0975aa2 to remote] http.headers 138 - http-outgoing-1 >> User-Agent: Apache-HttpClient/4.5.1 (Java/1.8.0_131)
08-15-2018 18:17:39 LoggingManagedHttpClientConnection.java DEBUG [Forwarding setTimeout on session 157f7deaf4458e539c1c340fc0975aa2 to remote] http.headers 138 - http-outgoing-1 >> Accept-Encoding: gzip,deflate
08-15-2018 18:17:39 Wire.java DEBUG [Forwarding setTimeout on session 157f7deaf4458e539c1c340fc0975aa2 to remote] http.wire 72 - http-outgoing-1 >> "POST /session/157f7deaf4458e539c1c340fc0975aa2/timeouts HTTP/1.1[\r][\n]"
08-15-2018 18:17:39 Wire.java DEBUG [Forwarding setTimeout on session 157f7deaf4458e539c1c340fc0975aa2 to remote] http.wire 72 - http-outgoing-1 >> "Content-Type: application/json; charset=utf-8[\r][\n]"
08-15-2018 18:17:39 Wire.java DEBUG [Forwarding setTimeout on session 157f7deaf4458e539c1c340fc0975aa2 to remote] http.wire 72 - http-outgoing-1 >> "Content-Length: 30[\r][\n]"
08-15-2018 18:17:39 Wire.java DEBUG [Forwarding setTimeout on session 157f7deaf4458e539c1c340fc0975aa2 to remote] http.wire 72 - http-outgoing-1 >> "Host: localhost:7334[\r][\n]"
08-15-2018 18:17:39 Wire.java DEBUG [Forwarding setTimeout on session 157f7deaf4458e539c1c340fc0975aa2 to remote] http.wire 72 - http-outgoing-1 >> "Connection: Keep-Alive[\r][\n]"
08-15-2018 18:17:39 Wire.java DEBUG [Forwarding setTimeout on session 157f7deaf4458e539c1c340fc0975aa2 to remote] http.wire 72 - http-outgoing-1 >> "User-Agent: Apache-HttpClient/4.5.1 (Java/1.8.0_131)[\r][\n]"
08-15-2018 18:17:39 Wire.java DEBUG [Forwarding setTimeout on session 157f7deaf4458e539c1c340fc0975aa2 to remote] http.wire 72 - http-outgoing-1 >> "Accept-Encoding: gzip,deflate[\r][\n]"
08-15-2018 18:17:39 Wire.java DEBUG [Forwarding setTimeout on session 157f7deaf4458e539c1c340fc0975aa2 to remote] http.wire 72 - http-outgoing-1 >> "[\r][\n]"
08-15-2018 18:17:39 Wire.java DEBUG [Forwarding setTimeout on session 157f7deaf4458e539c1c340fc0975aa2 to remote] http.wire 86 - http-outgoing-1 >> "{"type":"implicit","ms":10000}"
08-15-2018 18:17:39 Wire.java DEBUG [Forwarding setTimeout on session 157f7deaf4458e539c1c340fc0975aa2 to remote] http.wire 72 - http-outgoing-2 << "HTTP/1.1 200 OK[\r][\n]"
08-15-2018 18:17:39 Wire.java DEBUG [Forwarding setTimeout on session 157f7deaf4458e539c1c340fc0975aa2 to remote] http.wire 72 - http-outgoing-2 << "Content-Length:72[\r][\n]"
08-15-2018 18:17:39 Wire.java DEBUG [Forwarding setTimeout on session 157f7deaf4458e539c1c340fc0975aa2 to remote] http.wire 72 - http-outgoing-2 << "Content-Type:application/json; charset=utf-8[\r][\n]"
08-15-2018 18:17:39 Wire.java DEBUG [Forwarding setTimeout on session 157f7deaf4458e539c1c340fc0975aa2 to remote] http.wire 72 - http-outgoing-2 << "[\r][\n]"
08-15-2018 18:17:39 Wire.java DEBUG [Forwarding setTimeout on session 157f7deaf4458e539c1c340fc0975aa2 to remote] http.wire 86 - http-outgoing-2 << "{"sessionId":"157f7deaf4458e539c1c340fc0975aa2","status":0,"value":null}"
08-15-2018 18:17:39 LoggingManagedHttpClientConnection.java DEBUG [Forwarding setTimeout on session 157f7deaf4458e539c1c340fc0975aa2 to remote] http.headers 124 - http-outgoing-2 << HTTP/1.1 200 OK
08-15-2018 18:17:39 LoggingManagedHttpClientConnection.java DEBUG [Forwarding setTimeout on session 157f7deaf4458e539c1c340fc0975aa2 to remote] http.headers 127 - http-outgoing-2 << Content-Length:72
08-15-2018 18:17:39 LoggingManagedHttpClientConnection.java DEBUG [Forwarding setTimeout on session 157f7deaf4458e539c1c340fc0975aa2 to remote] http.headers 127 - http-outgoing-2 << Content-Type:application/json; charset=utf-8
08-15-2018 18:17:39 MainClientExec.java DEBUG [Forwarding setTimeout on session 157f7deaf4458e539c1c340fc0975aa2 to remote] execchain.MainClientExec 284 - Connection can be kept alive indefinitely
08-15-2018 18:17:39 PoolingHttpClientConnectionManager.java DEBUG [Forwarding setTimeout on session 157f7deaf4458e539c1c340fc0975aa2 to remote] conn.PoolingHttpClientConnectionManager 314 - Connection [id: 2][route: {}->http://localhost:7334] can be kept alive indefinitely
08-15-2018 18:17:39 PoolingHttpClientConnectionManager.java DEBUG [Forwarding setTimeout on session 157f7deaf4458e539c1c340fc0975aa2 to remote] conn.PoolingHttpClientConnectionManager 320 - Connection released: [id: 2][route: {}->http://localhost:7334][total kept alive: 2; route allocated: 2 of 2000; total allocated: 3 of 2000]
08-15-2018 18:17:39 RequestAddCookies.java DEBUG [Forwarding setTimeout on session 157f7deaf4458e539c1c340fc0975aa2 to remote] protocol.RequestAddCookies 122 - CookieSpec selected: default
08-15-2018 18:17:39 RequestAuthCache.java DEBUG [Forwarding setTimeout on session 157f7deaf4458e539c1c340fc0975aa2 to remote] protocol.RequestAuthCache 76 - Auth cache not set in the context
08-15-2018 18:17:39 Wire.java DEBUG [Forwarding setTimeout on session 157f7deaf4458e539c1c340fc0975aa2 to remote] http.wire 72 - http-outgoing-1 << "HTTP/1.1 200 OK[\r][\n]"
08-15-2018 18:17:39 PoolingHttpClientConnectionManager.java DEBUG [Forwarding setTimeout on session 157f7deaf4458e539c1c340fc0975aa2 to remote] conn.PoolingHttpClientConnectionManager 249 - Connection request: [route: {}->http://localhost:7334][total kept alive: 2; route allocated: 2 of 2000; total allocated: 3 of 2000]
08-15-2018 18:17:39 Wire.java DEBUG [Forwarding setTimeout on session 157f7deaf4458e539c1c340fc0975aa2 to remote] http.wire 72 - http-outgoing-1 << "Content-Length:72[\r][\n]"
08-15-2018 18:17:39 PoolingHttpClientConnectionManager.java DEBUG [Forwarding setTimeout on session 157f7deaf4458e539c1c340fc0975aa2 to remote] conn.PoolingHttpClientConnectionManager 282 - Connection leased: [id: 2][route: {}->http://localhost:7334][total kept alive: 1; route allocated: 2 of 2000; total allocated: 3 of 2000]
08-15-2018 18:17:39 Wire.java DEBUG [Forwarding setTimeout on session 157f7deaf4458e539c1c340fc0975aa2 to remote] http.wire 72 - http-outgoing-1 << "Content-Type:application/json; charset=utf-8[\r][\n]"
08-15-2018 18:17:39 Wire.java DEBUG [Forwarding setTimeout on session 157f7deaf4458e539c1c340fc0975aa2 to remote] http.wire 72 - http-outgoing-1 << "[\r][\n]"
08-15-2018 18:17:39 Wire.java DEBUG [Forwarding setTimeout on session 157f7deaf4458e539c1c340fc0975aa2 to remote] http.wire 86 - http-outgoing-1 << "{"sessionId":"157f7deaf4458e539c1c340fc0975aa2","status":0,"value":null}"
08-15-2018 18:17:39 LoggingManagedHttpClientConnection.java DEBUG [Forwarding setTimeout on session 157f7deaf4458e539c1c340fc0975aa2 to remote] http.headers 124 - http-outgoing-1 << HTTP/1.1 200 OK
08-15-2018 18:17:39 LoggingManagedHttpClientConnection.java DEBUG [Forwarding setTimeout on session 157f7deaf4458e539c1c340fc0975aa2 to remote] http.headers 127 - http-outgoing-1 << Content-Length:72
08-15-2018 18:17:39 LoggingManagedHttpClientConnection.java DEBUG [Forwarding setTimeout on session 157f7deaf4458e539c1c340fc0975aa2 to remote] http.headers 127 - http-outgoing-1 << Content-Type:application/json; charset=utf-8
08-15-2018 18:17:39 MainClientExec.java DEBUG [Forwarding setTimeout on session 157f7deaf4458e539c1c340fc0975aa2 to remote] execchain.MainClientExec 284 - Connection can be kept alive indefinitely
08-15-2018 18:17:39 MainClientExec.java DEBUG [Forwarding setTimeout on session 157f7deaf4458e539c1c340fc0975aa2 to remote] execchain.MainClientExec 207 - Stale connection check
08-15-2018 18:17:39 PoolingHttpClientConnectionManager.java DEBUG [Forwarding setTimeout on session 157f7deaf4458e539c1c340fc0975aa2 to remote] conn.PoolingHttpClientConnectionManager 314 - Connection [id: 1][route: {}->http://localhost:7334] can be kept alive indefinitely
08-15-2018 18:17:39 PoolingHttpClientConnectionManager.java DEBUG [Forwarding setTimeout on session 157f7deaf4458e539c1c340fc0975aa2 to remote] conn.PoolingHttpClientConnectionManager 320 - Connection released: [id: 1][route: {}->http://localhost:7334][total kept alive: 2; route allocated: 2 of 2000; total allocated: 3 of 2000]
08-15-2018 18:17:39 Wire.java DEBUG [Forwarding setTimeout on session 157f7deaf4458e539c1c340fc0975aa2 to remote] http.wire 86 - http-outgoing-2 << "[read] I/O error: Read timed out"
08-15-2018 18:17:39 LoggingManagedHttpClientConnection.java DEBUG [Forwarding setTimeout on session 157f7deaf4458e539c1c340fc0975aa2 to remote] conn.DefaultManagedHttpClientConnection 90 - http-outgoing-2: set socket timeout to 10800000
08-15-2018 18:17:39 MainClientExec.java DEBUG [Forwarding setTimeout on session 157f7deaf4458e539c1c340fc0975aa2 to remote] execchain.MainClientExec 255 - Executing request POST /session/157f7deaf4458e539c1c340fc0975aa2/timeouts HTTP/1.1
08-15-2018 18:17:39 MainClientExec.java DEBUG [Forwarding setTimeout on session 157f7deaf4458e539c1c340fc0975aa2 to remote] execchain.MainClientExec 260 - Target auth state: UNCHALLENGED
08-15-2018 18:17:39 MainClientExec.java DEBUG [Forwarding setTimeout on session 157f7deaf4458e539c1c340fc0975aa2 to remote] execchain.MainClientExec 266 - Proxy auth state: UNCHALLENGED
08-15-2018 18:17:39 RequestAddCookies.java DEBUG [Forwarding setTimeout on session 157f7deaf4458e539c1c340fc0975aa2 to remote] protocol.RequestAddCookies 122 - CookieSpec selected: default
08-15-2018 18:17:39 RequestAuthCache.java DEBUG [Forwarding setTimeout on session 157f7deaf4458e539c1c340fc0975aa2 to remote] protocol.RequestAuthCache 76 - Auth cache not set in the context
08-15-2018 18:17:39 PoolingHttpClientConnectionManager.java DEBUG [Forwarding setTimeout on session 157f7deaf4458e539c1c340fc0975aa2 to remote] conn.PoolingHttpClientConnectionManager 249 - Connection request: [route: {}->http://localhost:7334][total kept alive: 2; route allocated: 2 of 2000; total allocated: 3 of 2000]
08-15-2018 18:17:39 LoggingManagedHttpClientConnection.java DEBUG [Forwarding setTimeout on session 157f7deaf4458e539c1c340fc0975aa2 to remote] http.headers 135 - http-outgoing-2 >> POST /session/157f7deaf4458e539c1c340fc0975aa2/timeouts HTTP/1.1
08-15-2018 18:17:39 PoolingHttpClientConnectionManager.java DEBUG [Forwarding setTimeout on session 157f7deaf4458e539c1c340fc0975aa2 to remote] conn.PoolingHttpClientConnectionManager 282 - Connection leased: [id: 1][route: {}->http://localhost:7334][total kept alive: 1; route allocated: 2 of 2000; total allocated: 3 of 2000]
08-15-2018 18:17:39 LoggingManagedHttpClientConnection.java DEBUG [Forwarding setTimeout on session 157f7deaf4458e539c1c340fc0975aa2 to remote] http.headers 138 - http-outgoing-2 >> Content-Type: application/json; charset=utf-8
08-15-2018 18:17:39 MainClientExec.java DEBUG [Forwarding setTimeout on session 157f7deaf4458e539c1c340fc0975aa2 to remote] execchain.MainClientExec 207 - Stale connection check
08-15-2018 18:17:39 LoggingManagedHttpClientConnection.java DEBUG [Forwarding setTimeout on session 157f7deaf4458e539c1c340fc0975aa2 to remote] http.headers 138 - http-outgoing-2 >> Content-Length: 31
08-15-2018 18:17:39 LoggingManagedHttpClientConnection.java DEBUG [Forwarding setTimeout on session 157f7deaf4458e539c1c340fc0975aa2 to remote] http.headers 138 - http-outgoing-2 >> Host: localhost:7334
08-15-2018 18:17:39 LoggingManagedHttpClientConnection.java DEBUG [Forwarding setTimeout on session 157f7deaf4458e539c1c340fc0975aa2 to remote] http.headers 138 - http-outgoing-2 >> Connection: Keep-Alive
08-15-2018 18:17:39 LoggingManagedHttpClientConnection.java DEBUG [Forwarding setTimeout on session 157f7deaf4458e539c1c340fc0975aa2 to remote] http.headers 138 - http-outgoing-2 >> User-Agent: Apache-HttpClient/4.5.1 (Java/1.8.0_131)
08-15-2018 18:17:39 LoggingManagedHttpClientConnection.java DEBUG [Forwarding setTimeout on session 157f7deaf4458e539c1c340fc0975aa2 to remote] http.headers 138 - http-outgoing-2 >> Accept-Encoding: gzip,deflate
08-15-2018 18:17:39 Wire.java DEBUG [Forwarding setTimeout on session 157f7deaf4458e539c1c340fc0975aa2 to remote] http.wire 72 - http-outgoing-2 >> "POST /session/157f7deaf4458e539c1c340fc0975aa2/timeouts HTTP/1.1[\r][\n]"
08-15-2018 18:17:39 Wire.java DEBUG [Forwarding setTimeout on session 157f7deaf4458e539c1c340fc0975aa2 to remote] http.wire 72 - http-outgoing-2 >> "Content-Type: application/json; charset=utf-8[\r][\n]"
08-15-2018 18:17:39 Wire.java DEBUG [Forwarding setTimeout on session 157f7deaf4458e539c1c340fc0975aa2 to remote] http.wire 72 - http-outgoing-2 >> "Content-Length: 31[\r][\n]"
08-15-2018 18:17:39 Wire.java DEBUG [Forwarding setTimeout on session 157f7deaf4458e539c1c340fc0975aa2 to remote] http.wire 72 - http-outgoing-2 >> "Host: localhost:7334[\r][\n]"
08-15-2018 18:17:39 Wire.java DEBUG [Forwarding setTimeout on session 157f7deaf4458e539c1c340fc0975aa2 to remote] http.wire 86 - http-outgoing-1 << "[read] I/O error: Read timed out"
08-15-2018 18:17:39 Wire.java DEBUG [Forwarding setTimeout on session 157f7deaf4458e539c1c340fc0975aa2 to remote] http.wire 72 - http-outgoing-2 >> "Connection: Keep-Alive[\r][\n]"
08-15-2018 18:17:39 LoggingManagedHttpClientConnection.java DEBUG [Forwarding setTimeout on session 157f7deaf4458e539c1c340fc0975aa2 to remote] conn.DefaultManagedHttpClientConnection 90 - http-outgoing-1: set socket timeout to 10800000
08-15-2018 18:17:39 Wire.java DEBUG [Forwarding setTimeout on session 157f7deaf4458e539c1c340fc0975aa2 to remote] http.wire 72 - http-outgoing-2 >> "User-Agent: Apache-HttpClient/4.5.1 (Java/1.8.0_131)[\r][\n]"
08-15-2018 18:17:39 MainClientExec.java DEBUG [Forwarding setTimeout on session 157f7deaf4458e539c1c340fc0975aa2 to remote] execchain.MainClientExec 255 - Executing request POST /session/157f7deaf4458e539c1c340fc0975aa2/timeouts HTTP/1.1
08-15-2018 18:17:39 MainClientExec.java DEBUG [Forwarding setTimeout on session 157f7deaf4458e539c1c340fc0975aa2 to remote] execchain.MainClientExec 260 - Target auth state: UNCHALLENGED
08-15-2018 18:17:39 Wire.java DEBUG [Forwarding setTimeout on session 157f7deaf4458e539c1c340fc0975aa2 to remote] http.wire 72 - http-outgoing-2 >> "Accept-Encoding: gzip,deflate[\r][\n]"
08-15-2018 18:17:39 MainClientExec.java DEBUG [Forwarding setTimeout on session 157f7deaf4458e539c1c340fc0975aa2 to remote] execchain.MainClientExec 266 - Proxy auth state: UNCHALLENGED
08-15-2018 18:17:39 Wire.java DEBUG [Forwarding setTimeout on session 157f7deaf4458e539c1c340fc0975aa2 to remote] http.wire 72 - http-outgoing-2 >> "[\r][\n]"
08-15-2018 18:17:39 LoggingManagedHttpClientConnection.java DEBUG [Forwarding setTimeout on session 157f7deaf4458e539c1c340fc0975aa2 to remote] http.headers 135 - http-outgoing-1 >> POST /session/157f7deaf4458e539c1c340fc0975aa2/timeouts HTTP/1.1
08-15-2018 18:17:39 LoggingManagedHttpClientConnection.java DEBUG [Forwarding setTimeout on session 157f7deaf4458e539c1c340fc0975aa2 to remote] http.headers 138 - http-outgoing-1 >> Content-Type: application/json; charset=utf-8
08-15-2018 18:17:39 LoggingManagedHttpClientConnection.java DEBUG [Forwarding setTimeout on session 157f7deaf4458e539c1c340fc0975aa2 to remote] http.headers 138 - http-outgoing-1 >> Content-Length: 31
08-15-2018 18:17:39 LoggingManagedHttpClientConnection.java DEBUG [Forwarding setTimeout on session 157f7deaf4458e539c1c340fc0975aa2 to remote] http.headers 138 - http-outgoing-1 >> Host: localhost:7334
08-15-2018 18:17:39 Wire.java DEBUG [Forwarding setTimeout on session 157f7deaf4458e539c1c340fc0975aa2 to remote] http.wire 86 - http-outgoing-2 >> "{"type":"page load","ms":20000}"
08-15-2018 18:17:39 LoggingManagedHttpClientConnection.java DEBUG [Forwarding setTimeout on session 157f7deaf4458e539c1c340fc0975aa2 to remote] http.headers 138 - http-outgoing-1 >> Connection: Keep-Alive
08-15-2018 18:17:39 LoggingManagedHttpClientConnection.java DEBUG [Forwarding setTimeout on session 157f7deaf4458e539c1c340fc0975aa2 to remote] http.headers 138 - http-outgoing-1 >> User-Agent: Apache-HttpClient/4.5.1 (Java/1.8.0_131)
08-15-2018 18:17:39 LoggingManagedHttpClientConnection.java DEBUG [Forwarding setTimeout on session 157f7deaf4458e539c1c340fc0975aa2 to remote] http.headers 138 - http-outgoing-1 >> Accept-Encoding: gzip,deflate
08-15-2018 18:17:39 Wire.java DEBUG [Forwarding setTimeout on session 157f7deaf4458e539c1c340fc0975aa2 to remote] http.wire 72 - http-outgoing-2 << "HTTP/1.1 200 OK[\r][\n]"
08-15-2018 18:17:39 Wire.java DEBUG [Forwarding setTimeout on session 157f7deaf4458e539c1c340fc0975aa2 to remote] http.wire 72 - http-outgoing-1 >> "POST /session/157f7deaf4458e539c1c340fc0975aa2/timeouts HTTP/1.1[\r][\n]"
08-15-2018 18:17:39 Wire.java DEBUG [Forwarding setTimeout on session 157f7deaf4458e539c1c340fc0975aa2 to remote] http.wire 72 - http-outgoing-2 << "Content-Length:72[\r][\n]"
08-15-2018 18:17:39 Wire.java DEBUG [Forwarding setTimeout on session 157f7deaf4458e539c1c340fc0975aa2 to remote] http.wire 72 - http-outgoing-1 >> "Content-Type: application/json; charset=utf-8[\r][\n]"
08-15-2018 18:17:39 Wire.java DEBUG [Forwarding setTimeout on session 157f7deaf4458e539c1c340fc0975aa2 to remote] http.wire 72 - http-outgoing-2 << "Content-Type:application/json; charset=utf-8[\r][\n]"
08-15-2018 18:17:39 Wire.java DEBUG [Forwarding setTimeout on session 157f7deaf4458e539c1c340fc0975aa2 to remote] http.wire 72 - http-outgoing-2 << "[\r][\n]"
08-15-2018 18:17:39 Wire.java DEBUG [Forwarding setTimeout on session 157f7deaf4458e539c1c340fc0975aa2 to remote] http.wire 86 - http-outgoing-2 << "{"sessionId":"157f7deaf4458e539c1c340fc0975aa2","status":0,"value":null}"
08-15-2018 18:17:39 Wire.java DEBUG [Forwarding setTimeout on session 157f7deaf4458e539c1c340fc0975aa2 to remote] http.wire 72 - http-outgoing-1 >> "Content-Length: 31[\r][\n]"
08-15-2018 18:17:39 LoggingManagedHttpClientConnection.java DEBUG [Forwarding setTimeout on session 157f7deaf4458e539c1c340fc0975aa2 to remote] http.headers 124 - http-outgoing-2 << HTTP/1.1 200 OK
08-15-2018 18:17:39 LoggingManagedHttpClientConnection.java DEBUG [Forwarding setTimeout on session 157f7deaf4458e539c1c340fc0975aa2 to remote] http.headers 127 - http-outgoing-2 << Content-Length:72
08-15-2018 18:17:39 Wire.java DEBUG [Forwarding setTimeout on session 157f7deaf4458e539c1c340fc0975aa2 to remote] http.wire 72 - http-outgoing-1 >> "Host: localhost:7334[\r][\n]"
08-15-2018 18:17:39 LoggingManagedHttpClientConnection.java DEBUG [Forwarding setTimeout on session 157f7deaf4458e539c1c340fc0975aa2 to remote] http.headers 127 - http-outgoing-2 << Content-Type:application/json; charset=utf-8
08-15-2018 18:17:39 Wire.java DEBUG [Forwarding setTimeout on session 157f7deaf4458e539c1c340fc0975aa2 to remote] http.wire 72 - http-outgoing-1 >> "Connection: Keep-Alive[\r][\n]"
08-15-2018 18:17:39 MainClientExec.java DEBUG [Forwarding setTimeout on session 157f7deaf4458e539c1c340fc0975aa2 to remote] execchain.MainClientExec 284 - Connection can be kept alive indefinitely
08-15-2018 18:17:39 Wire.java DEBUG [Forwarding setTimeout on session 157f7deaf4458e539c1c340fc0975aa2 to remote] http.wire 72 - http-outgoing-1 >> "User-Agent: Apache-HttpClient/4.5.1 (Java/1.8.0_131)[\r][\n]"
08-15-2018 18:17:39 PoolingHttpClientConnectionManager.java DEBUG [Forwarding setTimeout on session 157f7deaf4458e539c1c340fc0975aa2 to remote] conn.PoolingHttpClientConnectionManager 314 - Connection [id: 2][route: {}->http://localhost:7334] can be kept alive indefinitely
08-15-2018 18:17:39 Wire.java DEBUG [Forwarding setTimeout on session 157f7deaf4458e539c1c340fc0975aa2 to remote] http.wire 72 - http-outgoing-1 >> "Accept-Encoding: gzip,deflate[\r][\n]"
08-15-2018 18:17:39 PoolingHttpClientConnectionManager.java DEBUG [Forwarding setTimeout on session 157f7deaf4458e539c1c340fc0975aa2 to remote] conn.PoolingHttpClientConnectionManager 320 - Connection released: [id: 2][route: {}->http://localhost:7334][total kept alive: 2; route allocated: 2 of 2000; total allocated: 3 of 2000]
08-15-2018 18:17:39 Wire.java DEBUG [Forwarding setTimeout on session 157f7deaf4458e539c1c340fc0975aa2 to remote] http.wire 72 - http-outgoing-1 >> "[\r][\n]"
08-15-2018 18:17:39 Wire.java DEBUG [Forwarding setTimeout on session 157f7deaf4458e539c1c340fc0975aa2 to remote] http.wire 86 - http-outgoing-1 >> "{"type":"page load","ms":20000}"
08-15-2018 18:17:39 Wire.java DEBUG [Forwarding setTimeout on session 157f7deaf4458e539c1c340fc0975aa2 to remote] http.wire 72 - http-outgoing-1 << "HTTP/1.1 200 OK[\r][\n]"
08-15-2018 18:17:39 Wire.java DEBUG [Forwarding setTimeout on session 157f7deaf4458e539c1c340fc0975aa2 to remote] http.wire 72 - http-outgoing-1 << "Content-Length:72[\r][\n]"
08-15-2018 18:17:39 Wire.java DEBUG [Forwarding setTimeout on session 157f7deaf4458e539c1c340fc0975aa2 to remote] http.wire 72 - http-outgoing-1 << "Content-Type:application/json; charset=utf-8[\r][\n]"
08-15-2018 18:17:39 Wire.java DEBUG [Forwarding setTimeout on session 157f7deaf4458e539c1c340fc0975aa2 to remote] http.wire 72 - http-outgoing-1 << "[\r][\n]"
08-15-2018 18:17:39 Wire.java DEBUG [Forwarding setTimeout on session 157f7deaf4458e539c1c340fc0975aa2 to remote] http.wire 86 - http-outgoing-1 << "{"sessionId":"157f7deaf4458e539c1c340fc0975aa2","status":0,"value":null}"
08-15-2018 18:17:39 LoggingManagedHttpClientConnection.java DEBUG [Forwarding setTimeout on session 157f7deaf4458e539c1c340fc0975aa2 to remote] http.headers 124 - http-outgoing-1 << HTTP/1.1 200 OK
08-15-2018 18:17:39 LoggingManagedHttpClientConnection.java DEBUG [Forwarding setTimeout on session 157f7deaf4458e539c1c340fc0975aa2 to remote] http.headers 127 - http-outgoing-1 << Content-Length:72
08-15-2018 18:17:39 LoggingManagedHttpClientConnection.java DEBUG [Forwarding setTimeout on session 157f7deaf4458e539c1c340fc0975aa2 to remote] http.headers 127 - http-outgoing-1 << Content-Type:application/json; charset=utf-8
08-15-2018 18:17:39 MainClientExec.java DEBUG [Forwarding setTimeout on session 157f7deaf4458e539c1c340fc0975aa2 to remote] execchain.MainClientExec 284 - Connection can be kept alive indefinitely
08-15-2018 18:17:39 PoolingHttpClientConnectionManager.java DEBUG [Forwarding setTimeout on session 157f7deaf4458e539c1c340fc0975aa2 to remote] conn.PoolingHttpClientConnectionManager 314 - Connection [id: 1][route: {}->http://localhost:7334] can be kept alive indefinitely
08-15-2018 18:17:39 PoolingHttpClientConnectionManager.java DEBUG [Forwarding setTimeout on session 157f7deaf4458e539c1c340fc0975aa2 to remote] conn.PoolingHttpClientConnectionManager 320 - Connection released: [id: 1][route: {}->http://localhost:7334][total kept alive: 3; route allocated: 2 of 2000; total allocated: 3 of 2000]
08-15-2018 18:17:39 RequestAddCookies.java DEBUG [Forwarding findElement on session 157f7deaf4458e539c1c340fc0975aa2 to remote] protocol.RequestAddCookies 122 - CookieSpec selected: default
08-15-2018 18:17:39 RequestAddCookies.java DEBUG [Forwarding findElement on session 157f7deaf4458e539c1c340fc0975aa2 to remote] protocol.RequestAddCookies 122 - CookieSpec selected: default
08-15-2018 18:17:39 RequestAuthCache.java DEBUG [Forwarding findElement on session 157f7deaf4458e539c1c340fc0975aa2 to remote] protocol.RequestAuthCache 76 - Auth cache not set in the context
08-15-2018 18:17:39 RequestAuthCache.java DEBUG [Forwarding findElement on session 157f7deaf4458e539c1c340fc0975aa2 to remote] protocol.RequestAuthCache 76 - Auth cache not set in the context
08-15-2018 18:17:39 PoolingHttpClientConnectionManager.java DEBUG [Forwarding findElement on session 157f7deaf4458e539c1c340fc0975aa2 to remote] conn.PoolingHttpClientConnectionManager 249 - Connection request: [route: {}->http://localhost:7334][total kept alive: 3; route allocated: 2 of 2000; total allocated: 3 of 2000]
08-15-2018 18:17:39 PoolingHttpClientConnectionManager.java DEBUG [Forwarding findElement on session 157f7deaf4458e539c1c340fc0975aa2 to remote] conn.PoolingHttpClientConnectionManager 249 - Connection request: [route: {}->http://localhost:7334][total kept alive: 3; route allocated: 2 of 2000; total allocated: 3 of 2000]
08-15-2018 18:17:39 PoolingHttpClientConnectionManager.java DEBUG [Forwarding findElement on session 157f7deaf4458e539c1c340fc0975aa2 to remote] conn.PoolingHttpClientConnectionManager 282 - Connection leased: [id: 1][route: {}->http://localhost:7334][total kept alive: 2; route allocated: 2 of 2000; total allocated: 3 of 2000]
08-15-2018 18:17:39 PoolingHttpClientConnectionManager.java DEBUG [Forwarding findElement on session 157f7deaf4458e539c1c340fc0975aa2 to remote] conn.PoolingHttpClientConnectionManager 282 - Connection leased: [id: 2][route: {}->http://localhost:7334][total kept alive: 1; route allocated: 2 of 2000; total allocated: 3 of 2000]
08-15-2018 18:17:39 MainClientExec.java DEBUG [Forwarding findElement on session 157f7deaf4458e539c1c340fc0975aa2 to remote] execchain.MainClientExec 207 - Stale connection check
08-15-2018 18:17:39 MainClientExec.java DEBUG [Forwarding findElement on session 157f7deaf4458e539c1c340fc0975aa2 to remote] execchain.MainClientExec 207 - Stale connection check
08-15-2018 18:17:39 Wire.java DEBUG [Forwarding findElement on session 157f7deaf4458e539c1c340fc0975aa2 to remote] http.wire 86 - http-outgoing-2 << "[read] I/O error: Read timed out"
08-15-2018 18:17:39 Wire.java DEBUG [Forwarding findElement on session 157f7deaf4458e539c1c340fc0975aa2 to remote] http.wire 86 - http-outgoing-1 << "[read] I/O error: Read timed out"
08-15-2018 18:17:39 LoggingManagedHttpClientConnection.java DEBUG [Forwarding findElement on session 157f7deaf4458e539c1c340fc0975aa2 to remote] conn.DefaultManagedHttpClientConnection 90 - http-outgoing-2: set socket timeout to 10800000
08-15-2018 18:17:39 LoggingManagedHttpClientConnection.java DEBUG [Forwarding findElement on session 157f7deaf4458e539c1c340fc0975aa2 to remote] conn.DefaultManagedHttpClientConnection 90 - http-outgoing-1: set socket timeout to 10800000
08-15-2018 18:17:39 MainClientExec.java DEBUG [Forwarding findElement on session 157f7deaf4458e539c1c340fc0975aa2 to remote] execchain.MainClientExec 255 - Executing request POST /session/157f7deaf4458e539c1c340fc0975aa2/element HTTP/1.1
08-15-2018 18:17:39 MainClientExec.java DEBUG [Forwarding findElement on session 157f7deaf4458e539c1c340fc0975aa2 to remote] execchain.MainClientExec 255 - Executing request POST /session/157f7deaf4458e539c1c340fc0975aa2/element HTTP/1.1
08-15-2018 18:17:39 MainClientExec.java DEBUG [Forwarding findElement on session 157f7deaf4458e539c1c340fc0975aa2 to remote] execchain.MainClientExec 260 - Target auth state: UNCHALLENGED
08-15-2018 18:17:39 MainClientExec.java DEBUG [Forwarding findElement on session 157f7deaf4458e539c1c340fc0975aa2 to remote] execchain.MainClientExec 260 - Target auth state: UNCHALLENGED
08-15-2018 18:17:39 MainClientExec.java DEBUG [Forwarding findElement on session 157f7deaf4458e539c1c340fc0975aa2 to remote] execchain.MainClientExec 266 - Proxy auth state: UNCHALLENGED
08-15-2018 18:17:39 MainClientExec.java DEBUG [Forwarding findElement on session 157f7deaf4458e539c1c340fc0975aa2 to remote] execchain.MainClientExec 266 - Proxy auth state: UNCHALLENGED
08-15-2018 18:17:39 LoggingManagedHttpClientConnection.java DEBUG [Forwarding findElement on session 157f7deaf4458e539c1c340fc0975aa2 to remote] http.headers 135 - http-outgoing-2 >> POST /session/157f7deaf4458e539c1c340fc0975aa2/element HTTP/1.1
08-15-2018 18:17:39 LoggingManagedHttpClientConnection.java DEBUG [Forwarding findElement on session 157f7deaf4458e539c1c340fc0975aa2 to remote] http.headers 135 - http-outgoing-1 >> POST /session/157f7deaf4458e539c1c340fc0975aa2/element HTTP/1.1
08-15-2018 18:17:39 LoggingManagedHttpClientConnection.java DEBUG [Forwarding findElement on session 157f7deaf4458e539c1c340fc0975aa2 to remote] http.headers 138 - http-outgoing-2 >> Content-Type: application/json; charset=utf-8
08-15-2018 18:17:39 LoggingManagedHttpClientConnection.java DEBUG [Forwarding findElement on session 157f7deaf4458e539c1c340fc0975aa2 to remote] http.headers 138 - http-outgoing-1 >> Content-Type: application/json; charset=utf-8
08-15-2018 18:17:39 LoggingManagedHttpClientConnection.java DEBUG [Forwarding findElement on session 157f7deaf4458e539c1c340fc0975aa2 to remote] http.headers 138 - http-outgoing-2 >> Content-Length: 49
08-15-2018 18:17:39 LoggingManagedHttpClientConnection.java DEBUG [Forwarding findElement on session 157f7deaf4458e539c1c340fc0975aa2 to remote] http.headers 138 - http-outgoing-1 >> Content-Length: 49
08-15-2018 18:17:39 LoggingManagedHttpClientConnection.java DEBUG [Forwarding findElement on session 157f7deaf4458e539c1c340fc0975aa2 to remote] http.headers 138 - http-outgoing-2 >> Host: localhost:7334
08-15-2018 18:17:39 LoggingManagedHttpClientConnection.java DEBUG [Forwarding findElement on session 157f7deaf4458e539c1c340fc0975aa2 to remote] http.headers 138 - http-outgoing-2 >> Connection: Keep-Alive
08-15-2018 18:17:39 LoggingManagedHttpClientConnection.java DEBUG [Forwarding findElement on session 157f7deaf4458e539c1c340fc0975aa2 to remote] http.headers 138 - http-outgoing-1 >> Host: localhost:7334
08-15-2018 18:17:39 LoggingManagedHttpClientConnection.java DEBUG [Forwarding findElement on session 157f7deaf4458e539c1c340fc0975aa2 to remote] http.headers 138 - http-outgoing-2 >> User-Agent: Apache-HttpClient/4.5.1 (Java/1.8.0_131)
08-15-2018 18:17:39 LoggingManagedHttpClientConnection.java DEBUG [Forwarding findElement on session 157f7deaf4458e539c1c340fc0975aa2 to remote] http.headers 138 - http-outgoing-2 >> Accept-Encoding: gzip,deflate
08-15-2018 18:17:39 LoggingManagedHttpClientConnection.java DEBUG [Forwarding findElement on session 157f7deaf4458e539c1c340fc0975aa2 to remote] http.headers 138 - http-outgoing-1 >> Connection: Keep-Alive
08-15-2018 18:17:39 Wire.java DEBUG [Forwarding findElement on session 157f7deaf4458e539c1c340fc0975aa2 to remote] http.wire 72 - http-outgoing-2 >> "POST /session/157f7deaf4458e539c1c340fc0975aa2/element HTTP/1.1[\r][\n]"
08-15-2018 18:17:39 LoggingManagedHttpClientConnection.java DEBUG [Forwarding findElement on session 157f7deaf4458e539c1c340fc0975aa2 to remote] http.headers 138 - http-outgoing-1 >> User-Agent: Apache-HttpClient/4.5.1 (Java/1.8.0_131)
08-15-2018 18:17:39 Wire.java DEBUG [Forwarding findElement on session 157f7deaf4458e539c1c340fc0975aa2 to remote] http.wire 72 - http-outgoing-2 >> "Content-Type: application/json; charset=utf-8[\r][\n]"
08-15-2018 18:17:39 LoggingManagedHttpClientConnection.java DEBUG [Forwarding findElement on session 157f7deaf4458e539c1c340fc0975aa2 to remote] http.headers 138 - http-outgoing-1 >> Accept-Encoding: gzip,deflate
08-15-2018 18:17:39 Wire.java DEBUG [Forwarding findElement on session 157f7deaf4458e539c1c340fc0975aa2 to remote] http.wire 72 - http-outgoing-2 >> "Content-Length: 49[\r][\n]"
08-15-2018 18:17:39 Wire.java DEBUG [Forwarding findElement on session 157f7deaf4458e539c1c340fc0975aa2 to remote] http.wire 72 - http-outgoing-1 >> "POST /session/157f7deaf4458e539c1c340fc0975aa2/element HTTP/1.1[\r][\n]"
08-15-2018 18:17:39 Wire.java DEBUG [Forwarding findElement on session 157f7deaf4458e539c1c340fc0975aa2 to remote] http.wire 72 - http-outgoing-2 >> "Host: localhost:7334[\r][\n]"
08-15-2018 18:17:39 Wire.java DEBUG [Forwarding findElement on session 157f7deaf4458e539c1c340fc0975aa2 to remote] http.wire 72 - http-outgoing-2 >> "Connection: Keep-Alive[\r][\n]"
08-15-2018 18:17:39 Wire.java DEBUG [Forwarding findElement on session 157f7deaf4458e539c1c340fc0975aa2 to remote] http.wire 72 - http-outgoing-1 >> "Content-Type: application/json; charset=utf-8[\r][\n]"
08-15-2018 18:17:39 Wire.java DEBUG [Forwarding findElement on session 157f7deaf4458e539c1c340fc0975aa2 to remote] http.wire 72 - http-outgoing-1 >> "Content-Length: 49[\r][\n]"
08-15-2018 18:17:39 Wire.java DEBUG [Forwarding findElement on session 157f7deaf4458e539c1c340fc0975aa2 to remote] http.wire 72 - http-outgoing-1 >> "Host: localhost:7334[\r][\n]"
08-15-2018 18:17:39 Wire.java DEBUG [Forwarding findElement on session 157f7deaf4458e539c1c340fc0975aa2 to remote] http.wire 72 - http-outgoing-1 >> "Connection: Keep-Alive[\r][\n]"
08-15-2018 18:17:39 Wire.java DEBUG [Forwarding findElement on session 157f7deaf4458e539c1c340fc0975aa2 to remote] http.wire 72 - http-outgoing-1 >> "User-Agent: Apache-HttpClient/4.5.1 (Java/1.8.0_131)[\r][\n]"
08-15-2018 18:17:39 Wire.java DEBUG [Forwarding findElement on session 157f7deaf4458e539c1c340fc0975aa2 to remote] http.wire 72 - http-outgoing-1 >> "Accept-Encoding: gzip,deflate[\r][\n]"
08-15-2018 18:17:39 Wire.java DEBUG [Forwarding findElement on session 157f7deaf4458e539c1c340fc0975aa2 to remote] http.wire 72 - http-outgoing-1 >> "[\r][\n]"
08-15-2018 18:17:39 Wire.java DEBUG [Forwarding findElement on session 157f7deaf4458e539c1c340fc0975aa2 to remote] http.wire 86 - http-outgoing-1 >> "{"using":"xpath","value":"//input[@type='text']"}"
08-15-2018 18:17:39 Wire.java DEBUG [Forwarding findElement on session 157f7deaf4458e539c1c340fc0975aa2 to remote] http.wire 72 - http-outgoing-2 >> "User-Agent: Apache-HttpClient/4.5.1 (Java/1.8.0_131)[\r][\n]"
08-15-2018 18:17:39 Wire.java DEBUG [Forwarding findElement on session 157f7deaf4458e539c1c340fc0975aa2 to remote] http.wire 72 - http-outgoing-2 >> "Accept-Encoding: gzip,deflate[\r][\n]"
08-15-2018 18:17:39 Wire.java DEBUG [Forwarding findElement on session 157f7deaf4458e539c1c340fc0975aa2 to remote] http.wire 72 - http-outgoing-2 >> "[\r][\n]"
08-15-2018 18:17:39 Wire.java DEBUG [Forwarding findElement on session 157f7deaf4458e539c1c340fc0975aa2 to remote] http.wire 86 - http-outgoing-2 >> "{"using":"xpath","value":"//input[@type='text']"}"
08-15-2018 18:17:39 Wire.java DEBUG [Forwarding findElement on session 157f7deaf4458e539c1c340fc0975aa2 to remote] http.wire 72 - http-outgoing-1 << "HTTP/1.1 200 OK[\r][\n]"
08-15-2018 18:17:39 Wire.java DEBUG [Forwarding findElement on session 157f7deaf4458e539c1c340fc0975aa2 to remote] http.wire 72 - http-outgoing-1 << "Content-Length:102[\r][\n]"
08-15-2018 18:17:39 Wire.java DEBUG [Forwarding findElement on session 157f7deaf4458e539c1c340fc0975aa2 to remote] http.wire 72 - http-outgoing-1 << "Content-Type:application/json; charset=utf-8[\r][\n]"
08-15-2018 18:17:39 Wire.java DEBUG [Forwarding findElement on session 157f7deaf4458e539c1c340fc0975aa2 to remote] http.wire 72 - http-outgoing-1 << "[\r][\n]"
08-15-2018 18:17:39 Wire.java DEBUG [Forwarding findElement on session 157f7deaf4458e539c1c340fc0975aa2 to remote] http.wire 86 - http-outgoing-1 << "{"sessionId":"157f7deaf4458e539c1c340fc0975aa2","status":0,"value":{"ELEMENT":"0.7443036687500908-1"}}"
08-15-2018 18:17:39 LoggingManagedHttpClientConnection.java DEBUG [Forwarding findElement on session 157f7deaf4458e539c1c340fc0975aa2 to remote] http.headers 124 - http-outgoing-1 << HTTP/1.1 200 OK
08-15-2018 18:17:39 LoggingManagedHttpClientConnection.java DEBUG [Forwarding findElement on session 157f7deaf4458e539c1c340fc0975aa2 to remote] http.headers 127 - http-outgoing-1 << Content-Length:102
08-15-2018 18:17:39 LoggingManagedHttpClientConnection.java DEBUG [Forwarding findElement on session 157f7deaf4458e539c1c340fc0975aa2 to remote] http.headers 127 - http-outgoing-1 << Content-Type:application/json; charset=utf-8
08-15-2018 18:17:39 MainClientExec.java DEBUG [Forwarding findElement on session 157f7deaf4458e539c1c340fc0975aa2 to remote] execchain.MainClientExec 284 - Connection can be kept alive indefinitely
08-15-2018 18:17:39 PoolingHttpClientConnectionManager.java DEBUG [Forwarding findElement on session 157f7deaf4458e539c1c340fc0975aa2 to remote] conn.PoolingHttpClientConnectionManager 314 - Connection [id: 1][route: {}->http://localhost:7334] can be kept alive indefinitely
08-15-2018 18:17:39 PoolingHttpClientConnectionManager.java DEBUG [Forwarding findElement on session 157f7deaf4458e539c1c340fc0975aa2 to remote] conn.PoolingHttpClientConnectionManager 320 - Connection released: [id: 1][route: {}->http://localhost:7334][total kept alive: 2; route allocated: 2 of 2000; total allocated: 3 of 2000]
08-15-2018 18:17:39 RequestAddCookies.java DEBUG [Forwarding sendKeysToElement on session 157f7deaf4458e539c1c340fc0975aa2 to remote] protocol.RequestAddCookies 122 - CookieSpec selected: default
08-15-2018 18:17:39 RequestAuthCache.java DEBUG [Forwarding sendKeysToElement on session 157f7deaf4458e539c1c340fc0975aa2 to remote] protocol.RequestAuthCache 76 - Auth cache not set in the context
08-15-2018 18:17:39 PoolingHttpClientConnectionManager.java DEBUG [Forwarding sendKeysToElement on session 157f7deaf4458e539c1c340fc0975aa2 to remote] conn.PoolingHttpClientConnectionManager 249 - Connection request: [route: {}->http://localhost:7334][total kept alive: 2; route allocated: 2 of 2000; total allocated: 3 of 2000]
08-15-2018 18:17:39 PoolingHttpClientConnectionManager.java DEBUG [Forwarding sendKeysToElement on session 157f7deaf4458e539c1c340fc0975aa2 to remote] conn.PoolingHttpClientConnectionManager 282 - Connection leased: [id: 1][route: {}->http://localhost:7334][total kept alive: 1; route allocated: 2 of 2000; total allocated: 3 of 2000]
08-15-2018 18:17:39 MainClientExec.java DEBUG [Forwarding sendKeysToElement on session 157f7deaf4458e539c1c340fc0975aa2 to remote] execchain.MainClientExec 207 - Stale connection check
08-15-2018 18:17:39 Wire.java DEBUG [Forwarding sendKeysToElement on session 157f7deaf4458e539c1c340fc0975aa2 to remote] http.wire 86 - http-outgoing-1 << "[read] I/O error: Read timed out"
08-15-2018 18:17:39 LoggingManagedHttpClientConnection.java DEBUG [Forwarding sendKeysToElement on session 157f7deaf4458e539c1c340fc0975aa2 to remote] conn.DefaultManagedHttpClientConnection 90 - http-outgoing-1: set socket timeout to 10800000
08-15-2018 18:17:39 MainClientExec.java DEBUG [Forwarding sendKeysToElement on session 157f7deaf4458e539c1c340fc0975aa2 to remote] execchain.MainClientExec 255 - Executing request POST /session/157f7deaf4458e539c1c340fc0975aa2/element/0.7443036687500908-1/value HTTP/1.1
08-15-2018 18:17:39 MainClientExec.java DEBUG [Forwarding sendKeysToElement on session 157f7deaf4458e539c1c340fc0975aa2 to remote] execchain.MainClientExec 260 - Target auth state: UNCHALLENGED
08-15-2018 18:17:39 MainClientExec.java DEBUG [Forwarding sendKeysToElement on session 157f7deaf4458e539c1c340fc0975aa2 to remote] execchain.MainClientExec 266 - Proxy auth state: UNCHALLENGED
08-15-2018 18:17:39 LoggingManagedHttpClientConnection.java DEBUG [Forwarding sendKeysToElement on session 157f7deaf4458e539c1c340fc0975aa2 to remote] http.headers 135 - http-outgoing-1 >> POST /session/157f7deaf4458e539c1c340fc0975aa2/element/0.7443036687500908-1/value HTTP/1.1
08-15-2018 18:17:39 LoggingManagedHttpClientConnection.java DEBUG [Forwarding sendKeysToElement on session 157f7deaf4458e539c1c340fc0975aa2 to remote] http.headers 138 - http-outgoing-1 >> Content-Type: application/json; charset=utf-8
08-15-2018 18:17:39 LoggingManagedHttpClientConnection.java DEBUG [Forwarding sendKeysToElement on session 157f7deaf4458e539c1c340fc0975aa2 to remote] http.headers 138 - http-outgoing-1 >> Content-Length: 48
08-15-2018 18:17:39 LoggingManagedHttpClientConnection.java DEBUG [Forwarding sendKeysToElement on session 157f7deaf4458e539c1c340fc0975aa2 to remote] http.headers 138 - http-outgoing-1 >> Host: localhost:7334
08-15-2018 18:17:39 LoggingManagedHttpClientConnection.java DEBUG [Forwarding sendKeysToElement on session 157f7deaf4458e539c1c340fc0975aa2 to remote] http.headers 138 - http-outgoing-1 >> Connection: Keep-Alive
08-15-2018 18:17:39 LoggingManagedHttpClientConnection.java DEBUG [Forwarding sendKeysToElement on session 157f7deaf4458e539c1c340fc0975aa2 to remote] http.headers 138 - http-outgoing-1 >> User-Agent: Apache-HttpClient/4.5.1 (Java/1.8.0_131)
08-15-2018 18:17:39 LoggingManagedHttpClientConnection.java DEBUG [Forwarding sendKeysToElement on session 157f7deaf4458e539c1c340fc0975aa2 to remote] http.headers 138 - http-outgoing-1 >> Accept-Encoding: gzip,deflate
08-15-2018 18:17:39 Wire.java DEBUG [Forwarding sendKeysToElement on session 157f7deaf4458e539c1c340fc0975aa2 to remote] http.wire 72 - http-outgoing-1 >> "POST /session/157f7deaf4458e539c1c340fc0975aa2/element/0.7443036687500908-1/value HTTP/1.1[\r][\n]"
08-15-2018 18:17:39 Wire.java DEBUG [Forwarding sendKeysToElement on session 157f7deaf4458e539c1c340fc0975aa2 to remote] http.wire 72 - http-outgoing-1 >> "Content-Type: application/json; charset=utf-8[\r][\n]"
08-15-2018 18:17:39 Wire.java DEBUG [Forwarding sendKeysToElement on session 157f7deaf4458e539c1c340fc0975aa2 to remote] http.wire 72 - http-outgoing-1 >> "Content-Length: 48[\r][\n]"
08-15-2018 18:17:39 Wire.java DEBUG [Forwarding sendKeysToElement on session 157f7deaf4458e539c1c340fc0975aa2 to remote] http.wire 72 - http-outgoing-1 >> "Host: localhost:7334[\r][\n]"
08-15-2018 18:17:39 Wire.java DEBUG [Forwarding sendKeysToElement on session 157f7deaf4458e539c1c340fc0975aa2 to remote] http.wire 72 - http-outgoing-1 >> "Connection: Keep-Alive[\r][\n]"
08-15-2018 18:17:39 Wire.java DEBUG [Forwarding sendKeysToElement on session 157f7deaf4458e539c1c340fc0975aa2 to remote] http.wire 72 - http-outgoing-1 >> "User-Agent: Apache-HttpClient/4.5.1 (Java/1.8.0_131)[\r][\n]"
08-15-2018 18:17:39 Wire.java DEBUG [Forwarding sendKeysToElement on session 157f7deaf4458e539c1c340fc0975aa2 to remote] http.wire 72 - http-outgoing-1 >> "Accept-Encoding: gzip,deflate[\r][\n]"
08-15-2018 18:17:39 Wire.java DEBUG [Forwarding sendKeysToElement on session 157f7deaf4458e539c1c340fc0975aa2 to remote] http.wire 72 - http-outgoing-1 >> "[\r][\n]"
08-15-2018 18:17:39 Wire.java DEBUG [Forwarding sendKeysToElement on session 157f7deaf4458e539c1c340fc0975aa2 to remote] http.wire 86 - http-outgoing-1 >> "{"id":"0.7443036687500908-1","value":["satyam"]}"
08-15-2018 18:17:39 Wire.java DEBUG [Forwarding findElement on session 157f7deaf4458e539c1c340fc0975aa2 to remote] http.wire 72 - http-outgoing-2 << "HTTP/1.1 200 OK[\r][\n]"
08-15-2018 18:17:39 Wire.java DEBUG [Forwarding findElement on session 157f7deaf4458e539c1c340fc0975aa2 to remote] http.wire 72 - http-outgoing-2 << "Content-Length:102[\r][\n]"
08-15-2018 18:17:39 Wire.java DEBUG [Forwarding findElement on session 157f7deaf4458e539c1c340fc0975aa2 to remote] http.wire 72 - http-outgoing-2 << "Content-Type:application/json; charset=utf-8[\r][\n]"
08-15-2018 18:17:39 Wire.java DEBUG [Forwarding findElement on session 157f7deaf4458e539c1c340fc0975aa2 to remote] http.wire 72 - http-outgoing-2 << "[\r][\n]"
08-15-2018 18:17:39 Wire.java DEBUG [Forwarding findElement on session 157f7deaf4458e539c1c340fc0975aa2 to remote] http.wire 86 - http-outgoing-2 << "{"sessionId":"157f7deaf4458e539c1c340fc0975aa2","status":0,"value":{"ELEMENT":"0.7443036687500908-1"}}"
08-15-2018 18:17:39 LoggingManagedHttpClientConnection.java DEBUG [Forwarding findElement on session 157f7deaf4458e539c1c340fc0975aa2 to remote] http.headers 124 - http-outgoing-2 << HTTP/1.1 200 OK
08-15-2018 18:17:39 LoggingManagedHttpClientConnection.java DEBUG [Forwarding findElement on session 157f7deaf4458e539c1c340fc0975aa2 to remote] http.headers 127 - http-outgoing-2 << Content-Length:102
08-15-2018 18:17:39 LoggingManagedHttpClientConnection.java DEBUG [Forwarding findElement on session 157f7deaf4458e539c1c340fc0975aa2 to remote] http.headers 127 - http-outgoing-2 << Content-Type:application/json; charset=utf-8
08-15-2018 18:17:39 MainClientExec.java DEBUG [Forwarding findElement on session 157f7deaf4458e539c1c340fc0975aa2 to remote] execchain.MainClientExec 284 - Connection can be kept alive indefinitely
08-15-2018 18:17:39 PoolingHttpClientConnectionManager.java DEBUG [Forwarding findElement on session 157f7deaf4458e539c1c340fc0975aa2 to remote] conn.PoolingHttpClientConnectionManager 314 - Connection [id: 2][route: {}->http://localhost:7334] can be kept alive indefinitely
08-15-2018 18:17:39 PoolingHttpClientConnectionManager.java DEBUG [Forwarding findElement on session 157f7deaf4458e539c1c340fc0975aa2 to remote] conn.PoolingHttpClientConnectionManager 320 - Connection released: [id: 2][route: {}->http://localhost:7334][total kept alive: 2; route allocated: 2 of 2000; total allocated: 3 of 2000]
08-15-2018 18:17:39 RequestAddCookies.java DEBUG [Forwarding sendKeysToElement on session 157f7deaf4458e539c1c340fc0975aa2 to remote] protocol.RequestAddCookies 122 - CookieSpec selected: default
08-15-2018 18:17:39 RequestAuthCache.java DEBUG [Forwarding sendKeysToElement on session 157f7deaf4458e539c1c340fc0975aa2 to remote] protocol.RequestAuthCache 76 - Auth cache not set in the context
08-15-2018 18:17:39 PoolingHttpClientConnectionManager.java DEBUG [Forwarding sendKeysToElement on session 157f7deaf4458e539c1c340fc0975aa2 to remote] conn.PoolingHttpClientConnectionManager 249 - Connection request: [route: {}->http://localhost:7334][total kept alive: 2; route allocated: 2 of 2000; total allocated: 3 of 2000]
08-15-2018 18:17:39 PoolingHttpClientConnectionManager.java DEBUG [Forwarding sendKeysToElement on session 157f7deaf4458e539c1c340fc0975aa2 to remote] conn.PoolingHttpClientConnectionManager 282 - Connection leased: [id: 2][route: {}->http://localhost:7334][total kept alive: 1; route allocated: 2 of 2000; total allocated: 3 of 2000]
08-15-2018 18:17:39 MainClientExec.java DEBUG [Forwarding sendKeysToElement on session 157f7deaf4458e539c1c340fc0975aa2 to remote] execchain.MainClientExec 207 - Stale connection check
08-15-2018 18:17:39 Wire.java DEBUG [Forwarding sendKeysToElement on session 157f7deaf4458e539c1c340fc0975aa2 to remote] http.wire 86 - http-outgoing-2 << "[read] I/O error: Read timed out"
08-15-2018 18:17:39 LoggingManagedHttpClientConnection.java DEBUG [Forwarding sendKeysToElement on session 157f7deaf4458e539c1c340fc0975aa2 to remote] conn.DefaultManagedHttpClientConnection 90 - http-outgoing-2: set socket timeout to 10800000
08-15-2018 18:17:39 MainClientExec.java DEBUG [Forwarding sendKeysToElement on session 157f7deaf4458e539c1c340fc0975aa2 to remote] execchain.MainClientExec 255 - Executing request POST /session/157f7deaf4458e539c1c340fc0975aa2/element/0.7443036687500908-1/value HTTP/1.1
08-15-2018 18:17:39 MainClientExec.java DEBUG [Forwarding sendKeysToElement on session 157f7deaf4458e539c1c340fc0975aa2 to remote] execchain.MainClientExec 260 - Target auth state: UNCHALLENGED
08-15-2018 18:17:39 MainClientExec.java DEBUG [Forwarding sendKeysToElement on session 157f7deaf4458e539c1c340fc0975aa2 to remote] execchain.MainClientExec 266 - Proxy auth state: UNCHALLENGED
08-15-2018 18:17:39 LoggingManagedHttpClientConnection.java DEBUG [Forwarding sendKeysToElement on session 157f7deaf4458e539c1c340fc0975aa2 to remote] http.headers 135 - http-outgoing-2 >> POST /session/157f7deaf4458e539c1c340fc0975aa2/element/0.7443036687500908-1/value HTTP/1.1
08-15-2018 18:17:39 LoggingManagedHttpClientConnection.java DEBUG [Forwarding sendKeysToElement on session 157f7deaf4458e539c1c340fc0975aa2 to remote] http.headers 138 - http-outgoing-2 >> Content-Type: application/json; charset=utf-8
08-15-2018 18:17:39 LoggingManagedHttpClientConnection.java DEBUG [Forwarding sendKeysToElement on session 157f7deaf4458e539c1c340fc0975aa2 to remote] http.headers 138 - http-outgoing-2 >> Content-Length: 48
08-15-2018 18:17:39 LoggingManagedHttpClientConnection.java DEBUG [Forwarding sendKeysToElement on session 157f7deaf4458e539c1c340fc0975aa2 to remote] http.headers 138 - http-outgoing-2 >> Host: localhost:7334
08-15-2018 18:17:39 LoggingManagedHttpClientConnection.java DEBUG [Forwarding sendKeysToElement on session 157f7deaf4458e539c1c340fc0975aa2 to remote] http.headers 138 - http-outgoing-2 >> Connection: Keep-Alive
08-15-2018 18:17:39 LoggingManagedHttpClientConnection.java DEBUG [Forwarding sendKeysToElement on session 157f7deaf4458e539c1c340fc0975aa2 to remote] http.headers 138 - http-outgoing-2 >> User-Agent: Apache-HttpClient/4.5.1 (Java/1.8.0_131)
08-15-2018 18:17:39 LoggingManagedHttpClientConnection.java DEBUG [Forwarding sendKeysToElement on session 157f7deaf4458e539c1c340fc0975aa2 to remote] http.headers 138 - http-outgoing-2 >> Accept-Encoding: gzip,deflate
08-15-2018 18:17:39 Wire.java DEBUG [Forwarding sendKeysToElement on session 157f7deaf4458e539c1c340fc0975aa2 to remote] http.wire 72 - http-outgoing-2 >> "POST /session/157f7deaf4458e539c1c340fc0975aa2/element/0.7443036687500908-1/value HTTP/1.1[\r][\n]"
08-15-2018 18:17:39 Wire.java DEBUG [Forwarding sendKeysToElement on session 157f7deaf4458e539c1c340fc0975aa2 to remote] http.wire 72 - http-outgoing-2 >> "Content-Type: application/json; charset=utf-8[\r][\n]"
08-15-2018 18:17:39 Wire.java DEBUG [Forwarding sendKeysToElement on session 157f7deaf4458e539c1c340fc0975aa2 to remote] http.wire 72 - http-outgoing-2 >> "Content-Length: 48[\r][\n]"
08-15-2018 18:17:39 Wire.java DEBUG [Forwarding sendKeysToElement on session 157f7deaf4458e539c1c340fc0975aa2 to remote] http.wire 72 - http-outgoing-2 >> "Host: localhost:7334[\r][\n]"
08-15-2018 18:17:39 Wire.java DEBUG [Forwarding sendKeysToElement on session 157f7deaf4458e539c1c340fc0975aa2 to remote] http.wire 72 - http-outgoing-2 >> "Connection: Keep-Alive[\r][\n]"
08-15-2018 18:17:39 Wire.java DEBUG [Forwarding sendKeysToElement on session 157f7deaf4458e539c1c340fc0975aa2 to remote] http.wire 72 - http-outgoing-2 >> "User-Agent: Apache-HttpClient/4.5.1 (Java/1.8.0_131)[\r][\n]"
08-15-2018 18:17:39 Wire.java DEBUG [Forwarding sendKeysToElement on session 157f7deaf4458e539c1c340fc0975aa2 to remote] http.wire 72 - http-outgoing-2 >> "Accept-Encoding: gzip,deflate[\r][\n]"
08-15-2018 18:17:39 Wire.java DEBUG [Forwarding sendKeysToElement on session 157f7deaf4458e539c1c340fc0975aa2 to remote] http.wire 72 - http-outgoing-2 >> "[\r][\n]"
08-15-2018 18:17:39 Wire.java DEBUG [Forwarding sendKeysToElement on session 157f7deaf4458e539c1c340fc0975aa2 to remote] http.wire 86 - http-outgoing-2 >> "{"id":"0.7443036687500908-1","value":["satyam"]}"
08-15-2018 18:17:39 Wire.java DEBUG [Forwarding sendKeysToElement on session 157f7deaf4458e539c1c340fc0975aa2 to remote] http.wire 72 - http-outgoing-1 << "HTTP/1.1 200 OK[\r][\n]"
08-15-2018 18:17:39 Wire.java DEBUG [Forwarding sendKeysToElement on session 157f7deaf4458e539c1c340fc0975aa2 to remote] http.wire 72 - http-outgoing-1 << "Content-Length:72[\r][\n]"
08-15-2018 18:17:39 Wire.java DEBUG [Forwarding sendKeysToElement on session 157f7deaf4458e539c1c340fc0975aa2 to remote] http.wire 72 - http-outgoing-1 << "Content-Type:application/json; charset=utf-8[\r][\n]"
08-15-2018 18:17:39 Wire.java DEBUG [Forwarding sendKeysToElement on session 157f7deaf4458e539c1c340fc0975aa2 to remote] http.wire 72 - http-outgoing-1 << "[\r][\n]"
08-15-2018 18:17:39 Wire.java DEBUG [Forwarding sendKeysToElement on session 157f7deaf4458e539c1c340fc0975aa2 to remote] http.wire 86 - http-outgoing-1 << "{"sessionId":"157f7deaf4458e539c1c340fc0975aa2","status":0,"value":null}"
08-15-2018 18:17:39 LoggingManagedHttpClientConnection.java DEBUG [Forwarding sendKeysToElement on session 157f7deaf4458e539c1c340fc0975aa2 to remote] http.headers 124 - http-outgoing-1 << HTTP/1.1 200 OK
08-15-2018 18:17:39 LoggingManagedHttpClientConnection.java DEBUG [Forwarding sendKeysToElement on session 157f7deaf4458e539c1c340fc0975aa2 to remote] http.headers 127 - http-outgoing-1 << Content-Length:72
08-15-2018 18:17:39 LoggingManagedHttpClientConnection.java DEBUG [Forwarding sendKeysToElement on session 157f7deaf4458e539c1c340fc0975aa2 to remote] http.headers 127 - http-outgoing-1 << Content-Type:application/json; charset=utf-8
08-15-2018 18:17:39 MainClientExec.java DEBUG [Forwarding sendKeysToElement on session 157f7deaf4458e539c1c340fc0975aa2 to remote] execchain.MainClientExec 284 - Connection can be kept alive indefinitely
08-15-2018 18:17:39 PoolingHttpClientConnectionManager.java DEBUG [Forwarding sendKeysToElement on session 157f7deaf4458e539c1c340fc0975aa2 to remote] conn.PoolingHttpClientConnectionManager 314 - Connection [id: 1][route: {}->http://localhost:7334] can be kept alive indefinitely
08-15-2018 18:17:39 PoolingHttpClientConnectionManager.java DEBUG [Forwarding sendKeysToElement on session 157f7deaf4458e539c1c340fc0975aa2 to remote] conn.PoolingHttpClientConnectionManager 320 - Connection released: [id: 1][route: {}->http://localhost:7334][total kept alive: 2; route allocated: 2 of 2000; total allocated: 3 of 2000]
08-15-2018 18:17:39 RequestAddCookies.java DEBUG [Forwarding findElement on session 157f7deaf4458e539c1c340fc0975aa2 to remote] protocol.RequestAddCookies 122 - CookieSpec selected: default
08-15-2018 18:17:39 RequestAuthCache.java DEBUG [Forwarding findElement on session 157f7deaf4458e539c1c340fc0975aa2 to remote] protocol.RequestAuthCache 76 - Auth cache not set in the context
08-15-2018 18:17:39 PoolingHttpClientConnectionManager.java DEBUG [Forwarding findElement on session 157f7deaf4458e539c1c340fc0975aa2 to remote] conn.PoolingHttpClientConnectionManager 249 - Connection request: [route: {}->http://localhost:7334][total kept alive: 2; route allocated: 2 of 2000; total allocated: 3 of 2000]
08-15-2018 18:17:39 PoolingHttpClientConnectionManager.java DEBUG [Forwarding findElement on session 157f7deaf4458e539c1c340fc0975aa2 to remote] conn.PoolingHttpClientConnectionManager 282 - Connection leased: [id: 1][route: {}->http://localhost:7334][total kept alive: 1; route allocated: 2 of 2000; total allocated: 3 of 2000]
08-15-2018 18:17:39 MainClientExec.java DEBUG [Forwarding findElement on session 157f7deaf4458e539c1c340fc0975aa2 to remote] execchain.MainClientExec 207 - Stale connection check
08-15-2018 18:17:39 Wire.java DEBUG [Forwarding findElement on session 157f7deaf4458e539c1c340fc0975aa2 to remote] http.wire 86 - http-outgoing-1 << "[read] I/O error: Read timed out"
08-15-2018 18:17:39 LoggingManagedHttpClientConnection.java DEBUG [Forwarding findElement on session 157f7deaf4458e539c1c340fc0975aa2 to remote] conn.DefaultManagedHttpClientConnection 90 - http-outgoing-1: set socket timeout to 10800000
08-15-2018 18:17:39 MainClientExec.java DEBUG [Forwarding findElement on session 157f7deaf4458e539c1c340fc0975aa2 to remote] execchain.MainClientExec 255 - Executing request POST /session/157f7deaf4458e539c1c340fc0975aa2/element HTTP/1.1
08-15-2018 18:17:39 MainClientExec.java DEBUG [Forwarding findElement on session 157f7deaf4458e539c1c340fc0975aa2 to remote] execchain.MainClientExec 260 - Target auth state: UNCHALLENGED
08-15-2018 18:17:39 MainClientExec.java DEBUG [Forwarding findElement on session 157f7deaf4458e539c1c340fc0975aa2 to remote] execchain.MainClientExec 266 - Proxy auth state: UNCHALLENGED
08-15-2018 18:17:39 LoggingManagedHttpClientConnection.java DEBUG [Forwarding findElement on session 157f7deaf4458e539c1c340fc0975aa2 to remote] http.headers 135 - http-outgoing-1 >> POST /session/157f7deaf4458e539c1c340fc0975aa2/element HTTP/1.1
08-15-2018 18:17:39 LoggingManagedHttpClientConnection.java DEBUG [Forwarding findElement on session 157f7deaf4458e539c1c340fc0975aa2 to remote] http.headers 138 - http-outgoing-1 >> Content-Type: application/json; charset=utf-8
08-15-2018 18:17:39 LoggingManagedHttpClientConnection.java DEBUG [Forwarding findElement on session 157f7deaf4458e539c1c340fc0975aa2 to remote] http.headers 138 - http-outgoing-1 >> Content-Length: 53
08-15-2018 18:17:39 LoggingManagedHttpClientConnection.java DEBUG [Forwarding findElement on session 157f7deaf4458e539c1c340fc0975aa2 to remote] http.headers 138 - http-outgoing-1 >> Host: localhost:7334
08-15-2018 18:17:39 LoggingManagedHttpClientConnection.java DEBUG [Forwarding findElement on session 157f7deaf4458e539c1c340fc0975aa2 to remote] http.headers 138 - http-outgoing-1 >> Connection: Keep-Alive
08-15-2018 18:17:39 LoggingManagedHttpClientConnection.java DEBUG [Forwarding findElement on session 157f7deaf4458e539c1c340fc0975aa2 to remote] http.headers 138 - http-outgoing-1 >> User-Agent: Apache-HttpClient/4.5.1 (Java/1.8.0_131)
08-15-2018 18:17:39 LoggingManagedHttpClientConnection.java DEBUG [Forwarding findElement on session 157f7deaf4458e539c1c340fc0975aa2 to remote] http.headers 138 - http-outgoing-1 >> Accept-Encoding: gzip,deflate
08-15-2018 18:17:39 Wire.java DEBUG [Forwarding findElement on session 157f7deaf4458e539c1c340fc0975aa2 to remote] http.wire 72 - http-outgoing-1 >> "POST /session/157f7deaf4458e539c1c340fc0975aa2/element HTTP/1.1[\r][\n]"
08-15-2018 18:17:39 Wire.java DEBUG [Forwarding findElement on session 157f7deaf4458e539c1c340fc0975aa2 to remote] http.wire 72 - http-outgoing-1 >> "Content-Type: application/json; charset=utf-8[\r][\n]"
08-15-2018 18:17:39 Wire.java DEBUG [Forwarding findElement on session 157f7deaf4458e539c1c340fc0975aa2 to remote] http.wire 72 - http-outgoing-1 >> "Content-Length: 53[\r][\n]"
08-15-2018 18:17:39 Wire.java DEBUG [Forwarding findElement on session 157f7deaf4458e539c1c340fc0975aa2 to remote] http.wire 72 - http-outgoing-1 >> "Host: localhost:7334[\r][\n]"
08-15-2018 18:17:39 Wire.java DEBUG [Forwarding findElement on session 157f7deaf4458e539c1c340fc0975aa2 to remote] http.wire 72 - http-outgoing-1 >> "Connection: Keep-Alive[\r][\n]"
08-15-2018 18:17:39 Wire.java DEBUG [Forwarding findElement on session 157f7deaf4458e539c1c340fc0975aa2 to remote] http.wire 72 - http-outgoing-1 >> "User-Agent: Apache-HttpClient/4.5.1 (Java/1.8.0_131)[\r][\n]"
08-15-2018 18:17:39 Wire.java DEBUG [Forwarding findElement on session 157f7deaf4458e539c1c340fc0975aa2 to remote] http.wire 72 - http-outgoing-1 >> "Accept-Encoding: gzip,deflate[\r][\n]"
08-15-2018 18:17:39 Wire.java DEBUG [Forwarding findElement on session 157f7deaf4458e539c1c340fc0975aa2 to remote] http.wire 72 - http-outgoing-1 >> "[\r][\n]"
08-15-2018 18:17:39 Wire.java DEBUG [Forwarding findElement on session 157f7deaf4458e539c1c340fc0975aa2 to remote] http.wire 86 - http-outgoing-1 >> "{"using":"xpath","value":"//input[@type='password']"}"
08-15-2018 18:17:39 Wire.java DEBUG [Forwarding sendKeysToElement on session 157f7deaf4458e539c1c340fc0975aa2 to remote] http.wire 72 - http-outgoing-2 << "HTTP/1.1 200 OK[\r][\n]"
08-15-2018 18:17:39 Wire.java DEBUG [Forwarding sendKeysToElement on session 157f7deaf4458e539c1c340fc0975aa2 to remote] http.wire 72 - http-outgoing-2 << "Content-Length:72[\r][\n]"
08-15-2018 18:17:39 Wire.java DEBUG [Forwarding sendKeysToElement on session 157f7deaf4458e539c1c340fc0975aa2 to remote] http.wire 72 - http-outgoing-2 << "Content-Type:application/json; charset=utf-8[\r][\n]"
08-15-2018 18:17:39 Wire.java DEBUG [Forwarding sendKeysToElement on session 157f7deaf4458e539c1c340fc0975aa2 to remote] http.wire 72 - http-outgoing-2 << "[\r][\n]"
08-15-2018 18:17:39 Wire.java DEBUG [Forwarding sendKeysToElement on session 157f7deaf4458e539c1c340fc0975aa2 to remote] http.wire 86 - http-outgoing-2 << "{"sessionId":"157f7deaf4458e539c1c340fc0975aa2","status":0,"value":null}"
08-15-2018 18:17:39 LoggingManagedHttpClientConnection.java DEBUG [Forwarding sendKeysToElement on session 157f7deaf4458e539c1c340fc0975aa2 to remote] http.headers 124 - http-outgoing-2 << HTTP/1.1 200 OK
08-15-2018 18:17:39 LoggingManagedHttpClientConnection.java DEBUG [Forwarding sendKeysToElement on session 157f7deaf4458e539c1c340fc0975aa2 to remote] http.headers 127 - http-outgoing-2 << Content-Length:72
08-15-2018 18:17:39 LoggingManagedHttpClientConnection.java DEBUG [Forwarding sendKeysToElement on session 157f7deaf4458e539c1c340fc0975aa2 to remote] http.headers 127 - http-outgoing-2 << Content-Type:application/json; charset=utf-8
08-15-2018 18:17:39 MainClientExec.java DEBUG [Forwarding sendKeysToElement on session 157f7deaf4458e539c1c340fc0975aa2 to remote] execchain.MainClientExec 284 - Connection can be kept alive indefinitely
08-15-2018 18:17:39 PoolingHttpClientConnectionManager.java DEBUG [Forwarding sendKeysToElement on session 157f7deaf4458e539c1c340fc0975aa2 to remote] conn.PoolingHttpClientConnectionManager 314 - Connection [id: 2][route: {}->http://localhost:7334] can be kept alive indefinitely
08-15-2018 18:17:39 PoolingHttpClientConnectionManager.java DEBUG [Forwarding sendKeysToElement on session 157f7deaf4458e539c1c340fc0975aa2 to remote] conn.PoolingHttpClientConnectionManager 320 - Connection released: [id: 2][route: {}->http://localhost:7334][total kept alive: 2; route allocated: 2 of 2000; total allocated: 3 of 2000]
08-15-2018 18:17:39 RequestAddCookies.java DEBUG [Forwarding findElement on session 157f7deaf4458e539c1c340fc0975aa2 to remote] protocol.RequestAddCookies 122 - CookieSpec selected: default
08-15-2018 18:17:39 RequestAuthCache.java DEBUG [Forwarding findElement on session 157f7deaf4458e539c1c340fc0975aa2 to remote] protocol.RequestAuthCache 76 - Auth cache not set in the context
08-15-2018 18:17:39 PoolingHttpClientConnectionManager.java DEBUG [Forwarding findElement on session 157f7deaf4458e539c1c340fc0975aa2 to remote] conn.PoolingHttpClientConnectionManager 249 - Connection request: [route: {}->http://localhost:7334][total kept alive: 2; route allocated: 2 of 2000; total allocated: 3 of 2000]
08-15-2018 18:17:39 PoolingHttpClientConnectionManager.java DEBUG [Forwarding findElement on session 157f7deaf4458e539c1c340fc0975aa2 to remote] conn.PoolingHttpClientConnectionManager 282 - Connection leased: [id: 2][route: {}->http://localhost:7334][total kept alive: 1; route allocated: 2 of 2000; total allocated: 3 of 2000]
08-15-2018 18:17:39 MainClientExec.java DEBUG [Forwarding findElement on session 157f7deaf4458e539c1c340fc0975aa2 to remote] execchain.MainClientExec 207 - Stale connection check
08-15-2018 18:17:40 Wire.java DEBUG [Forwarding findElement on session 157f7deaf4458e539c1c340fc0975aa2 to remote] http.wire 86 - http-outgoing-2 << "[read] I/O error: Read timed out"
08-15-2018 18:17:40 LoggingManagedHttpClientConnection.java DEBUG [Forwarding findElement on session 157f7deaf4458e539c1c340fc0975aa2 to remote] conn.DefaultManagedHttpClientConnection 90 - http-outgoing-2: set socket timeout to 10800000
08-15-2018 18:17:40 MainClientExec.java DEBUG [Forwarding findElement on session 157f7deaf4458e539c1c340fc0975aa2 to remote] execchain.MainClientExec 255 - Executing request POST /session/157f7deaf4458e539c1c340fc0975aa2/element HTTP/1.1
08-15-2018 18:17:40 MainClientExec.java DEBUG [Forwarding findElement on session 157f7deaf4458e539c1c340fc0975aa2 to remote] execchain.MainClientExec 260 - Target auth state: UNCHALLENGED
08-15-2018 18:17:40 MainClientExec.java DEBUG [Forwarding findElement on session 157f7deaf4458e539c1c340fc0975aa2 to remote] execchain.MainClientExec 266 - Proxy auth state: UNCHALLENGED
08-15-2018 18:17:40 LoggingManagedHttpClientConnection.java DEBUG [Forwarding findElement on session 157f7deaf4458e539c1c340fc0975aa2 to remote] http.headers 135 - http-outgoing-2 >> POST /session/157f7deaf4458e539c1c340fc0975aa2/element HTTP/1.1
08-15-2018 18:17:40 LoggingManagedHttpClientConnection.java DEBUG [Forwarding findElement on session 157f7deaf4458e539c1c340fc0975aa2 to remote] http.headers 138 - http-outgoing-2 >> Content-Type: application/json; charset=utf-8
08-15-2018 18:17:40 LoggingManagedHttpClientConnection.java DEBUG [Forwarding findElement on session 157f7deaf4458e539c1c340fc0975aa2 to remote] http.headers 138 - http-outgoing-2 >> Content-Length: 53
08-15-2018 18:17:40 LoggingManagedHttpClientConnection.java DEBUG [Forwarding findElement on session 157f7deaf4458e539c1c340fc0975aa2 to remote] http.headers 138 - http-outgoing-2 >> Host: localhost:7334
08-15-2018 18:17:40 LoggingManagedHttpClientConnection.java DEBUG [Forwarding findElement on session 157f7deaf4458e539c1c340fc0975aa2 to remote] http.headers 138 - http-outgoing-2 >> Connection: Keep-Alive
08-15-2018 18:17:40 LoggingManagedHttpClientConnection.java DEBUG [Forwarding findElement on session 157f7deaf4458e539c1c340fc0975aa2 to remote] http.headers 138 - http-outgoing-2 >> User-Agent: Apache-HttpClient/4.5.1 (Java/1.8.0_131)
08-15-2018 18:17:40 LoggingManagedHttpClientConnection.java DEBUG [Forwarding findElement on session 157f7deaf4458e539c1c340fc0975aa2 to remote] http.headers 138 - http-outgoing-2 >> Accept-Encoding: gzip,deflate
08-15-2018 18:17:40 Wire.java DEBUG [Forwarding findElement on session 157f7deaf4458e539c1c340fc0975aa2 to remote] http.wire 72 - http-outgoing-2 >> "POST /session/157f7deaf4458e539c1c340fc0975aa2/element HTTP/1.1[\r][\n]"
08-15-2018 18:17:40 Wire.java DEBUG [Forwarding findElement on session 157f7deaf4458e539c1c340fc0975aa2 to remote] http.wire 72 - http-outgoing-2 >> "Content-Type: application/json; charset=utf-8[\r][\n]"
08-15-2018 18:17:40 Wire.java DEBUG [Forwarding findElement on session 157f7deaf4458e539c1c340fc0975aa2 to remote] http.wire 72 - http-outgoing-2 >> "Content-Length: 53[\r][\n]"
08-15-2018 18:17:40 Wire.java DEBUG [Forwarding findElement on session 157f7deaf4458e539c1c340fc0975aa2 to remote] http.wire 72 - http-outgoing-2 >> "Host: localhost:7334[\r][\n]"
08-15-2018 18:17:40 Wire.java DEBUG [Forwarding findElement on session 157f7deaf4458e539c1c340fc0975aa2 to remote] http.wire 72 - http-outgoing-2 >> "Connection: Keep-Alive[\r][\n]"
08-15-2018 18:17:40 Wire.java DEBUG [Forwarding findElement on session 157f7deaf4458e539c1c340fc0975aa2 to remote] http.wire 72 - http-outgoing-2 >> "User-Agent: Apache-HttpClient/4.5.1 (Java/1.8.0_131)[\r][\n]"
08-15-2018 18:17:40 Wire.java DEBUG [Forwarding findElement on session 157f7deaf4458e539c1c340fc0975aa2 to remote] http.wire 72 - http-outgoing-2 >> "Accept-Encoding: gzip,deflate[\r][\n]"
08-15-2018 18:17:40 Wire.java DEBUG [Forwarding findElement on session 157f7deaf4458e539c1c340fc0975aa2 to remote] http.wire 72 - http-outgoing-2 >> "[\r][\n]"
08-15-2018 18:17:40 Wire.java DEBUG [Forwarding findElement on session 157f7deaf4458e539c1c340fc0975aa2 to remote] http.wire 86 - http-outgoing-2 >> "{"using":"xpath","value":"//input[@type='password']"}"
08-15-2018 18:17:40 Wire.java DEBUG [Forwarding findElement on session 157f7deaf4458e539c1c340fc0975aa2 to remote] http.wire 72 - http-outgoing-1 << "HTTP/1.1 200 OK[\r][\n]"
08-15-2018 18:17:40 Wire.java DEBUG [Forwarding findElement on session 157f7deaf4458e539c1c340fc0975aa2 to remote] http.wire 72 - http-outgoing-1 << "Content-Length:102[\r][\n]"
08-15-2018 18:17:40 Wire.java DEBUG [Forwarding findElement on session 157f7deaf4458e539c1c340fc0975aa2 to remote] http.wire 72 - http-outgoing-1 << "Content-Type:application/json; charset=utf-8[\r][\n]"
08-15-2018 18:17:40 Wire.java DEBUG [Forwarding findElement on session 157f7deaf4458e539c1c340fc0975aa2 to remote] http.wire 72 - http-outgoing-1 << "[\r][\n]"
08-15-2018 18:17:40 Wire.java DEBUG [Forwarding findElement on session 157f7deaf4458e539c1c340fc0975aa2 to remote] http.wire 86 - http-outgoing-1 << "{"sessionId":"157f7deaf4458e539c1c340fc0975aa2","status":0,"value":{"ELEMENT":"0.7443036687500908-2"}}"
08-15-2018 18:17:40 LoggingManagedHttpClientConnection.java DEBUG [Forwarding findElement on session 157f7deaf4458e539c1c340fc0975aa2 to remote] http.headers 124 - http-outgoing-1 << HTTP/1.1 200 OK
08-15-2018 18:17:40 LoggingManagedHttpClientConnection.java DEBUG [Forwarding findElement on session 157f7deaf4458e539c1c340fc0975aa2 to remote] http.headers 127 - http-outgoing-1 << Content-Length:102
08-15-2018 18:17:40 LoggingManagedHttpClientConnection.java DEBUG [Forwarding findElement on session 157f7deaf4458e539c1c340fc0975aa2 to remote] http.headers 127 - http-outgoing-1 << Content-Type:application/json; charset=utf-8
08-15-2018 18:17:40 MainClientExec.java DEBUG [Forwarding findElement on session 157f7deaf4458e539c1c340fc0975aa2 to remote] execchain.MainClientExec 284 - Connection can be kept alive indefinitely
08-15-2018 18:17:40 PoolingHttpClientConnectionManager.java DEBUG [Forwarding findElement on session 157f7deaf4458e539c1c340fc0975aa2 to remote] conn.PoolingHttpClientConnectionManager 314 - Connection [id: 1][route: {}->http://localhost:7334] can be kept alive indefinitely
08-15-2018 18:17:40 PoolingHttpClientConnectionManager.java DEBUG [Forwarding findElement on session 157f7deaf4458e539c1c340fc0975aa2 to remote] conn.PoolingHttpClientConnectionManager 320 - Connection released: [id: 1][route: {}->http://localhost:7334][total kept alive: 2; route allocated: 2 of 2000; total allocated: 3 of 2000]
08-15-2018 18:17:40 RequestAddCookies.java DEBUG [Forwarding sendKeysToElement on session 157f7deaf4458e539c1c340fc0975aa2 to remote] protocol.RequestAddCookies 122 - CookieSpec selected: default
08-15-2018 18:17:40 RequestAuthCache.java DEBUG [Forwarding sendKeysToElement on session 157f7deaf4458e539c1c340fc0975aa2 to remote] protocol.RequestAuthCache 76 - Auth cache not set in the context
08-15-2018 18:17:40 PoolingHttpClientConnectionManager.java DEBUG [Forwarding sendKeysToElement on session 157f7deaf4458e539c1c340fc0975aa2 to remote] conn.PoolingHttpClientConnectionManager 249 - Connection request: [route: {}->http://localhost:7334][total kept alive: 2; route allocated: 2 of 2000; total allocated: 3 of 2000]
08-15-2018 18:17:40 PoolingHttpClientConnectionManager.java DEBUG [Forwarding sendKeysToElement on session 157f7deaf4458e539c1c340fc0975aa2 to remote] conn.PoolingHttpClientConnectionManager 282 - Connection leased: [id: 1][route: {}->http://localhost:7334][total kept alive: 1; route allocated: 2 of 2000; total allocated: 3 of 2000]
08-15-2018 18:17:40 MainClientExec.java DEBUG [Forwarding sendKeysToElement on session 157f7deaf4458e539c1c340fc0975aa2 to remote] execchain.MainClientExec 207 - Stale connection check
08-15-2018 18:17:40 Wire.java DEBUG [Forwarding sendKeysToElement on session 157f7deaf4458e539c1c340fc0975aa2 to remote] http.wire 86 - http-outgoing-1 << "[read] I/O error: Read timed out"
08-15-2018 18:17:40 LoggingManagedHttpClientConnection.java DEBUG [Forwarding sendKeysToElement on session 157f7deaf4458e539c1c340fc0975aa2 to remote] conn.DefaultManagedHttpClientConnection 90 - http-outgoing-1: set socket timeout to 10800000
08-15-2018 18:17:40 MainClientExec.java DEBUG [Forwarding sendKeysToElement on session 157f7deaf4458e539c1c340fc0975aa2 to remote] execchain.MainClientExec 255 - Executing request POST /session/157f7deaf4458e539c1c340fc0975aa2/element/0.7443036687500908-2/value HTTP/1.1
08-15-2018 18:17:40 MainClientExec.java DEBUG [Forwarding sendKeysToElement on session 157f7deaf4458e539c1c340fc0975aa2 to remote] execchain.MainClientExec 260 - Target auth state: UNCHALLENGED
08-15-2018 18:17:40 MainClientExec.java DEBUG [Forwarding sendKeysToElement on session 157f7deaf4458e539c1c340fc0975aa2 to remote] execchain.MainClientExec 266 - Proxy auth state: UNCHALLENGED
08-15-2018 18:17:40 LoggingManagedHttpClientConnection.java DEBUG [Forwarding sendKeysToElement on session 157f7deaf4458e539c1c340fc0975aa2 to remote] http.headers 135 - http-outgoing-1 >> POST /session/157f7deaf4458e539c1c340fc0975aa2/element/0.7443036687500908-2/value HTTP/1.1
08-15-2018 18:17:40 LoggingManagedHttpClientConnection.java DEBUG [Forwarding sendKeysToElement on session 157f7deaf4458e539c1c340fc0975aa2 to remote] http.headers 138 - http-outgoing-1 >> Content-Type: application/json; charset=utf-8
08-15-2018 18:17:40 LoggingManagedHttpClientConnection.java DEBUG [Forwarding sendKeysToElement on session 157f7deaf4458e539c1c340fc0975aa2 to remote] http.headers 138 - http-outgoing-1 >> Content-Length: 50
08-15-2018 18:17:40 LoggingManagedHttpClientConnection.java DEBUG [Forwarding sendKeysToElement on session 157f7deaf4458e539c1c340fc0975aa2 to remote] http.headers 138 - http-outgoing-1 >> Host: localhost:7334
08-15-2018 18:17:40 LoggingManagedHttpClientConnection.java DEBUG [Forwarding sendKeysToElement on session 157f7deaf4458e539c1c340fc0975aa2 to remote] http.headers 138 - http-outgoing-1 >> Connection: Keep-Alive
08-15-2018 18:17:40 LoggingManagedHttpClientConnection.java DEBUG [Forwarding sendKeysToElement on session 157f7deaf4458e539c1c340fc0975aa2 to remote] http.headers 138 - http-outgoing-1 >> User-Agent: Apache-HttpClient/4.5.1 (Java/1.8.0_131)
08-15-2018 18:17:40 LoggingManagedHttpClientConnection.java DEBUG [Forwarding sendKeysToElement on session 157f7deaf4458e539c1c340fc0975aa2 to remote] http.headers 138 - http-outgoing-1 >> Accept-Encoding: gzip,deflate
08-15-2018 18:17:40 Wire.java DEBUG [Forwarding sendKeysToElement on session 157f7deaf4458e539c1c340fc0975aa2 to remote] http.wire 72 - http-outgoing-1 >> "POST /session/157f7deaf4458e539c1c340fc0975aa2/element/0.7443036687500908-2/value HTTP/1.1[\r][\n]"
08-15-2018 18:17:40 Wire.java DEBUG [Forwarding sendKeysToElement on session 157f7deaf4458e539c1c340fc0975aa2 to remote] http.wire 72 - http-outgoing-1 >> "Content-Type: application/json; charset=utf-8[\r][\n]"
08-15-2018 18:17:40 Wire.java DEBUG [Forwarding sendKeysToElement on session 157f7deaf4458e539c1c340fc0975aa2 to remote] http.wire 72 - http-outgoing-1 >> "Content-Length: 50[\r][\n]"
08-15-2018 18:17:40 Wire.java DEBUG [Forwarding sendKeysToElement on session 157f7deaf4458e539c1c340fc0975aa2 to remote] http.wire 72 - http-outgoing-1 >> "Host: localhost:7334[\r][\n]"
08-15-2018 18:17:40 Wire.java DEBUG [Forwarding sendKeysToElement on session 157f7deaf4458e539c1c340fc0975aa2 to remote] http.wire 72 - http-outgoing-1 >> "Connection: Keep-Alive[\r][\n]"
08-15-2018 18:17:40 Wire.java DEBUG [Forwarding sendKeysToElement on session 157f7deaf4458e539c1c340fc0975aa2 to remote] http.wire 72 - http-outgoing-1 >> "User-Agent: Apache-HttpClient/4.5.1 (Java/1.8.0_131)[\r][\n]"
08-15-2018 18:17:40 Wire.java DEBUG [Forwarding sendKeysToElement on session 157f7deaf4458e539c1c340fc0975aa2 to remote] http.wire 72 - http-outgoing-1 >> "Accept-Encoding: gzip,deflate[\r][\n]"
08-15-2018 18:17:40 Wire.java DEBUG [Forwarding sendKeysToElement on session 157f7deaf4458e539c1c340fc0975aa2 to remote] http.wire 72 - http-outgoing-1 >> "[\r][\n]"
08-15-2018 18:17:40 Wire.java DEBUG [Forwarding sendKeysToElement on session 157f7deaf4458e539c1c340fc0975aa2 to remote] http.wire 86 - http-outgoing-1 >> "{"id":"0.7443036687500908-2","value":["Infy@#$2"]}"
08-15-2018 18:17:40 Wire.java DEBUG [Forwarding findElement on session 157f7deaf4458e539c1c340fc0975aa2 to remote] http.wire 72 - http-outgoing-2 << "HTTP/1.1 200 OK[\r][\n]"
08-15-2018 18:17:40 Wire.java DEBUG [Forwarding findElement on session 157f7deaf4458e539c1c340fc0975aa2 to remote] http.wire 72 - http-outgoing-2 << "Content-Length:102[\r][\n]"
08-15-2018 18:17:40 Wire.java DEBUG [Forwarding findElement on session 157f7deaf4458e539c1c340fc0975aa2 to remote] http.wire 72 - http-outgoing-2 << "Content-Type:application/json; charset=utf-8[\r][\n]"
08-15-2018 18:17:40 Wire.java DEBUG [Forwarding findElement on session 157f7deaf4458e539c1c340fc0975aa2 to remote] http.wire 72 - http-outgoing-2 << "[\r][\n]"
08-15-2018 18:17:40 Wire.java DEBUG [Forwarding findElement on session 157f7deaf4458e539c1c340fc0975aa2 to remote] http.wire 86 - http-outgoing-2 << "{"sessionId":"157f7deaf4458e539c1c340fc0975aa2","status":0,"value":{"ELEMENT":"0.7443036687500908-2"}}"
08-15-2018 18:17:40 LoggingManagedHttpClientConnection.java DEBUG [Forwarding findElement on session 157f7deaf4458e539c1c340fc0975aa2 to remote] http.headers 124 - http-outgoing-2 << HTTP/1.1 200 OK
08-15-2018 18:17:40 LoggingManagedHttpClientConnection.java DEBUG [Forwarding findElement on session 157f7deaf4458e539c1c340fc0975aa2 to remote] http.headers 127 - http-outgoing-2 << Content-Length:102
08-15-2018 18:17:40 LoggingManagedHttpClientConnection.java DEBUG [Forwarding findElement on session 157f7deaf4458e539c1c340fc0975aa2 to remote] http.headers 127 - http-outgoing-2 << Content-Type:application/json; charset=utf-8
08-15-2018 18:17:40 MainClientExec.java DEBUG [Forwarding findElement on session 157f7deaf4458e539c1c340fc0975aa2 to remote] execchain.MainClientExec 284 - Connection can be kept alive indefinitely
08-15-2018 18:17:40 PoolingHttpClientConnectionManager.java DEBUG [Forwarding findElement on session 157f7deaf4458e539c1c340fc0975aa2 to remote] conn.PoolingHttpClientConnectionManager 314 - Connection [id: 2][route: {}->http://localhost:7334] can be kept alive indefinitely
08-15-2018 18:17:40 PoolingHttpClientConnectionManager.java DEBUG [Forwarding findElement on session 157f7deaf4458e539c1c340fc0975aa2 to remote] conn.PoolingHttpClientConnectionManager 320 - Connection released: [id: 2][route: {}->http://localhost:7334][total kept alive: 2; route allocated: 2 of 2000; total allocated: 3 of 2000]
08-15-2018 18:17:40 RequestAddCookies.java DEBUG [Forwarding sendKeysToElement on session 157f7deaf4458e539c1c340fc0975aa2 to remote] protocol.RequestAddCookies 122 - CookieSpec selected: default
08-15-2018 18:17:40 RequestAuthCache.java DEBUG [Forwarding sendKeysToElement on session 157f7deaf4458e539c1c340fc0975aa2 to remote] protocol.RequestAuthCache 76 - Auth cache not set in the context
08-15-2018 18:17:40 PoolingHttpClientConnectionManager.java DEBUG [Forwarding sendKeysToElement on session 157f7deaf4458e539c1c340fc0975aa2 to remote] conn.PoolingHttpClientConnectionManager 249 - Connection request: [route: {}->http://localhost:7334][total kept alive: 2; route allocated: 2 of 2000; total allocated: 3 of 2000]
08-15-2018 18:17:40 PoolingHttpClientConnectionManager.java DEBUG [Forwarding sendKeysToElement on session 157f7deaf4458e539c1c340fc0975aa2 to remote] conn.PoolingHttpClientConnectionManager 282 - Connection leased: [id: 2][route: {}->http://localhost:7334][total kept alive: 1; route allocated: 2 of 2000; total allocated: 3 of 2000]
08-15-2018 18:17:40 MainClientExec.java DEBUG [Forwarding sendKeysToElement on session 157f7deaf4458e539c1c340fc0975aa2 to remote] execchain.MainClientExec 207 - Stale connection check
08-15-2018 18:17:40 Wire.java DEBUG [Forwarding sendKeysToElement on session 157f7deaf4458e539c1c340fc0975aa2 to remote] http.wire 86 - http-outgoing-2 << "[read] I/O error: Read timed out"
08-15-2018 18:17:40 LoggingManagedHttpClientConnection.java DEBUG [Forwarding sendKeysToElement on session 157f7deaf4458e539c1c340fc0975aa2 to remote] conn.DefaultManagedHttpClientConnection 90 - http-outgoing-2: set socket timeout to 10800000
08-15-2018 18:17:40 MainClientExec.java DEBUG [Forwarding sendKeysToElement on session 157f7deaf4458e539c1c340fc0975aa2 to remote] execchain.MainClientExec 255 - Executing request POST /session/157f7deaf4458e539c1c340fc0975aa2/element/0.7443036687500908-2/value HTTP/1.1
08-15-2018 18:17:40 MainClientExec.java DEBUG [Forwarding sendKeysToElement on session 157f7deaf4458e539c1c340fc0975aa2 to remote] execchain.MainClientExec 260 - Target auth state: UNCHALLENGED
08-15-2018 18:17:40 MainClientExec.java DEBUG [Forwarding sendKeysToElement on session 157f7deaf4458e539c1c340fc0975aa2 to remote] execchain.MainClientExec 266 - Proxy auth state: UNCHALLENGED
08-15-2018 18:17:40 LoggingManagedHttpClientConnection.java DEBUG [Forwarding sendKeysToElement on session 157f7deaf4458e539c1c340fc0975aa2 to remote] http.headers 135 - http-outgoing-2 >> POST /session/157f7deaf4458e539c1c340fc0975aa2/element/0.7443036687500908-2/value HTTP/1.1
08-15-2018 18:17:40 LoggingManagedHttpClientConnection.java DEBUG [Forwarding sendKeysToElement on session 157f7deaf4458e539c1c340fc0975aa2 to remote] http.headers 138 - http-outgoing-2 >> Content-Type: application/json; charset=utf-8
08-15-2018 18:17:40 LoggingManagedHttpClientConnection.java DEBUG [Forwarding sendKeysToElement on session 157f7deaf4458e539c1c340fc0975aa2 to remote] http.headers 138 - http-outgoing-2 >> Content-Length: 50
08-15-2018 18:17:40 LoggingManagedHttpClientConnection.java DEBUG [Forwarding sendKeysToElement on session 157f7deaf4458e539c1c340fc0975aa2 to remote] http.headers 138 - http-outgoing-2 >> Host: localhost:7334
08-15-2018 18:17:40 LoggingManagedHttpClientConnection.java DEBUG [Forwarding sendKeysToElement on session 157f7deaf4458e539c1c340fc0975aa2 to remote] http.headers 138 - http-outgoing-2 >> Connection: Keep-Alive
08-15-2018 18:17:40 LoggingManagedHttpClientConnection.java DEBUG [Forwarding sendKeysToElement on session 157f7deaf4458e539c1c340fc0975aa2 to remote] http.headers 138 - http-outgoing-2 >> User-Agent: Apache-HttpClient/4.5.1 (Java/1.8.0_131)
08-15-2018 18:17:40 LoggingManagedHttpClientConnection.java DEBUG [Forwarding sendKeysToElement on session 157f7deaf4458e539c1c340fc0975aa2 to remote] http.headers 138 - http-outgoing-2 >> Accept-Encoding: gzip,deflate
08-15-2018 18:17:40 Wire.java DEBUG [Forwarding sendKeysToElement on session 157f7deaf4458e539c1c340fc0975aa2 to remote] http.wire 72 - http-outgoing-2 >> "POST /session/157f7deaf4458e539c1c340fc0975aa2/element/0.7443036687500908-2/value HTTP/1.1[\r][\n]"
08-15-2018 18:17:40 Wire.java DEBUG [Forwarding sendKeysToElement on session 157f7deaf4458e539c1c340fc0975aa2 to remote] http.wire 72 - http-outgoing-2 >> "Content-Type: application/json; charset=utf-8[\r][\n]"
08-15-2018 18:17:40 Wire.java DEBUG [Forwarding sendKeysToElement on session 157f7deaf4458e539c1c340fc0975aa2 to remote] http.wire 72 - http-outgoing-2 >> "Content-Length: 50[\r][\n]"
08-15-2018 18:17:40 Wire.java DEBUG [Forwarding sendKeysToElement on session 157f7deaf4458e539c1c340fc0975aa2 to remote] http.wire 72 - http-outgoing-2 >> "Host: localhost:7334[\r][\n]"
08-15-2018 18:17:40 Wire.java DEBUG [Forwarding sendKeysToElement on session 157f7deaf4458e539c1c340fc0975aa2 to remote] http.wire 72 - http-outgoing-2 >> "Connection: Keep-Alive[\r][\n]"
08-15-2018 18:17:40 Wire.java DEBUG [Forwarding sendKeysToElement on session 157f7deaf4458e539c1c340fc0975aa2 to remote] http.wire 72 - http-outgoing-2 >> "User-Agent: Apache-HttpClient/4.5.1 (Java/1.8.0_131)[\r][\n]"
08-15-2018 18:17:40 Wire.java DEBUG [Forwarding sendKeysToElement on session 157f7deaf4458e539c1c340fc0975aa2 to remote] http.wire 72 - http-outgoing-2 >> "Accept-Encoding: gzip,deflate[\r][\n]"
08-15-2018 18:17:40 Wire.java DEBUG [Forwarding sendKeysToElement on session 157f7deaf4458e539c1c340fc0975aa2 to remote] http.wire 72 - http-outgoing-2 >> "[\r][\n]"
08-15-2018 18:17:40 Wire.java DEBUG [Forwarding sendKeysToElement on session 157f7deaf4458e539c1c340fc0975aa2 to remote] http.wire 86 - http-outgoing-2 >> "{"id":"0.7443036687500908-2","value":["Infy@#$2"]}"
08-15-2018 18:17:40 Wire.java DEBUG [Forwarding sendKeysToElement on session 157f7deaf4458e539c1c340fc0975aa2 to remote] http.wire 72 - http-outgoing-1 << "HTTP/1.1 200 OK[\r][\n]"
08-15-2018 18:17:40 Wire.java DEBUG [Forwarding sendKeysToElement on session 157f7deaf4458e539c1c340fc0975aa2 to remote] http.wire 72 - http-outgoing-1 << "Content-Length:72[\r][\n]"
08-15-2018 18:17:40 Wire.java DEBUG [Forwarding sendKeysToElement on session 157f7deaf4458e539c1c340fc0975aa2 to remote] http.wire 72 - http-outgoing-1 << "Content-Type:application/json; charset=utf-8[\r][\n]"
08-15-2018 18:17:40 Wire.java DEBUG [Forwarding sendKeysToElement on session 157f7deaf4458e539c1c340fc0975aa2 to remote] http.wire 72 - http-outgoing-1 << "[\r][\n]"
08-15-2018 18:17:40 Wire.java DEBUG [Forwarding sendKeysToElement on session 157f7deaf4458e539c1c340fc0975aa2 to remote] http.wire 86 - http-outgoing-1 << "{"sessionId":"157f7deaf4458e539c1c340fc0975aa2","status":0,"value":null}"
08-15-2018 18:17:40 LoggingManagedHttpClientConnection.java DEBUG [Forwarding sendKeysToElement on session 157f7deaf4458e539c1c340fc0975aa2 to remote] http.headers 124 - http-outgoing-1 << HTTP/1.1 200 OK
08-15-2018 18:17:40 LoggingManagedHttpClientConnection.java DEBUG [Forwarding sendKeysToElement on session 157f7deaf4458e539c1c340fc0975aa2 to remote] http.headers 127 - http-outgoing-1 << Content-Length:72
08-15-2018 18:17:40 LoggingManagedHttpClientConnection.java DEBUG [Forwarding sendKeysToElement on session 157f7deaf4458e539c1c340fc0975aa2 to remote] http.headers 127 - http-outgoing-1 << Content-Type:application/json; charset=utf-8
08-15-2018 18:17:40 MainClientExec.java DEBUG [Forwarding sendKeysToElement on session 157f7deaf4458e539c1c340fc0975aa2 to remote] execchain.MainClientExec 284 - Connection can be kept alive indefinitely
08-15-2018 18:17:40 PoolingHttpClientConnectionManager.java DEBUG [Forwarding sendKeysToElement on session 157f7deaf4458e539c1c340fc0975aa2 to remote] conn.PoolingHttpClientConnectionManager 314 - Connection [id: 1][route: {}->http://localhost:7334] can be kept alive indefinitely
08-15-2018 18:17:40 PoolingHttpClientConnectionManager.java DEBUG [Forwarding sendKeysToElement on session 157f7deaf4458e539c1c340fc0975aa2 to remote] conn.PoolingHttpClientConnectionManager 320 - Connection released: [id: 1][route: {}->http://localhost:7334][total kept alive: 2; route allocated: 2 of 2000; total allocated: 3 of 2000]
08-15-2018 18:17:40 RequestAddCookies.java DEBUG [Forwarding findElement on session 157f7deaf4458e539c1c340fc0975aa2 to remote] protocol.RequestAddCookies 122 - CookieSpec selected: default
08-15-2018 18:17:40 RequestAuthCache.java DEBUG [Forwarding findElement on session 157f7deaf4458e539c1c340fc0975aa2 to remote] protocol.RequestAuthCache 76 - Auth cache not set in the context
08-15-2018 18:17:40 PoolingHttpClientConnectionManager.java DEBUG [Forwarding findElement on session 157f7deaf4458e539c1c340fc0975aa2 to remote] conn.PoolingHttpClientConnectionManager 249 - Connection request: [route: {}->http://localhost:7334][total kept alive: 2; route allocated: 2 of 2000; total allocated: 3 of 2000]
08-15-2018 18:17:40 PoolingHttpClientConnectionManager.java DEBUG [Forwarding findElement on session 157f7deaf4458e539c1c340fc0975aa2 to remote] conn.PoolingHttpClientConnectionManager 282 - Connection leased: [id: 1][route: {}->http://localhost:7334][total kept alive: 1; route allocated: 2 of 2000; total allocated: 3 of 2000]
08-15-2018 18:17:40 MainClientExec.java DEBUG [Forwarding findElement on session 157f7deaf4458e539c1c340fc0975aa2 to remote] execchain.MainClientExec 207 - Stale connection check
08-15-2018 18:17:40 Wire.java DEBUG [Forwarding findElement on session 157f7deaf4458e539c1c340fc0975aa2 to remote] http.wire 86 - http-outgoing-1 << "[read] I/O error: Read timed out"
08-15-2018 18:17:40 LoggingManagedHttpClientConnection.java DEBUG [Forwarding findElement on session 157f7deaf4458e539c1c340fc0975aa2 to remote] conn.DefaultManagedHttpClientConnection 90 - http-outgoing-1: set socket timeout to 10800000
08-15-2018 18:17:40 MainClientExec.java DEBUG [Forwarding findElement on session 157f7deaf4458e539c1c340fc0975aa2 to remote] execchain.MainClientExec 255 - Executing request POST /session/157f7deaf4458e539c1c340fc0975aa2/element HTTP/1.1
08-15-2018 18:17:40 MainClientExec.java DEBUG [Forwarding findElement on session 157f7deaf4458e539c1c340fc0975aa2 to remote] execchain.MainClientExec 260 - Target auth state: UNCHALLENGED
08-15-2018 18:17:40 MainClientExec.java DEBUG [Forwarding findElement on session 157f7deaf4458e539c1c340fc0975aa2 to remote] execchain.MainClientExec 266 - Proxy auth state: UNCHALLENGED
08-15-2018 18:17:40 LoggingManagedHttpClientConnection.java DEBUG [Forwarding findElement on session 157f7deaf4458e539c1c340fc0975aa2 to remote] http.headers 135 - http-outgoing-1 >> POST /session/157f7deaf4458e539c1c340fc0975aa2/element HTTP/1.1
08-15-2018 18:17:40 LoggingManagedHttpClientConnection.java DEBUG [Forwarding findElement on session 157f7deaf4458e539c1c340fc0975aa2 to remote] http.headers 138 - http-outgoing-1 >> Content-Type: application/json; charset=utf-8
08-15-2018 18:17:40 LoggingManagedHttpClientConnection.java DEBUG [Forwarding findElement on session 157f7deaf4458e539c1c340fc0975aa2 to remote] http.headers 138 - http-outgoing-1 >> Content-Length: 51
08-15-2018 18:17:40 LoggingManagedHttpClientConnection.java DEBUG [Forwarding findElement on session 157f7deaf4458e539c1c340fc0975aa2 to remote] http.headers 138 - http-outgoing-1 >> Host: localhost:7334
08-15-2018 18:17:40 LoggingManagedHttpClientConnection.java DEBUG [Forwarding findElement on session 157f7deaf4458e539c1c340fc0975aa2 to remote] http.headers 138 - http-outgoing-1 >> Connection: Keep-Alive
08-15-2018 18:17:40 LoggingManagedHttpClientConnection.java DEBUG [Forwarding findElement on session 157f7deaf4458e539c1c340fc0975aa2 to remote] http.headers 138 - http-outgoing-1 >> User-Agent: Apache-HttpClient/4.5.1 (Java/1.8.0_131)
08-15-2018 18:17:40 LoggingManagedHttpClientConnection.java DEBUG [Forwarding findElement on session 157f7deaf4458e539c1c340fc0975aa2 to remote] http.headers 138 - http-outgoing-1 >> Accept-Encoding: gzip,deflate
08-15-2018 18:17:40 Wire.java DEBUG [Forwarding findElement on session 157f7deaf4458e539c1c340fc0975aa2 to remote] http.wire 72 - http-outgoing-1 >> "POST /session/157f7deaf4458e539c1c340fc0975aa2/element HTTP/1.1[\r][\n]"
08-15-2018 18:17:40 Wire.java DEBUG [Forwarding findElement on session 157f7deaf4458e539c1c340fc0975aa2 to remote] http.wire 72 - http-outgoing-1 >> "Content-Type: application/json; charset=utf-8[\r][\n]"
08-15-2018 18:17:40 Wire.java DEBUG [Forwarding findElement on session 157f7deaf4458e539c1c340fc0975aa2 to remote] http.wire 72 - http-outgoing-1 >> "Content-Length: 51[\r][\n]"
08-15-2018 18:17:40 Wire.java DEBUG [Forwarding findElement on session 157f7deaf4458e539c1c340fc0975aa2 to remote] http.wire 72 - http-outgoing-1 >> "Host: localhost:7334[\r][\n]"
08-15-2018 18:17:40 Wire.java DEBUG [Forwarding findElement on session 157f7deaf4458e539c1c340fc0975aa2 to remote] http.wire 72 - http-outgoing-1 >> "Connection: Keep-Alive[\r][\n]"
08-15-2018 18:17:40 Wire.java DEBUG [Forwarding findElement on session 157f7deaf4458e539c1c340fc0975aa2 to remote] http.wire 72 - http-outgoing-1 >> "User-Agent: Apache-HttpClient/4.5.1 (Java/1.8.0_131)[\r][\n]"
08-15-2018 18:17:40 Wire.java DEBUG [Forwarding findElement on session 157f7deaf4458e539c1c340fc0975aa2 to remote] http.wire 72 - http-outgoing-1 >> "Accept-Encoding: gzip,deflate[\r][\n]"
08-15-2018 18:17:40 Wire.java DEBUG [Forwarding findElement on session 157f7deaf4458e539c1c340fc0975aa2 to remote] http.wire 72 - http-outgoing-1 >> "[\r][\n]"
08-15-2018 18:17:40 Wire.java DEBUG [Forwarding findElement on session 157f7deaf4458e539c1c340fc0975aa2 to remote] http.wire 86 - http-outgoing-1 >> "{"using":"xpath","value":"//input[@type='submit']"}"
08-15-2018 18:17:40 Wire.java DEBUG [Forwarding sendKeysToElement on session 157f7deaf4458e539c1c340fc0975aa2 to remote] http.wire 72 - http-outgoing-2 << "HTTP/1.1 200 OK[\r][\n]"
08-15-2018 18:17:40 Wire.java DEBUG [Forwarding sendKeysToElement on session 157f7deaf4458e539c1c340fc0975aa2 to remote] http.wire 72 - http-outgoing-2 << "Content-Length:72[\r][\n]"
08-15-2018 18:17:40 Wire.java DEBUG [Forwarding sendKeysToElement on session 157f7deaf4458e539c1c340fc0975aa2 to remote] http.wire 72 - http-outgoing-2 << "Content-Type:application/json; charset=utf-8[\r][\n]"
08-15-2018 18:17:40 Wire.java DEBUG [Forwarding sendKeysToElement on session 157f7deaf4458e539c1c340fc0975aa2 to remote] http.wire 72 - http-outgoing-2 << "[\r][\n]"
08-15-2018 18:17:40 Wire.java DEBUG [Forwarding sendKeysToElement on session 157f7deaf4458e539c1c340fc0975aa2 to remote] http.wire 86 - http-outgoing-2 << "{"sessionId":"157f7deaf4458e539c1c340fc0975aa2","status":0,"value":null}"
08-15-2018 18:17:40 LoggingManagedHttpClientConnection.java DEBUG [Forwarding sendKeysToElement on session 157f7deaf4458e539c1c340fc0975aa2 to remote] http.headers 124 - http-outgoing-2 << HTTP/1.1 200 OK
08-15-2018 18:17:40 LoggingManagedHttpClientConnection.java DEBUG [Forwarding sendKeysToElement on session 157f7deaf4458e539c1c340fc0975aa2 to remote] http.headers 127 - http-outgoing-2 << Content-Length:72
08-15-2018 18:17:40 LoggingManagedHttpClientConnection.java DEBUG [Forwarding sendKeysToElement on session 157f7deaf4458e539c1c340fc0975aa2 to remote] http.headers 127 - http-outgoing-2 << Content-Type:application/json; charset=utf-8
08-15-2018 18:17:40 MainClientExec.java DEBUG [Forwarding sendKeysToElement on session 157f7deaf4458e539c1c340fc0975aa2 to remote] execchain.MainClientExec 284 - Connection can be kept alive indefinitely
08-15-2018 18:17:40 PoolingHttpClientConnectionManager.java DEBUG [Forwarding sendKeysToElement on session 157f7deaf4458e539c1c340fc0975aa2 to remote] conn.PoolingHttpClientConnectionManager 314 - Connection [id: 2][route: {}->http://localhost:7334] can be kept alive indefinitely
08-15-2018 18:17:40 PoolingHttpClientConnectionManager.java DEBUG [Forwarding sendKeysToElement on session 157f7deaf4458e539c1c340fc0975aa2 to remote] conn.PoolingHttpClientConnectionManager 320 - Connection released: [id: 2][route: {}->http://localhost:7334][total kept alive: 2; route allocated: 2 of 2000; total allocated: 3 of 2000]
08-15-2018 18:17:40 RequestAddCookies.java DEBUG [Forwarding findElement on session 157f7deaf4458e539c1c340fc0975aa2 to remote] protocol.RequestAddCookies 122 - CookieSpec selected: default
08-15-2018 18:17:40 RequestAuthCache.java DEBUG [Forwarding findElement on session 157f7deaf4458e539c1c340fc0975aa2 to remote] protocol.RequestAuthCache 76 - Auth cache not set in the context
08-15-2018 18:17:40 PoolingHttpClientConnectionManager.java DEBUG [Forwarding findElement on session 157f7deaf4458e539c1c340fc0975aa2 to remote] conn.PoolingHttpClientConnectionManager 249 - Connection request: [route: {}->http://localhost:7334][total kept alive: 2; route allocated: 2 of 2000; total allocated: 3 of 2000]
08-15-2018 18:17:40 PoolingHttpClientConnectionManager.java DEBUG [Forwarding findElement on session 157f7deaf4458e539c1c340fc0975aa2 to remote] conn.PoolingHttpClientConnectionManager 282 - Connection leased: [id: 2][route: {}->http://localhost:7334][total kept alive: 1; route allocated: 2 of 2000; total allocated: 3 of 2000]
08-15-2018 18:17:40 MainClientExec.java DEBUG [Forwarding findElement on session 157f7deaf4458e539c1c340fc0975aa2 to remote] execchain.MainClientExec 207 - Stale connection check
08-15-2018 18:17:40 Wire.java DEBUG [Forwarding findElement on session 157f7deaf4458e539c1c340fc0975aa2 to remote] http.wire 86 - http-outgoing-2 << "[read] I/O error: Read timed out"
08-15-2018 18:17:40 LoggingManagedHttpClientConnection.java DEBUG [Forwarding findElement on session 157f7deaf4458e539c1c340fc0975aa2 to remote] conn.DefaultManagedHttpClientConnection 90 - http-outgoing-2: set socket timeout to 10800000
08-15-2018 18:17:40 MainClientExec.java DEBUG [Forwarding findElement on session 157f7deaf4458e539c1c340fc0975aa2 to remote] execchain.MainClientExec 255 - Executing request POST /session/157f7deaf4458e539c1c340fc0975aa2/element HTTP/1.1
08-15-2018 18:17:40 MainClientExec.java DEBUG [Forwarding findElement on session 157f7deaf4458e539c1c340fc0975aa2 to remote] execchain.MainClientExec 260 - Target auth state: UNCHALLENGED
08-15-2018 18:17:40 MainClientExec.java DEBUG [Forwarding findElement on session 157f7deaf4458e539c1c340fc0975aa2 to remote] execchain.MainClientExec 266 - Proxy auth state: UNCHALLENGED
08-15-2018 18:17:40 LoggingManagedHttpClientConnection.java DEBUG [Forwarding findElement on session 157f7deaf4458e539c1c340fc0975aa2 to remote] http.headers 135 - http-outgoing-2 >> POST /session/157f7deaf4458e539c1c340fc0975aa2/element HTTP/1.1
08-15-2018 18:17:40 LoggingManagedHttpClientConnection.java DEBUG [Forwarding findElement on session 157f7deaf4458e539c1c340fc0975aa2 to remote] http.headers 138 - http-outgoing-2 >> Content-Type: application/json; charset=utf-8
08-15-2018 18:17:40 LoggingManagedHttpClientConnection.java DEBUG [Forwarding findElement on session 157f7deaf4458e539c1c340fc0975aa2 to remote] http.headers 138 - http-outgoing-2 >> Content-Length: 51
08-15-2018 18:17:40 LoggingManagedHttpClientConnection.java DEBUG [Forwarding findElement on session 157f7deaf4458e539c1c340fc0975aa2 to remote] http.headers 138 - http-outgoing-2 >> Host: localhost:7334
08-15-2018 18:17:40 LoggingManagedHttpClientConnection.java DEBUG [Forwarding findElement on session 157f7deaf4458e539c1c340fc0975aa2 to remote] http.headers 138 - http-outgoing-2 >> Connection: Keep-Alive
08-15-2018 18:17:40 LoggingManagedHttpClientConnection.java DEBUG [Forwarding findElement on session 157f7deaf4458e539c1c340fc0975aa2 to remote] http.headers 138 - http-outgoing-2 >> User-Agent: Apache-HttpClient/4.5.1 (Java/1.8.0_131)
08-15-2018 18:17:40 LoggingManagedHttpClientConnection.java DEBUG [Forwarding findElement on session 157f7deaf4458e539c1c340fc0975aa2 to remote] http.headers 138 - http-outgoing-2 >> Accept-Encoding: gzip,deflate
08-15-2018 18:17:40 Wire.java DEBUG [Forwarding findElement on session 157f7deaf4458e539c1c340fc0975aa2 to remote] http.wire 72 - http-outgoing-2 >> "POST /session/157f7deaf4458e539c1c340fc0975aa2/element HTTP/1.1[\r][\n]"
08-15-2018 18:17:40 Wire.java DEBUG [Forwarding findElement on session 157f7deaf4458e539c1c340fc0975aa2 to remote] http.wire 72 - http-outgoing-2 >> "Content-Type: application/json; charset=utf-8[\r][\n]"
08-15-2018 18:17:40 Wire.java DEBUG [Forwarding findElement on session 157f7deaf4458e539c1c340fc0975aa2 to remote] http.wire 72 - http-outgoing-2 >> "Content-Length: 51[\r][\n]"
08-15-2018 18:17:40 Wire.java DEBUG [Forwarding findElement on session 157f7deaf4458e539c1c340fc0975aa2 to remote] http.wire 72 - http-outgoing-2 >> "Host: localhost:7334[\r][\n]"
08-15-2018 18:17:40 Wire.java DEBUG [Forwarding findElement on session 157f7deaf4458e539c1c340fc0975aa2 to remote] http.wire 72 - http-outgoing-2 >> "Connection: Keep-Alive[\r][\n]"
08-15-2018 18:17:40 Wire.java DEBUG [Forwarding findElement on session 157f7deaf4458e539c1c340fc0975aa2 to remote] http.wire 72 - http-outgoing-2 >> "User-Agent: Apache-HttpClient/4.5.1 (Java/1.8.0_131)[\r][\n]"
08-15-2018 18:17:40 Wire.java DEBUG [Forwarding findElement on session 157f7deaf4458e539c1c340fc0975aa2 to remote] http.wire 72 - http-outgoing-2 >> "Accept-Encoding: gzip,deflate[\r][\n]"
08-15-2018 18:17:40 Wire.java DEBUG [Forwarding findElement on session 157f7deaf4458e539c1c340fc0975aa2 to remote] http.wire 72 - http-outgoing-2 >> "[\r][\n]"
08-15-2018 18:17:40 Wire.java DEBUG [Forwarding findElement on session 157f7deaf4458e539c1c340fc0975aa2 to remote] http.wire 86 - http-outgoing-2 >> "{"using":"xpath","value":"//input[@type='submit']"}"
08-15-2018 18:17:40 Wire.java DEBUG [Forwarding findElement on session 157f7deaf4458e539c1c340fc0975aa2 to remote] http.wire 72 - http-outgoing-1 << "HTTP/1.1 200 OK[\r][\n]"
08-15-2018 18:17:40 Wire.java DEBUG [Forwarding findElement on session 157f7deaf4458e539c1c340fc0975aa2 to remote] http.wire 72 - http-outgoing-1 << "Content-Length:102[\r][\n]"
08-15-2018 18:17:40 Wire.java DEBUG [Forwarding findElement on session 157f7deaf4458e539c1c340fc0975aa2 to remote] http.wire 72 - http-outgoing-1 << "Content-Type:application/json; charset=utf-8[\r][\n]"
08-15-2018 18:17:40 Wire.java DEBUG [Forwarding findElement on session 157f7deaf4458e539c1c340fc0975aa2 to remote] http.wire 72 - http-outgoing-1 << "[\r][\n]"
08-15-2018 18:17:40 Wire.java DEBUG [Forwarding findElement on session 157f7deaf4458e539c1c340fc0975aa2 to remote] http.wire 86 - http-outgoing-1 << "{"sessionId":"157f7deaf4458e539c1c340fc0975aa2","status":0,"value":{"ELEMENT":"0.7443036687500908-3"}}"
08-15-2018 18:17:40 LoggingManagedHttpClientConnection.java DEBUG [Forwarding findElement on session 157f7deaf4458e539c1c340fc0975aa2 to remote] http.headers 124 - http-outgoing-1 << HTTP/1.1 200 OK
08-15-2018 18:17:40 LoggingManagedHttpClientConnection.java DEBUG [Forwarding findElement on session 157f7deaf4458e539c1c340fc0975aa2 to remote] http.headers 127 - http-outgoing-1 << Content-Length:102
08-15-2018 18:17:40 LoggingManagedHttpClientConnection.java DEBUG [Forwarding findElement on session 157f7deaf4458e539c1c340fc0975aa2 to remote] http.headers 127 - http-outgoing-1 << Content-Type:application/json; charset=utf-8
08-15-2018 18:17:40 MainClientExec.java DEBUG [Forwarding findElement on session 157f7deaf4458e539c1c340fc0975aa2 to remote] execchain.MainClientExec 284 - Connection can be kept alive indefinitely
08-15-2018 18:17:40 PoolingHttpClientConnectionManager.java DEBUG [Forwarding findElement on session 157f7deaf4458e539c1c340fc0975aa2 to remote] conn.PoolingHttpClientConnectionManager 314 - Connection [id: 1][route: {}->http://localhost:7334] can be kept alive indefinitely
08-15-2018 18:17:40 PoolingHttpClientConnectionManager.java DEBUG [Forwarding findElement on session 157f7deaf4458e539c1c340fc0975aa2 to remote] conn.PoolingHttpClientConnectionManager 320 - Connection released: [id: 1][route: {}->http://localhost:7334][total kept alive: 2; route allocated: 2 of 2000; total allocated: 3 of 2000]
08-15-2018 18:17:40 RequestAddCookies.java DEBUG [Forwarding clickElement on session 157f7deaf4458e539c1c340fc0975aa2 to remote] protocol.RequestAddCookies 122 - CookieSpec selected: default
08-15-2018 18:17:40 RequestAuthCache.java DEBUG [Forwarding clickElement on session 157f7deaf4458e539c1c340fc0975aa2 to remote] protocol.RequestAuthCache 76 - Auth cache not set in the context
08-15-2018 18:17:40 PoolingHttpClientConnectionManager.java DEBUG [Forwarding clickElement on session 157f7deaf4458e539c1c340fc0975aa2 to remote] conn.PoolingHttpClientConnectionManager 249 - Connection request: [route: {}->http://localhost:7334][total kept alive: 2; route allocated: 2 of 2000; total allocated: 3 of 2000]
08-15-2018 18:17:40 PoolingHttpClientConnectionManager.java DEBUG [Forwarding clickElement on session 157f7deaf4458e539c1c340fc0975aa2 to remote] conn.PoolingHttpClientConnectionManager 282 - Connection leased: [id: 1][route: {}->http://localhost:7334][total kept alive: 1; route allocated: 2 of 2000; total allocated: 3 of 2000]
08-15-2018 18:17:40 MainClientExec.java DEBUG [Forwarding clickElement on session 157f7deaf4458e539c1c340fc0975aa2 to remote] execchain.MainClientExec 207 - Stale connection check
08-15-2018 18:17:40 Wire.java DEBUG [Forwarding clickElement on session 157f7deaf4458e539c1c340fc0975aa2 to remote] http.wire 86 - http-outgoing-1 << "[read] I/O error: Read timed out"
08-15-2018 18:17:40 LoggingManagedHttpClientConnection.java DEBUG [Forwarding clickElement on session 157f7deaf4458e539c1c340fc0975aa2 to remote] conn.DefaultManagedHttpClientConnection 90 - http-outgoing-1: set socket timeout to 10800000
08-15-2018 18:17:40 MainClientExec.java DEBUG [Forwarding clickElement on session 157f7deaf4458e539c1c340fc0975aa2 to remote] execchain.MainClientExec 255 - Executing request POST /session/157f7deaf4458e539c1c340fc0975aa2/element/0.7443036687500908-3/click HTTP/1.1
08-15-2018 18:17:40 MainClientExec.java DEBUG [Forwarding clickElement on session 157f7deaf4458e539c1c340fc0975aa2 to remote] execchain.MainClientExec 260 - Target auth state: UNCHALLENGED
08-15-2018 18:17:40 MainClientExec.java DEBUG [Forwarding clickElement on session 157f7deaf4458e539c1c340fc0975aa2 to remote] execchain.MainClientExec 266 - Proxy auth state: UNCHALLENGED
08-15-2018 18:17:40 LoggingManagedHttpClientConnection.java DEBUG [Forwarding clickElement on session 157f7deaf4458e539c1c340fc0975aa2 to remote] http.headers 135 - http-outgoing-1 >> POST /session/157f7deaf4458e539c1c340fc0975aa2/element/0.7443036687500908-3/click HTTP/1.1
08-15-2018 18:17:40 LoggingManagedHttpClientConnection.java DEBUG [Forwarding clickElement on session 157f7deaf4458e539c1c340fc0975aa2 to remote] http.headers 138 - http-outgoing-1 >> Content-Type: application/json; charset=utf-8
08-15-2018 18:17:40 LoggingManagedHttpClientConnection.java DEBUG [Forwarding clickElement on session 157f7deaf4458e539c1c340fc0975aa2 to remote] http.headers 138 - http-outgoing-1 >> Content-Length: 29
08-15-2018 18:17:40 LoggingManagedHttpClientConnection.java DEBUG [Forwarding clickElement on session 157f7deaf4458e539c1c340fc0975aa2 to remote] http.headers 138 - http-outgoing-1 >> Host: localhost:7334
08-15-2018 18:17:40 LoggingManagedHttpClientConnection.java DEBUG [Forwarding clickElement on session 157f7deaf4458e539c1c340fc0975aa2 to remote] http.headers 138 - http-outgoing-1 >> Connection: Keep-Alive
08-15-2018 18:17:40 LoggingManagedHttpClientConnection.java DEBUG [Forwarding clickElement on session 157f7deaf4458e539c1c340fc0975aa2 to remote] http.headers 138 - http-outgoing-1 >> User-Agent: Apache-HttpClient/4.5.1 (Java/1.8.0_131)
08-15-2018 18:17:40 LoggingManagedHttpClientConnection.java DEBUG [Forwarding clickElement on session 157f7deaf4458e539c1c340fc0975aa2 to remote] http.headers 138 - http-outgoing-1 >> Accept-Encoding: gzip,deflate
08-15-2018 18:17:40 Wire.java DEBUG [Forwarding clickElement on session 157f7deaf4458e539c1c340fc0975aa2 to remote] http.wire 72 - http-outgoing-1 >> "POST /session/157f7deaf4458e539c1c340fc0975aa2/element/0.7443036687500908-3/click HTTP/1.1[\r][\n]"
08-15-2018 18:17:40 Wire.java DEBUG [Forwarding clickElement on session 157f7deaf4458e539c1c340fc0975aa2 to remote] http.wire 72 - http-outgoing-1 >> "Content-Type: application/json; charset=utf-8[\r][\n]"
08-15-2018 18:17:40 Wire.java DEBUG [Forwarding clickElement on session 157f7deaf4458e539c1c340fc0975aa2 to remote] http.wire 72 - http-outgoing-1 >> "Content-Length: 29[\r][\n]"
08-15-2018 18:17:40 Wire.java DEBUG [Forwarding clickElement on session 157f7deaf4458e539c1c340fc0975aa2 to remote] http.wire 72 - http-outgoing-1 >> "Host: localhost:7334[\r][\n]"
08-15-2018 18:17:40 Wire.java DEBUG [Forwarding clickElement on session 157f7deaf4458e539c1c340fc0975aa2 to remote] http.wire 72 - http-outgoing-1 >> "Connection: Keep-Alive[\r][\n]"
08-15-2018 18:17:40 Wire.java DEBUG [Forwarding clickElement on session 157f7deaf4458e539c1c340fc0975aa2 to remote] http.wire 72 - http-outgoing-1 >> "User-Agent: Apache-HttpClient/4.5.1 (Java/1.8.0_131)[\r][\n]"
08-15-2018 18:17:40 Wire.java DEBUG [Forwarding clickElement on session 157f7deaf4458e539c1c340fc0975aa2 to remote] http.wire 72 - http-outgoing-1 >> "Accept-Encoding: gzip,deflate[\r][\n]"
08-15-2018 18:17:40 Wire.java DEBUG [Forwarding clickElement on session 157f7deaf4458e539c1c340fc0975aa2 to remote] http.wire 72 - http-outgoing-1 >> "[\r][\n]"
08-15-2018 18:17:40 Wire.java DEBUG [Forwarding clickElement on session 157f7deaf4458e539c1c340fc0975aa2 to remote] http.wire 86 - http-outgoing-1 >> "{"id":"0.7443036687500908-3"}"
08-15-2018 18:17:40 Wire.java DEBUG [Forwarding findElement on session 157f7deaf4458e539c1c340fc0975aa2 to remote] http.wire 72 - http-outgoing-2 << "HTTP/1.1 200 OK[\r][\n]"
08-15-2018 18:17:40 Wire.java DEBUG [Forwarding findElement on session 157f7deaf4458e539c1c340fc0975aa2 to remote] http.wire 72 - http-outgoing-2 << "Content-Length:102[\r][\n]"
08-15-2018 18:17:40 Wire.java DEBUG [Forwarding findElement on session 157f7deaf4458e539c1c340fc0975aa2 to remote] http.wire 72 - http-outgoing-2 << "Content-Type:application/json; charset=utf-8[\r][\n]"
08-15-2018 18:17:40 Wire.java DEBUG [Forwarding findElement on session 157f7deaf4458e539c1c340fc0975aa2 to remote] http.wire 72 - http-outgoing-2 << "[\r][\n]"
08-15-2018 18:17:40 Wire.java DEBUG [Forwarding findElement on session 157f7deaf4458e539c1c340fc0975aa2 to remote] http.wire 86 - http-outgoing-2 << "{"sessionId":"157f7deaf4458e539c1c340fc0975aa2","status":0,"value":{"ELEMENT":"0.7443036687500908-3"}}"
08-15-2018 18:17:40 LoggingManagedHttpClientConnection.java DEBUG [Forwarding findElement on session 157f7deaf4458e539c1c340fc0975aa2 to remote] http.headers 124 - http-outgoing-2 << HTTP/1.1 200 OK
08-15-2018 18:17:40 LoggingManagedHttpClientConnection.java DEBUG [Forwarding findElement on session 157f7deaf4458e539c1c340fc0975aa2 to remote] http.headers 127 - http-outgoing-2 << Content-Length:102
08-15-2018 18:17:40 LoggingManagedHttpClientConnection.java DEBUG [Forwarding findElement on session 157f7deaf4458e539c1c340fc0975aa2 to remote] http.headers 127 - http-outgoing-2 << Content-Type:application/json; charset=utf-8
08-15-2018 18:17:40 MainClientExec.java DEBUG [Forwarding findElement on session 157f7deaf4458e539c1c340fc0975aa2 to remote] execchain.MainClientExec 284 - Connection can be kept alive indefinitely
08-15-2018 18:17:40 PoolingHttpClientConnectionManager.java DEBUG [Forwarding findElement on session 157f7deaf4458e539c1c340fc0975aa2 to remote] conn.PoolingHttpClientConnectionManager 314 - Connection [id: 2][route: {}->http://localhost:7334] can be kept alive indefinitely
08-15-2018 18:17:40 PoolingHttpClientConnectionManager.java DEBUG [Forwarding findElement on session 157f7deaf4458e539c1c340fc0975aa2 to remote] conn.PoolingHttpClientConnectionManager 320 - Connection released: [id: 2][route: {}->http://localhost:7334][total kept alive: 2; route allocated: 2 of 2000; total allocated: 3 of 2000]
08-15-2018 18:17:40 RequestAddCookies.java DEBUG [Forwarding clickElement on session 157f7deaf4458e539c1c340fc0975aa2 to remote] protocol.RequestAddCookies 122 - CookieSpec selected: default
08-15-2018 18:17:40 RequestAuthCache.java DEBUG [Forwarding clickElement on session 157f7deaf4458e539c1c340fc0975aa2 to remote] protocol.RequestAuthCache 76 - Auth cache not set in the context
08-15-2018 18:17:40 PoolingHttpClientConnectionManager.java DEBUG [Forwarding clickElement on session 157f7deaf4458e539c1c340fc0975aa2 to remote] conn.PoolingHttpClientConnectionManager 249 - Connection request: [route: {}->http://localhost:7334][total kept alive: 2; route allocated: 2 of 2000; total allocated: 3 of 2000]
08-15-2018 18:17:40 PoolingHttpClientConnectionManager.java DEBUG [Forwarding clickElement on session 157f7deaf4458e539c1c340fc0975aa2 to remote] conn.PoolingHttpClientConnectionManager 282 - Connection leased: [id: 2][route: {}->http://localhost:7334][total kept alive: 1; route allocated: 2 of 2000; total allocated: 3 of 2000]
08-15-2018 18:17:40 MainClientExec.java DEBUG [Forwarding clickElement on session 157f7deaf4458e539c1c340fc0975aa2 to remote] execchain.MainClientExec 207 - Stale connection check
08-15-2018 18:17:40 Wire.java DEBUG [Forwarding clickElement on session 157f7deaf4458e539c1c340fc0975aa2 to remote] http.wire 86 - http-outgoing-2 << "[read] I/O error: Read timed out"
08-15-2018 18:17:40 LoggingManagedHttpClientConnection.java DEBUG [Forwarding clickElement on session 157f7deaf4458e539c1c340fc0975aa2 to remote] conn.DefaultManagedHttpClientConnection 90 - http-outgoing-2: set socket timeout to 10800000
08-15-2018 18:17:40 MainClientExec.java DEBUG [Forwarding clickElement on session 157f7deaf4458e539c1c340fc0975aa2 to remote] execchain.MainClientExec 255 - Executing request POST /session/157f7deaf4458e539c1c340fc0975aa2/element/0.7443036687500908-3/click HTTP/1.1
08-15-2018 18:17:40 MainClientExec.java DEBUG [Forwarding clickElement on session 157f7deaf4458e539c1c340fc0975aa2 to remote] execchain.MainClientExec 260 - Target auth state: UNCHALLENGED
08-15-2018 18:17:40 MainClientExec.java DEBUG [Forwarding clickElement on session 157f7deaf4458e539c1c340fc0975aa2 to remote] execchain.MainClientExec 266 - Proxy auth state: UNCHALLENGED
08-15-2018 18:17:40 LoggingManagedHttpClientConnection.java DEBUG [Forwarding clickElement on session 157f7deaf4458e539c1c340fc0975aa2 to remote] http.headers 135 - http-outgoing-2 >> POST /session/157f7deaf4458e539c1c340fc0975aa2/element/0.7443036687500908-3/click HTTP/1.1
08-15-2018 18:17:40 LoggingManagedHttpClientConnection.java DEBUG [Forwarding clickElement on session 157f7deaf4458e539c1c340fc0975aa2 to remote] http.headers 138 - http-outgoing-2 >> Content-Type: application/json; charset=utf-8
08-15-2018 18:17:40 LoggingManagedHttpClientConnection.java DEBUG [Forwarding clickElement on session 157f7deaf4458e539c1c340fc0975aa2 to remote] http.headers 138 - http-outgoing-2 >> Content-Length: 29
08-15-2018 18:17:40 LoggingManagedHttpClientConnection.java DEBUG [Forwarding clickElement on session 157f7deaf4458e539c1c340fc0975aa2 to remote] http.headers 138 - http-outgoing-2 >> Host: localhost:7334
08-15-2018 18:17:40 LoggingManagedHttpClientConnection.java DEBUG [Forwarding clickElement on session 157f7deaf4458e539c1c340fc0975aa2 to remote] http.headers 138 - http-outgoing-2 >> Connection: Keep-Alive
08-15-2018 18:17:40 LoggingManagedHttpClientConnection.java DEBUG [Forwarding clickElement on session 157f7deaf4458e539c1c340fc0975aa2 to remote] http.headers 138 - http-outgoing-2 >> User-Agent: Apache-HttpClient/4.5.1 (Java/1.8.0_131)
08-15-2018 18:17:40 LoggingManagedHttpClientConnection.java DEBUG [Forwarding clickElement on session 157f7deaf4458e539c1c340fc0975aa2 to remote] http.headers 138 - http-outgoing-2 >> Accept-Encoding: gzip,deflate
08-15-2018 18:17:40 Wire.java DEBUG [Forwarding clickElement on session 157f7deaf4458e539c1c340fc0975aa2 to remote] http.wire 72 - http-outgoing-2 >> "POST /session/157f7deaf4458e539c1c340fc0975aa2/element/0.7443036687500908-3/click HTTP/1.1[\r][\n]"
08-15-2018 18:17:40 Wire.java DEBUG [Forwarding clickElement on session 157f7deaf4458e539c1c340fc0975aa2 to remote] http.wire 72 - http-outgoing-2 >> "Content-Type: application/json; charset=utf-8[\r][\n]"
08-15-2018 18:17:40 Wire.java DEBUG [Forwarding clickElement on session 157f7deaf4458e539c1c340fc0975aa2 to remote] http.wire 72 - http-outgoing-2 >> "Content-Length: 29[\r][\n]"
08-15-2018 18:17:40 Wire.java DEBUG [Forwarding clickElement on session 157f7deaf4458e539c1c340fc0975aa2 to remote] http.wire 72 - http-outgoing-2 >> "Host: localhost:7334[\r][\n]"
08-15-2018 18:17:40 Wire.java DEBUG [Forwarding clickElement on session 157f7deaf4458e539c1c340fc0975aa2 to remote] http.wire 72 - http-outgoing-2 >> "Connection: Keep-Alive[\r][\n]"
08-15-2018 18:17:40 Wire.java DEBUG [Forwarding clickElement on session 157f7deaf4458e539c1c340fc0975aa2 to remote] http.wire 72 - http-outgoing-2 >> "User-Agent: Apache-HttpClient/4.5.1 (Java/1.8.0_131)[\r][\n]"
08-15-2018 18:17:40 Wire.java DEBUG [Forwarding clickElement on session 157f7deaf4458e539c1c340fc0975aa2 to remote] http.wire 72 - http-outgoing-2 >> "Accept-Encoding: gzip,deflate[\r][\n]"
08-15-2018 18:17:40 Wire.java DEBUG [Forwarding clickElement on session 157f7deaf4458e539c1c340fc0975aa2 to remote] http.wire 72 - http-outgoing-2 >> "[\r][\n]"
08-15-2018 18:17:40 Wire.java DEBUG [Forwarding clickElement on session 157f7deaf4458e539c1c340fc0975aa2 to remote] http.wire 86 - http-outgoing-2 >> "{"id":"0.7443036687500908-3"}"
08-15-2018 18:17:43 Wire.java DEBUG [Forwarding clickElement on session 157f7deaf4458e539c1c340fc0975aa2 to remote] http.wire 72 - http-outgoing-1 << "HTTP/1.1 200 OK[\r][\n]"
08-15-2018 18:17:43 Wire.java DEBUG [Forwarding clickElement on session 157f7deaf4458e539c1c340fc0975aa2 to remote] http.wire 72 - http-outgoing-1 << "Content-Length:72[\r][\n]"
08-15-2018 18:17:43 Wire.java DEBUG [Forwarding clickElement on session 157f7deaf4458e539c1c340fc0975aa2 to remote] http.wire 72 - http-outgoing-1 << "Content-Type:application/json; charset=utf-8[\r][\n]"
08-15-2018 18:17:43 Wire.java DEBUG [Forwarding clickElement on session 157f7deaf4458e539c1c340fc0975aa2 to remote] http.wire 72 - http-outgoing-1 << "[\r][\n]"
08-15-2018 18:17:43 Wire.java DEBUG [Forwarding clickElement on session 157f7deaf4458e539c1c340fc0975aa2 to remote] http.wire 86 - http-outgoing-1 << "{"sessionId":"157f7deaf4458e539c1c340fc0975aa2","status":0,"value":null}"
08-15-2018 18:17:43 LoggingManagedHttpClientConnection.java DEBUG [Forwarding clickElement on session 157f7deaf4458e539c1c340fc0975aa2 to remote] http.headers 124 - http-outgoing-1 << HTTP/1.1 200 OK
08-15-2018 18:17:43 LoggingManagedHttpClientConnection.java DEBUG [Forwarding clickElement on session 157f7deaf4458e539c1c340fc0975aa2 to remote] http.headers 127 - http-outgoing-1 << Content-Length:72
08-15-2018 18:17:43 LoggingManagedHttpClientConnection.java DEBUG [Forwarding clickElement on session 157f7deaf4458e539c1c340fc0975aa2 to remote] http.headers 127 - http-outgoing-1 << Content-Type:application/json; charset=utf-8
08-15-2018 18:17:43 MainClientExec.java DEBUG [Forwarding clickElement on session 157f7deaf4458e539c1c340fc0975aa2 to remote] execchain.MainClientExec 284 - Connection can be kept alive indefinitely
08-15-2018 18:17:43 PoolingHttpClientConnectionManager.java DEBUG [Forwarding clickElement on session 157f7deaf4458e539c1c340fc0975aa2 to remote] conn.PoolingHttpClientConnectionManager 314 - Connection [id: 1][route: {}->http://localhost:7334] can be kept alive indefinitely
08-15-2018 18:17:43 PoolingHttpClientConnectionManager.java DEBUG [Forwarding clickElement on session 157f7deaf4458e539c1c340fc0975aa2 to remote] conn.PoolingHttpClientConnectionManager 320 - Connection released: [id: 1][route: {}->http://localhost:7334][total kept alive: 2; route allocated: 2 of 2000; total allocated: 3 of 2000]
08-15-2018 18:17:43 Wire.java DEBUG [Forwarding clickElement on session 157f7deaf4458e539c1c340fc0975aa2 to remote] http.wire 72 - http-outgoing-2 << "HTTP/1.1 200 OK[\r][\n]"
08-15-2018 18:17:43 Wire.java DEBUG [Forwarding clickElement on session 157f7deaf4458e539c1c340fc0975aa2 to remote] http.wire 72 - http-outgoing-2 << "Content-Length:316[\r][\n]"
08-15-2018 18:17:43 Wire.java DEBUG [Forwarding clickElement on session 157f7deaf4458e539c1c340fc0975aa2 to remote] http.wire 72 - http-outgoing-2 << "Content-Type:application/json; charset=utf-8[\r][\n]"
08-15-2018 18:17:43 Wire.java DEBUG [Forwarding clickElement on session 157f7deaf4458e539c1c340fc0975aa2 to remote] http.wire 72 - http-outgoing-2 << "[\r][\n]"
08-15-2018 18:17:43 Wire.java DEBUG [Forwarding clickElement on session 157f7deaf4458e539c1c340fc0975aa2 to remote] http.wire 86 - http-outgoing-2 << "{"sessionId":"157f7deaf4458e539c1c340fc0975aa2","status":10,"value":{"message":"stale element reference: element is not attached to the page document\n  (Session info: chrome=68.0.3440.106)\n  (Driver info: chromedriver=2.41.578737 (49da6702b16031c40d63e5618de03a32ff6c197e),platform=Windows NT 10.0.17134 x86_64)"}}"
08-15-2018 18:17:43 LoggingManagedHttpClientConnection.java DEBUG [Forwarding clickElement on session 157f7deaf4458e539c1c340fc0975aa2 to remote] http.headers 124 - http-outgoing-2 << HTTP/1.1 200 OK
08-15-2018 18:17:43 LoggingManagedHttpClientConnection.java DEBUG [Forwarding clickElement on session 157f7deaf4458e539c1c340fc0975aa2 to remote] http.headers 127 - http-outgoing-2 << Content-Length:316
08-15-2018 18:17:43 LoggingManagedHttpClientConnection.java DEBUG [Forwarding clickElement on session 157f7deaf4458e539c1c340fc0975aa2 to remote] http.headers 127 - http-outgoing-2 << Content-Type:application/json; charset=utf-8
08-15-2018 18:17:43 MainClientExec.java DEBUG [Forwarding clickElement on session 157f7deaf4458e539c1c340fc0975aa2 to remote] execchain.MainClientExec 284 - Connection can be kept alive indefinitely
08-15-2018 18:17:43 PoolingHttpClientConnectionManager.java DEBUG [Forwarding clickElement on session 157f7deaf4458e539c1c340fc0975aa2 to remote] conn.PoolingHttpClientConnectionManager 314 - Connection [id: 2][route: {}->http://localhost:7334] can be kept alive indefinitely
08-15-2018 18:17:43 PoolingHttpClientConnectionManager.java DEBUG [Forwarding clickElement on session 157f7deaf4458e539c1c340fc0975aa2 to remote] conn.PoolingHttpClientConnectionManager 320 - Connection released: [id: 2][route: {}->http://localhost:7334][total kept alive: 3; route allocated: 2 of 2000; total allocated: 3 of 2000]
]]></system-out>
    <system-err><![CDATA[Starting ChromeDriver 2.41.578737 (49da6702b16031c40d63e5618de03a32ff6c197e) on port 7334
Only local connections are allowed.
Starting ChromeDriver 2.41.578737 (49da6702b16031c40d63e5618de03a32ff6c197e) on port 27930
Only local connections are allowed.
]]></system-err>
  </testcase>
  <testcase name="Homepage" classname="project.HomePageTest" time="0">
    <skipped/>
  </testcase>
  <testcase name="close" classname="project.HomePageTest" time="0">
    <skipped/>
  </testcase>
  <testcase name="login" classname="project.LoginPageTest" time="10.025">
    <failure type="java.lang.NullPointerException">java.lang.NullPointerException
	at project.LoginPageTest.login(LoginPageTest.java:31)
</failure>
    <system-out><![CDATA[08-15-2018 18:17:48 RequestAddCookies.java DEBUG [Forwarding findElement on session 157f7deaf4458e539c1c340fc0975aa2 to remote] protocol.RequestAddCookies 122 - CookieSpec selected: default
08-15-2018 18:17:48 RequestAuthCache.java DEBUG [Forwarding findElement on session 157f7deaf4458e539c1c340fc0975aa2 to remote] protocol.RequestAuthCache 76 - Auth cache not set in the context
08-15-2018 18:17:48 PoolingHttpClientConnectionManager.java DEBUG [Forwarding findElement on session 157f7deaf4458e539c1c340fc0975aa2 to remote] conn.PoolingHttpClientConnectionManager 249 - Connection request: [route: {}->http://localhost:7334][total kept alive: 3; route allocated: 2 of 2000; total allocated: 3 of 2000]
08-15-2018 18:17:48 Wire.java DEBUG [Forwarding findElement on session 157f7deaf4458e539c1c340fc0975aa2 to remote] http.wire 86 - http-outgoing-2 << "[read] I/O error: Read timed out"
08-15-2018 18:17:48 PoolingHttpClientConnectionManager.java DEBUG [Forwarding findElement on session 157f7deaf4458e539c1c340fc0975aa2 to remote] conn.PoolingHttpClientConnectionManager 282 - Connection leased: [id: 2][route: {}->http://localhost:7334][total kept alive: 2; route allocated: 2 of 2000; total allocated: 3 of 2000]
08-15-2018 18:17:48 MainClientExec.java DEBUG [Forwarding findElement on session 157f7deaf4458e539c1c340fc0975aa2 to remote] execchain.MainClientExec 207 - Stale connection check
08-15-2018 18:17:48 Wire.java DEBUG [Forwarding findElement on session 157f7deaf4458e539c1c340fc0975aa2 to remote] http.wire 86 - http-outgoing-2 << "[read] I/O error: Read timed out"
08-15-2018 18:17:48 LoggingManagedHttpClientConnection.java DEBUG [Forwarding findElement on session 157f7deaf4458e539c1c340fc0975aa2 to remote] conn.DefaultManagedHttpClientConnection 90 - http-outgoing-2: set socket timeout to 10800000
08-15-2018 18:17:48 MainClientExec.java DEBUG [Forwarding findElement on session 157f7deaf4458e539c1c340fc0975aa2 to remote] execchain.MainClientExec 255 - Executing request POST /session/157f7deaf4458e539c1c340fc0975aa2/element HTTP/1.1
08-15-2018 18:17:48 MainClientExec.java DEBUG [Forwarding findElement on session 157f7deaf4458e539c1c340fc0975aa2 to remote] execchain.MainClientExec 260 - Target auth state: UNCHALLENGED
08-15-2018 18:17:48 MainClientExec.java DEBUG [Forwarding findElement on session 157f7deaf4458e539c1c340fc0975aa2 to remote] execchain.MainClientExec 266 - Proxy auth state: UNCHALLENGED
08-15-2018 18:17:48 LoggingManagedHttpClientConnection.java DEBUG [Forwarding findElement on session 157f7deaf4458e539c1c340fc0975aa2 to remote] http.headers 135 - http-outgoing-2 >> POST /session/157f7deaf4458e539c1c340fc0975aa2/element HTTP/1.1
08-15-2018 18:17:48 LoggingManagedHttpClientConnection.java DEBUG [Forwarding findElement on session 157f7deaf4458e539c1c340fc0975aa2 to remote] http.headers 138 - http-outgoing-2 >> Content-Type: application/json; charset=utf-8
08-15-2018 18:17:48 LoggingManagedHttpClientConnection.java DEBUG [Forwarding findElement on session 157f7deaf4458e539c1c340fc0975aa2 to remote] http.headers 138 - http-outgoing-2 >> Content-Length: 64
08-15-2018 18:17:48 LoggingManagedHttpClientConnection.java DEBUG [Forwarding findElement on session 157f7deaf4458e539c1c340fc0975aa2 to remote] http.headers 138 - http-outgoing-2 >> Host: localhost:7334
08-15-2018 18:17:48 LoggingManagedHttpClientConnection.java DEBUG [Forwarding findElement on session 157f7deaf4458e539c1c340fc0975aa2 to remote] http.headers 138 - http-outgoing-2 >> Connection: Keep-Alive
08-15-2018 18:17:48 LoggingManagedHttpClientConnection.java DEBUG [Forwarding findElement on session 157f7deaf4458e539c1c340fc0975aa2 to remote] http.headers 138 - http-outgoing-2 >> User-Agent: Apache-HttpClient/4.5.1 (Java/1.8.0_131)
08-15-2018 18:17:48 LoggingManagedHttpClientConnection.java DEBUG [Forwarding findElement on session 157f7deaf4458e539c1c340fc0975aa2 to remote] http.headers 138 - http-outgoing-2 >> Accept-Encoding: gzip,deflate
08-15-2018 18:17:48 Wire.java DEBUG [Forwarding findElement on session 157f7deaf4458e539c1c340fc0975aa2 to remote] http.wire 72 - http-outgoing-2 >> "POST /session/157f7deaf4458e539c1c340fc0975aa2/element HTTP/1.1[\r][\n]"
08-15-2018 18:17:48 Wire.java DEBUG [Forwarding findElement on session 157f7deaf4458e539c1c340fc0975aa2 to remote] http.wire 72 - http-outgoing-2 >> "Content-Type: application/json; charset=utf-8[\r][\n]"
08-15-2018 18:17:48 Wire.java DEBUG [Forwarding findElement on session 157f7deaf4458e539c1c340fc0975aa2 to remote] http.wire 72 - http-outgoing-2 >> "Content-Length: 64[\r][\n]"
08-15-2018 18:17:48 Wire.java DEBUG [Forwarding findElement on session 157f7deaf4458e539c1c340fc0975aa2 to remote] http.wire 72 - http-outgoing-2 >> "Host: localhost:7334[\r][\n]"
08-15-2018 18:17:48 Wire.java DEBUG [Forwarding findElement on session 157f7deaf4458e539c1c340fc0975aa2 to remote] http.wire 72 - http-outgoing-2 >> "Connection: Keep-Alive[\r][\n]"
08-15-2018 18:17:48 Wire.java DEBUG [Forwarding findElement on session 157f7deaf4458e539c1c340fc0975aa2 to remote] http.wire 72 - http-outgoing-2 >> "User-Agent: Apache-HttpClient/4.5.1 (Java/1.8.0_131)[\r][\n]"
08-15-2018 18:17:48 Wire.java DEBUG [Forwarding findElement on session 157f7deaf4458e539c1c340fc0975aa2 to remote] http.wire 72 - http-outgoing-2 >> "Accept-Encoding: gzip,deflate[\r][\n]"
08-15-2018 18:17:48 Wire.java DEBUG [Forwarding findElement on session 157f7deaf4458e539c1c340fc0975aa2 to remote] http.wire 72 - http-outgoing-2 >> "[\r][\n]"
08-15-2018 18:17:48 Wire.java DEBUG [Forwarding findElement on session 157f7deaf4458e539c1c340fc0975aa2 to remote] http.wire 86 - http-outgoing-2 >> "{"using":"xpath","value":"//frame[contains(@name,'mainpanel')]"}"
08-15-2018 18:17:53 Wire.java DEBUG [Forwarding findElement on session 157f7deaf4458e539c1c340fc0975aa2 to remote] http.wire 72 - http-outgoing-2 << "HTTP/1.1 200 OK[\r][\n]"
08-15-2018 18:17:53 Wire.java DEBUG [Forwarding findElement on session 157f7deaf4458e539c1c340fc0975aa2 to remote] http.wire 72 - http-outgoing-2 << "Content-Length:72[\r][\n]"
08-15-2018 18:17:53 Wire.java DEBUG [Forwarding findElement on session 157f7deaf4458e539c1c340fc0975aa2 to remote] http.wire 72 - http-outgoing-2 << "Content-Type:application/json; charset=utf-8[\r][\n]"
08-15-2018 18:17:53 Wire.java DEBUG [Forwarding findElement on session 157f7deaf4458e539c1c340fc0975aa2 to remote] http.wire 72 - http-outgoing-2 << "[\r][\n]"
08-15-2018 18:17:53 Wire.java DEBUG [Forwarding findElement on session 157f7deaf4458e539c1c340fc0975aa2 to remote] http.wire 86 - http-outgoing-2 << "{"sessionId":"157f7deaf4458e539c1c340fc0975aa2","status":0,"value":null}"
08-15-2018 18:17:53 LoggingManagedHttpClientConnection.java DEBUG [Forwarding findElement on session 157f7deaf4458e539c1c340fc0975aa2 to remote] http.headers 124 - http-outgoing-2 << HTTP/1.1 200 OK
08-15-2018 18:17:53 LoggingManagedHttpClientConnection.java DEBUG [Forwarding findElement on session 157f7deaf4458e539c1c340fc0975aa2 to remote] http.headers 127 - http-outgoing-2 << Content-Length:72
08-15-2018 18:17:53 LoggingManagedHttpClientConnection.java DEBUG [Forwarding findElement on session 157f7deaf4458e539c1c340fc0975aa2 to remote] http.headers 127 - http-outgoing-2 << Content-Type:application/json; charset=utf-8
08-15-2018 18:17:53 MainClientExec.java DEBUG [Forwarding findElement on session 157f7deaf4458e539c1c340fc0975aa2 to remote] execchain.MainClientExec 284 - Connection can be kept alive indefinitely
08-15-2018 18:17:53 PoolingHttpClientConnectionManager.java DEBUG [Forwarding findElement on session 157f7deaf4458e539c1c340fc0975aa2 to remote] conn.PoolingHttpClientConnectionManager 314 - Connection [id: 2][route: {}->http://localhost:7334] can be kept alive indefinitely
08-15-2018 18:17:53 PoolingHttpClientConnectionManager.java DEBUG [Forwarding findElement on session 157f7deaf4458e539c1c340fc0975aa2 to remote] conn.PoolingHttpClientConnectionManager 320 - Connection released: [id: 2][route: {}->http://localhost:7334][total kept alive: 3; route allocated: 2 of 2000; total allocated: 3 of 2000]
]]></system-out>
  </testcase>
  <testcase name="close" classname="project.LoginPageTest" time="10.295">
    <failure message="chrome not reachable&#10;  (Session info: chrome=68.0.3440.106)&#10;  (Driver info: chromedriver=2.41.578737 (49da6702b16031c40d63e5618de03a32ff6c197e),platform=Windows NT 10.0.17134 x86_64) (WARNING: The server did not provide any stacktrace information)&#10;Command duration or timeout: 247 milliseconds&#10;Build info: version: &apos;2.53.0&apos;, revision: &apos;35ae25b1534ae328c771e0856c93e187490ca824&apos;, time: &apos;2016-03-15 10:43:46&apos;&#10;System info: host: &apos;Satyam&apos;, ip: &apos;192.168.0.103&apos;, os.name: &apos;Windows 10&apos;, os.arch: &apos;amd64&apos;, os.version: &apos;10.0&apos;, java.version: &apos;1.8.0_131&apos;&#10;Driver info: org.openqa.selenium.chrome.ChromeDriver&#10;Capabilities [{mobileEmulationEnabled=false, hasTouchScreen=false, platform=XP, acceptSslCerts=false, goog:chromeOptions={debuggerAddress=localhost:51278}, acceptInsecureCerts=false, webStorageEnabled=true, browserName=chrome, takesScreenshot=true, javascriptEnabled=true, setWindowRect=true, unexpectedAlertBehaviour=, applicationCacheEnabled=false, rotatable=false, networkConnectionEnabled=false, chrome={chromedriverVersion=2.41.578737 (49da6702b16031c40d63e5618de03a32ff6c197e), userDataDir=C:\Users\SATYA~1.SAT\AppData\Local\Temp\scoped_dir21856_6493}, takesHeapSnapshot=true, pageLoadStrategy=normal, databaseEnabled=false, handlesAlerts=true, version=68.0.3440.106, browserConnectionEnabled=false, nativeEvents=true, locationContextEnabled=true, cssSelectorsEnabled=true}]&#10;Session ID: 157f7deaf4458e539c1c340fc0975aa2" type="org.openqa.selenium.WebDriverException">org.openqa.selenium.WebDriverException: 
chrome not reachable
  (Session info: chrome=68.0.3440.106)
  (Driver info: chromedriver=2.41.578737 (49da6702b16031c40d63e5618de03a32ff6c197e),platform=Windows NT 10.0.17134 x86_64) (WARNING: The server did not provide any stacktrace information)
Command duration or timeout: 247 milliseconds
Build info: version: '2.53.0', revision: '35ae25b1534ae328c771e0856c93e187490ca824', time: '2016-03-15 10:43:46'
System info: host: 'Satyam', ip: '192.168.0.103', os.name: 'Windows 10', os.arch: 'amd64', os.version: '10.0', java.version: '1.8.0_131'
Driver info: org.openqa.selenium.chrome.ChromeDriver
Capabilities [{mobileEmulationEnabled=false, hasTouchScreen=false, platform=XP, acceptSslCerts=false, goog:chromeOptions={debuggerAddress=localhost:51278}, acceptInsecureCerts=false, webStorageEnabled=true, browserName=chrome, takesScreenshot=true, javascriptEnabled=true, setWindowRect=true, unexpectedAlertBehaviour=, applicationCacheEnabled=false, rotatable=false, networkConnectionEnabled=false, chrome={chromedriverVersion=2.41.578737 (49da6702b16031c40d63e5618de03a32ff6c197e), userDataDir=C:\Users\SATYA~1.SAT\AppData\Local\Temp\scoped_dir21856_6493}, takesHeapSnapshot=true, pageLoadStrategy=normal, databaseEnabled=false, handlesAlerts=true, version=68.0.3440.106, browserConnectionEnabled=false, nativeEvents=true, locationContextEnabled=true, cssSelectorsEnabled=true}]
Session ID: 157f7deaf4458e539c1c340fc0975aa2
	at project.LoginPageTest.close(LoginPageTest.java:38)
</failure>
    <system-out><![CDATA[08-15-2018 18:17:53 RequestAddCookies.java DEBUG [Forwarding close on session 157f7deaf4458e539c1c340fc0975aa2 to remote] protocol.RequestAddCookies 122 - CookieSpec selected: default
08-15-2018 18:17:53 RequestAuthCache.java DEBUG [Forwarding close on session 157f7deaf4458e539c1c340fc0975aa2 to remote] protocol.RequestAuthCache 76 - Auth cache not set in the context
08-15-2018 18:17:53 PoolingHttpClientConnectionManager.java DEBUG [Forwarding close on session 157f7deaf4458e539c1c340fc0975aa2 to remote] conn.PoolingHttpClientConnectionManager 249 - Connection request: [route: {}->http://localhost:7334][total kept alive: 3; route allocated: 2 of 2000; total allocated: 3 of 2000]
08-15-2018 18:17:53 PoolingHttpClientConnectionManager.java DEBUG [Forwarding close on session 157f7deaf4458e539c1c340fc0975aa2 to remote] conn.PoolingHttpClientConnectionManager 282 - Connection leased: [id: 2][route: {}->http://localhost:7334][total kept alive: 2; route allocated: 2 of 2000; total allocated: 3 of 2000]
08-15-2018 18:17:53 MainClientExec.java DEBUG [Forwarding close on session 157f7deaf4458e539c1c340fc0975aa2 to remote] execchain.MainClientExec 207 - Stale connection check
08-15-2018 18:17:53 Wire.java DEBUG [Forwarding close on session 157f7deaf4458e539c1c340fc0975aa2 to remote] http.wire 86 - http-outgoing-2 << "[read] I/O error: Read timed out"
08-15-2018 18:17:53 LoggingManagedHttpClientConnection.java DEBUG [Forwarding close on session 157f7deaf4458e539c1c340fc0975aa2 to remote] conn.DefaultManagedHttpClientConnection 90 - http-outgoing-2: set socket timeout to 10800000
08-15-2018 18:17:53 MainClientExec.java DEBUG [Forwarding close on session 157f7deaf4458e539c1c340fc0975aa2 to remote] execchain.MainClientExec 255 - Executing request DELETE /session/157f7deaf4458e539c1c340fc0975aa2/window HTTP/1.1
08-15-2018 18:17:53 MainClientExec.java DEBUG [Forwarding close on session 157f7deaf4458e539c1c340fc0975aa2 to remote] execchain.MainClientExec 260 - Target auth state: UNCHALLENGED
08-15-2018 18:17:53 MainClientExec.java DEBUG [Forwarding close on session 157f7deaf4458e539c1c340fc0975aa2 to remote] execchain.MainClientExec 266 - Proxy auth state: UNCHALLENGED
08-15-2018 18:17:53 LoggingManagedHttpClientConnection.java DEBUG [Forwarding close on session 157f7deaf4458e539c1c340fc0975aa2 to remote] http.headers 135 - http-outgoing-2 >> DELETE /session/157f7deaf4458e539c1c340fc0975aa2/window HTTP/1.1
08-15-2018 18:17:53 LoggingManagedHttpClientConnection.java DEBUG [Forwarding close on session 157f7deaf4458e539c1c340fc0975aa2 to remote] http.headers 138 - http-outgoing-2 >> Host: localhost:7334
08-15-2018 18:17:53 LoggingManagedHttpClientConnection.java DEBUG [Forwarding close on session 157f7deaf4458e539c1c340fc0975aa2 to remote] http.headers 138 - http-outgoing-2 >> Connection: Keep-Alive
08-15-2018 18:17:53 LoggingManagedHttpClientConnection.java DEBUG [Forwarding close on session 157f7deaf4458e539c1c340fc0975aa2 to remote] http.headers 138 - http-outgoing-2 >> User-Agent: Apache-HttpClient/4.5.1 (Java/1.8.0_131)
08-15-2018 18:17:53 LoggingManagedHttpClientConnection.java DEBUG [Forwarding close on session 157f7deaf4458e539c1c340fc0975aa2 to remote] http.headers 138 - http-outgoing-2 >> Accept-Encoding: gzip,deflate
08-15-2018 18:17:53 Wire.java DEBUG [Forwarding close on session 157f7deaf4458e539c1c340fc0975aa2 to remote] http.wire 72 - http-outgoing-2 >> "DELETE /session/157f7deaf4458e539c1c340fc0975aa2/window HTTP/1.1[\r][\n]"
08-15-2018 18:17:53 Wire.java DEBUG [Forwarding close on session 157f7deaf4458e539c1c340fc0975aa2 to remote] http.wire 72 - http-outgoing-2 >> "Host: localhost:7334[\r][\n]"
08-15-2018 18:17:53 Wire.java DEBUG [Forwarding close on session 157f7deaf4458e539c1c340fc0975aa2 to remote] http.wire 72 - http-outgoing-2 >> "Connection: Keep-Alive[\r][\n]"
08-15-2018 18:17:53 Wire.java DEBUG [Forwarding close on session 157f7deaf4458e539c1c340fc0975aa2 to remote] http.wire 72 - http-outgoing-2 >> "User-Agent: Apache-HttpClient/4.5.1 (Java/1.8.0_131)[\r][\n]"
08-15-2018 18:17:53 Wire.java DEBUG [Forwarding close on session 157f7deaf4458e539c1c340fc0975aa2 to remote] http.wire 72 - http-outgoing-2 >> "Accept-Encoding: gzip,deflate[\r][\n]"
08-15-2018 18:17:53 Wire.java DEBUG [Forwarding close on session 157f7deaf4458e539c1c340fc0975aa2 to remote] http.wire 72 - http-outgoing-2 >> "[\r][\n]"
08-15-2018 18:17:53 Wire.java DEBUG [Forwarding close on session 157f7deaf4458e539c1c340fc0975aa2 to remote] http.wire 72 - http-outgoing-2 << "HTTP/1.1 200 OK[\r][\n]"
08-15-2018 18:17:53 Wire.java DEBUG [Forwarding close on session 157f7deaf4458e539c1c340fc0975aa2 to remote] http.wire 72 - http-outgoing-2 << "Content-Length:268[\r][\n]"
08-15-2018 18:17:53 Wire.java DEBUG [Forwarding close on session 157f7deaf4458e539c1c340fc0975aa2 to remote] http.wire 72 - http-outgoing-2 << "Content-Type:application/json; charset=utf-8[\r][\n]"
08-15-2018 18:17:53 Wire.java DEBUG [Forwarding close on session 157f7deaf4458e539c1c340fc0975aa2 to remote] http.wire 72 - http-outgoing-2 << "[\r][\n]"
08-15-2018 18:17:53 Wire.java DEBUG [Forwarding close on session 157f7deaf4458e539c1c340fc0975aa2 to remote] http.wire 86 - http-outgoing-2 << "{"sessionId":"157f7deaf4458e539c1c340fc0975aa2","status":100,"value":{"message":"chrome not reachable\n  (Session info: chrome=68.0.3440.106)\n  (Driver info: chromedriver=2.41.578737 (49da6702b16031c40d63e5618de03a32ff6c197e),platform=Windows NT 10.0.17134 x86_64)"}}"
08-15-2018 18:17:53 LoggingManagedHttpClientConnection.java DEBUG [Forwarding close on session 157f7deaf4458e539c1c340fc0975aa2 to remote] http.headers 124 - http-outgoing-2 << HTTP/1.1 200 OK
08-15-2018 18:17:53 LoggingManagedHttpClientConnection.java DEBUG [Forwarding close on session 157f7deaf4458e539c1c340fc0975aa2 to remote] http.headers 127 - http-outgoing-2 << Content-Length:268
08-15-2018 18:17:53 LoggingManagedHttpClientConnection.java DEBUG [Forwarding close on session 157f7deaf4458e539c1c340fc0975aa2 to remote] http.headers 127 - http-outgoing-2 << Content-Type:application/json; charset=utf-8
08-15-2018 18:17:53 MainClientExec.java DEBUG [Forwarding close on session 157f7deaf4458e539c1c340fc0975aa2 to remote] execchain.MainClientExec 284 - Connection can be kept alive indefinitely
08-15-2018 18:17:53 PoolingHttpClientConnectionManager.java DEBUG [Forwarding close on session 157f7deaf4458e539c1c340fc0975aa2 to remote] conn.PoolingHttpClientConnectionManager 314 - Connection [id: 2][route: {}->http://localhost:7334] can be kept alive indefinitely
08-15-2018 18:17:53 PoolingHttpClientConnectionManager.java DEBUG [Forwarding close on session 157f7deaf4458e539c1c340fc0975aa2 to remote] conn.PoolingHttpClientConnectionManager 320 - Connection released: [id: 2][route: {}->http://localhost:7334][total kept alive: 3; route allocated: 2 of 2000; total allocated: 3 of 2000]
]]></system-out>
  </testcase>
</testsuite>