<?xml version="1.0" encoding="UTF-8"?>
<!-- Generated by org.testng.reporters.JUnitReportReporter -->
<testsuite hostname="Satyam" name="project.AppTest" tests="1" failures="0" timestamp="5 Aug 2018 18:02:07 GMT" time="14.825" errors="0">
  <testcase name="test" time="14.825" classname="project.AppTest"/>
</testsuite> <!-- project.AppTest -->
