<?xml version="1.0" encoding="UTF-8"?>
<!-- Generated by org.testng.reporters.JUnitReportReporter -->
<testsuite hostname="Satyam" name="project.App" tests="1" failures="0" timestamp="5 Aug 2018 04:34:59 GMT" time="32.605" errors="0">
  <testcase name="test" time="32.605" classname="project.App"/>
</testsuite> <!-- project.App -->
