<?xml version="1.0" encoding="UTF-8"?>
<!-- Generated by org.testng.reporters.JUnitReportReporter -->
<testsuite hostname="Satyam" name="baseClass.Base" tests="1" failures="0" timestamp="5 Aug 2018 17:40:10 GMT" time="10.161" errors="0">
  <testcase name="initialisation" time="10.161" classname="baseClass.Base"/>
</testsuite> <!-- baseClass.Base -->
