<?xml version="1.0" encoding="UTF-8"?>
<!-- Generated by org.testng.reporters.JUnitReportReporter -->
<testsuite hostname="Satyam" name="project.AppTest" tests="2" failures="0" timestamp="5 Aug 2018 12:06:55 GMT" time="28.814" errors="0">
  <testcase name="cts" time="11.985" classname="project.AppTest"/>
  <testcase name="test" time="16.829" classname="project.AppTest"/>
</testsuite> <!-- project.AppTest -->
